./SWBD21/version.conf.sig
./SWBD21/swbd23-prom-4.6.6-1.ppc.rpm.sig
./SWBD21/kernel-2.6.14.2-789442718.ppc.rpm.sig
./SWBD21/kernel-debug-2.6.14.2-789442718.ppc.rpm.sig
./SWBD21/kernel-xfs-2.6.14.2-789442718.ppc.rpm.sig
./SWBD21/kernel-xfs-debug-2.6.14.2-789442718.ppc.rpm.sig
./SWBD21/apache-1.3.31-10.ppc.rpm.sig
./SWBD21/autofs-3.1.7-4.ppc.rpm.sig
./SWBD21/bash-2.04-8.ppc.rpm.sig
./SWBD21/binutils-2.16.1-3.ppc.rpm.sig
./SWBD21/binutils-libs-2.16.1-3.ppc.rpm.sig
./SWBD21/bzip-1.0.1-4.ppc.rpm.sig
./SWBD21/cpio-2.4.2-4.ppc.rpm.sig
./SWBD21/dmalloc-4.6.0-5.ppc.rpm.sig
./SWBD21/diffutils-2.7-4.ppc.rpm.sig
./SWBD21/dir-1.0.4-5.ppc.rpm.sig
./SWBD21/dev-1.4.0-2.ppc.rpm.sig
./SWBD21/e2fsprogs-1.38-5.ppc.rpm.sig
./SWBD21/fileutils-4.0-4.ppc.rpm.sig
./SWBD21/findutils-4.1-4.ppc.rpm.sig
./SWBD21/ftp-0.17-4.ppc.rpm.sig
./SWBD21/getty-2.0.7j-8.ppc.rpm.sig
./SWBD21/glibc-2.3.6-7.ppc.rpm.sig
./SWBD21/glibc-linuxthreads-2.3.6-2.ppc.rpm.sig
./SWBD21/grep-2.4.2-4.ppc.rpm.sig
./SWBD21/gzip-1.2.4a-4.ppc.rpm.sig
./SWBD21/hex-1.2-4.ppc.rpm.sig
./SWBD21/inetd-0.17-8.ppc.rpm.sig
./SWBD21/iptables-1.3-1.ppc.rpm.sig
./SWBD21/ksymoops-2.4.1-4.ppc.rpm.sig
./SWBD21/ldconfig-2.16.1-4.ppc.rpm.sig
./SWBD21/less-3.4.0-5.ppc.rpm.sig
./SWBD21/man-1.5g-7.ppc.rpm.sig
./SWBD21/ncftp-3.0.3-6.ppc.rpm.sig
./SWBD21/net-tools-1.57-6.ppc.rpm.sig
./SWBD21/netperf-2.1pl3-4.ppc.rpm.sig
./SWBD21/ntp-5.93e-4.ppc.rpm.sig
./SWBD21/oprofile-0.9.4-1.ppc.rpm.sig
./SWBD21/parted-1.4.18-4.ppc.rpm.sig
./SWBD21/pciutils-2.1.8-4.ppc.rpm.sig
./SWBD21/portmap-4.0-4.ppc.rpm.sig
./SWBD21/procps-3.3.0-3.ppc.rpm.sig
./SWBD21/psmisc-19.0.0-5.ppc.rpm.sig
./SWBD21/rdate-990821.0.0-5.ppc.rpm.sig
./SWBD21/readline-4.1-4.ppc.rpm.sig
./SWBD21/rpm-4.2-5.ppc.rpm.sig
./SWBD21/rsh-0.17-4.ppc.rpm.sig
./SWBD21/rsh-server-0.17-4.ppc.rpm.sig
./SWBD21/rusers-0.17-4.ppc.rpm.sig
./SWBD21/rusers-server-0.17-4.ppc.rpm.sig
./SWBD21/sed-3.02-4.ppc.rpm.sig
./SWBD21/sendmail-8.9-11.ppc.rpm.sig
./SWBD21/sh-utils-2.0-10.ppc.rpm.sig
./SWBD21/stat-1.0.0d-4.ppc.rpm.sig
./SWBD21/strace-4.2-4.ppc.rpm.sig
./SWBD21/sysklogd-1.4-9.ppc.rpm.sig
./SWBD21/sysvinit-2.78-9.ppc.rpm.sig
./SWBD21/tar-1.13.19-4.ppc.rpm.sig
./SWBD21/rsync-2.6.9-2.ppc.rpm.sig
./SWBD21/tcpd-7.6-4.ppc.rpm.sig
./SWBD21/tcpdump-3.6.2-4.ppc.rpm.sig
./SWBD21/telnet-0.17-7.ppc.rpm.sig
./SWBD21/telnet-server-0.17-7.ppc.rpm.sig
./SWBD21/termcap-1.3-5.ppc.rpm.sig
./SWBD21/terminfo-11.2.0-6.ppc.rpm.sig
./SWBD21/textutils-1.22-4.ppc.rpm.sig
./SWBD21/tftp-0.17-4.ppc.rpm.sig
./SWBD21/tftp-server-0.17-4.ppc.rpm.sig
./SWBD21/tz-7.11-6.ppc.rpm.sig
./SWBD21/pam-0.74-28.ppc.rpm.sig
./SWBD21/util-linux-2.12o-18.ppc.rpm.sig
./SWBD21/uucp-1.06-5.ppc.rpm.sig
./SWBD21/uuid-libs-1.22-4.ppc.rpm.sig
./SWBD21/vixie-cron-3.0.1-62_4.ppc.rpm.sig
./SWBD21/wget-1.5.3-4.ppc.rpm.sig
./SWBD21/which-2.12-4.ppc.rpm.sig
./SWBD21/wu-ftpd-2.6.1-4.ppc.rpm.sig
./SWBD21/yp-tools-2.4-4.ppc.rpm.sig
./SWBD21/ypbind-3.3-4.ppc.rpm.sig
./SWBD21/zlib-1.1.4-5.ppc.rpm.sig
./SWBD21/misc-1.0.0-5.ppc.rpm.sig
./SWBD21/popt-1.3-4.ppc.rpm.sig
./SWBD21/logrotate-3.5.4-6.ppc.rpm.sig
./SWBD21/fastcgi-2.2-4.ppc.rpm.sig
./SWBD21/ltt-0.9.5a-4.ppc.rpm.sig
./SWBD21/iproute2-2.4-10.ppc.rpm.sig
./SWBD21/libxml2-2.6.30-1.ppc.rpm.sig
./SWBD21/sysstat-5.0.4-8.ppc.rpm.sig
./SWBD21/sqlite-3.2.1-4.ppc.rpm.sig
./SWBD21/dhcpcd-1.3-4.ppc.rpm.sig
./SWBD21/wdtd-1.0.0-5.ppc.rpm.sig
./SWBD21/modutils-3.1-9.ppc.rpm.sig
./SWBD21/ipv6-1.2-8.ppc.rpm.sig
./SWBD21/awk-3.1.0-4.ppc.rpm.sig
./SWBD21/nfs-utils-1.0-5.ppc.rpm.sig
./SWBD21/traceroute-1.4a12-12.ppc.rpm.sig
./SWBD21/ipsec-1.0-1.ppc.rpm.sig
./SWBD21/curl-7.19.5-1.ppc.rpm.sig
./SWBD21/tftp-hpa-0.40-1.ppc.rpm.sig
./SWBD21/bootp-2.4.3-1.ppc.rpm.sig
./SWBD21/pcsc-lite-1.5-3.ppc.rpm.sig
./SWBD21/xercesc-2.8.0-1.ppc.rpm.sig
./SWBD21/fabos-6.3.0d-10.ppc.rpm.sig
./SWBD21/fabos-daemons-6.3.0d-3.ppc.rpm.sig
./SWBD21/fabos-debug-6.3.0d-6.ppc.rpm.sig
./SWBD21/fabos-diag-6.3.0d-13.ppc.rpm.sig
./SWBD21/fabos-newdiag-6.3.0d-13.ppc.rpm.sig
./SWBD21/fabos-drivers-6.3.0d-11.ppc.rpm.sig
./SWBD21/fabos-fw-6.3.0d-10.ppc.rpm.sig
./SWBD21/fabos-hmon-6.3.0d-10.ppc.rpm.sig
./SWBD21/fabos-libs-6.3.0d-11.ppc.rpm.sig
./SWBD21/fabos-man-6.3.0d-13.ppc.rpm.sig
./SWBD21/fabos-quickloop-6.3.0d-10.ppc.rpm.sig
./SWBD21/fabos-setup-6.3.0d-15.ppc.rpm.sig
./SWBD21/fabos-webtools-6.3.0d-11.ppc.rpm.sig
./SWBD21/fabos-webtoolsez-6.3.0d-3.ppc.rpm.sig
./SWBD21/fabos-wwnhs-6.3.0d-10.ppc.rpm.sig
./SWBD21/fabos-zoning-6.3.0d-10.ppc.rpm.sig
./SWBD21/nfdiag-6.3.0d-3.ppc.rpm.sig
./SWBD21/bootenv-1.0.2-7.ppc.rpm.sig
./SWBD21/chkconfig-1.0.0-7.ppc.rpm.sig
./SWBD21/fwdl-6.3.0d-45.ppc.rpm.sig
./SWBD21/sin-1.1.0-6.ppc.rpm.sig
./SWBD21/mtracer-tool-2.4.19-13.ppc.rpm.sig
./SWBD21/rcinit-1.1.4-9.ppc.rpm.sig
./SWBD21/setup-6.3.0d-27.ppc.rpm.sig
./SWBD21/openssh-3.5p1-9.ppc.rpm.sig
./SWBD21/openssh-server-3.5p1-9.ppc.rpm.sig
./SWBD21/openssl-0.9.8-2.ppc.rpm.sig
./SWBD21/openssl-libs-0.9.8-2.ppc.rpm.sig
./SWBD21/fss-6.3.0d-11.ppc.rpm.sig
./SWBD21/eccrepd-6.3.0d-10.ppc.rpm.sig
./SWBD21/swbd21-drivers-2.4.19-4.ppc.rpm.sig
./SWBD21/fabos-swbd32-6.3.0d-10.ppc.rpm.sig
./SWBD21/fabos-swbd44-6.3.0d-3.ppc.rpm.sig
./SWBD21/fabos-swbd58-6.3.0d-3.ppc.rpm.sig
./SWBD21/fabos-swbd70-6.3.0d-10.ppc.rpm.sig
./SWBD21/swbd12-setup-1.3.4-4.ppc.rpm.sig
./SWBD21/kernel-module-ipsec-2.6.14.2-789442718.ppc.rpm.sig
./SWBD21/gcov-1.1.0-5.ppc.rpm.sig
./SWBD21/sbin/blockcheck.sig
./SWBD21/bpmac.sig
./SWBD32/preinst.sig
./SWBD32/prefwdl.sig
./SWBD32/ending_instructions.sig
./SWBD32/group.sig
./SWBD32/install.sig
./SWBD32/release.plist.sig
./SWBD32/v6.3.0d.sig
./SWBD32/development.plist.sig
./SWBD32/nfdiag.plist.sig
./SWBD32/release.xml.sig
./SWBD32/tar_file_list.sig
./SWBD44/preinst.sig
./SWBD44/prefwdl.sig
./SWBD44/ending_instructions.sig
./SWBD44/group.sig
./SWBD44/release.plist.sig
./SWBD44/v6.3.0d.sig
./SWBD44/development.plist.sig
./SWBD44/nfdiag.plist.sig
./SWBD44/release.xml.sig
./SWBD44/tar_file_list.sig
./SWBD58/preinst.sig
./SWBD58/prefwdl.sig
./SWBD58/ending_instructions.sig
./SWBD58/group.sig
./SWBD58/install.sig
./SWBD58/release.plist.sig
./SWBD58/v6.3.0d.sig
./SWBD58/development.plist.sig
./SWBD58/nfdiag.plist.sig
./SWBD58/release.xml.sig
./SWBD58/tar_file_list.sig
./SWBD70/preinst.sig
./SWBD70/prefwdl.sig
./SWBD70/ending_instructions.sig
./SWBD70/group.sig
./SWBD70/install.sig
./SWBD70/release.plist.sig
./SWBD70/v6.3.0d.sig
./SWBD70/development.plist.sig
./SWBD70/nfdiag.plist.sig
./SWBD70/release.xml.sig
./SWBD70/tar_file_list.sig
./install.sig
./install_verify.sig
./sbin/create_release_file.sig
./platform_names.sig
./app_names.sig
./pubkey.pem.sig
./SWBD42/version.conf.sig
./SWBD42/swbd23-prom-4.6.6-1.ppc.rpm.sig
./SWBD42/kernel-2.6.14.2-3288389523.ppc.rpm.sig
./SWBD42/kernel-debug-2.6.14.2-3288389523.ppc.rpm.sig
./SWBD42/apache-1.3.31-10.ppc.rpm.sig
./SWBD42/autofs-3.1.7-4.ppc.rpm.sig
./SWBD42/bash-2.04-8.ppc.rpm.sig
./SWBD42/binutils-2.16.1-3.ppc.rpm.sig
./SWBD42/binutils-libs-2.16.1-3.ppc.rpm.sig
./SWBD42/bzip-1.0.1-4.ppc.rpm.sig
./SWBD42/cpio-2.4.2-4.ppc.rpm.sig
./SWBD42/dmalloc-4.6.0-5.ppc.rpm.sig
./SWBD42/diffutils-2.7-4.ppc.rpm.sig
./SWBD42/dir-1.0.4-5.ppc.rpm.sig
./SWBD42/dev-1.4.0-2.ppc.rpm.sig
./SWBD42/e2fsprogs-1.38-5.ppc.rpm.sig
./SWBD42/fileutils-4.0-4.ppc.rpm.sig
./SWBD42/findutils-4.1-4.ppc.rpm.sig
./SWBD42/ftp-0.17-4.ppc.rpm.sig
./SWBD42/getty-2.0.7j-8.ppc.rpm.sig
./SWBD42/glibc-2.3.6-7.ppc.rpm.sig
./SWBD42/glibc-linuxthreads-2.3.6-2.ppc.rpm.sig
./SWBD42/grep-2.4.2-4.ppc.rpm.sig
./SWBD42/gzip-1.2.4a-4.ppc.rpm.sig
./SWBD42/hex-1.2-4.ppc.rpm.sig
./SWBD42/inetd-0.17-8.ppc.rpm.sig
./SWBD42/iptables-1.3-1.ppc.rpm.sig
./SWBD42/ksymoops-2.4.1-4.ppc.rpm.sig
./SWBD42/ldconfig-2.16.1-4.ppc.rpm.sig
./SWBD42/less-3.4.0-5.ppc.rpm.sig
./SWBD42/man-1.5g-7.ppc.rpm.sig
./SWBD42/ncftp-3.0.3-6.ppc.rpm.sig
./SWBD42/net-tools-1.57-6.ppc.rpm.sig
./SWBD42/netperf-2.1pl3-4.ppc.rpm.sig
./SWBD42/ntp-5.93e-4.ppc.rpm.sig
./SWBD42/oprofile-0.9.4-1.ppc.rpm.sig
./SWBD42/parted-1.4.18-4.ppc.rpm.sig
./SWBD42/pciutils-2.1.8-4.ppc.rpm.sig
./SWBD42/portmap-4.0-4.ppc.rpm.sig
./SWBD42/procps-3.3.0-3.ppc.rpm.sig
./SWBD42/psmisc-19.0.0-5.ppc.rpm.sig
./SWBD42/rdate-990821.0.0-5.ppc.rpm.sig
./SWBD42/readline-4.1-4.ppc.rpm.sig
./SWBD42/rpm-4.2-5.ppc.rpm.sig
./SWBD42/rsh-0.17-4.ppc.rpm.sig
./SWBD42/rsh-server-0.17-4.ppc.rpm.sig
./SWBD42/rusers-0.17-4.ppc.rpm.sig
./SWBD42/rusers-server-0.17-4.ppc.rpm.sig
./SWBD42/sed-3.02-4.ppc.rpm.sig
./SWBD42/sendmail-8.9-11.ppc.rpm.sig
./SWBD42/sh-utils-2.0-10.ppc.rpm.sig
./SWBD42/stat-1.0.0d-4.ppc.rpm.sig
./SWBD42/strace-4.2-4.ppc.rpm.sig
./SWBD42/sysklogd-1.4-9.ppc.rpm.sig
./SWBD42/sysvinit-2.78-9.ppc.rpm.sig
./SWBD42/tar-1.13.19-4.ppc.rpm.sig
./SWBD42/rsync-2.6.9-2.ppc.rpm.sig
./SWBD42/tcpd-7.6-4.ppc.rpm.sig
./SWBD42/tcpdump-3.6.2-4.ppc.rpm.sig
./SWBD42/telnet-0.17-7.ppc.rpm.sig
./SWBD42/telnet-server-0.17-7.ppc.rpm.sig
./SWBD42/termcap-1.3-5.ppc.rpm.sig
./SWBD42/terminfo-11.2.0-6.ppc.rpm.sig
./SWBD42/textutils-1.22-4.ppc.rpm.sig
./SWBD42/tftp-0.17-4.ppc.rpm.sig
./SWBD42/tftp-server-0.17-4.ppc.rpm.sig
./SWBD42/tz-7.11-6.ppc.rpm.sig
./SWBD42/pam-0.74-28.ppc.rpm.sig
./SWBD42/util-linux-2.12o-18.ppc.rpm.sig
./SWBD42/uucp-1.06-5.ppc.rpm.sig
./SWBD42/uuid-libs-1.22-4.ppc.rpm.sig
./SWBD42/vixie-cron-3.0.1-62_4.ppc.rpm.sig
./SWBD42/wget-1.5.3-4.ppc.rpm.sig
./SWBD42/which-2.12-4.ppc.rpm.sig
./SWBD42/wu-ftpd-2.6.1-4.ppc.rpm.sig
./SWBD42/yp-tools-2.4-4.ppc.rpm.sig
./SWBD42/ypbind-3.3-4.ppc.rpm.sig
./SWBD42/zlib-1.1.4-5.ppc.rpm.sig
./SWBD42/misc-1.0.0-5.ppc.rpm.sig
./SWBD42/popt-1.3-4.ppc.rpm.sig
./SWBD42/logrotate-3.5.4-6.ppc.rpm.sig
./SWBD42/fastcgi-2.2-4.ppc.rpm.sig
./SWBD42/ltt-0.9.5a-4.ppc.rpm.sig
./SWBD42/iproute2-2.4-10.ppc.rpm.sig
./SWBD42/libxml2-2.6.30-1.ppc.rpm.sig
./SWBD42/sysstat-5.0.4-8.ppc.rpm.sig
./SWBD42/sqlite-3.2.1-4.ppc.rpm.sig
./SWBD42/dhcpcd-1.3-4.ppc.rpm.sig
./SWBD42/wdtd-1.0.0-5.ppc.rpm.sig
./SWBD42/modutils-3.1-9.ppc.rpm.sig
./SWBD42/ipv6-1.2-8.ppc.rpm.sig
./SWBD42/awk-3.1.0-4.ppc.rpm.sig
./SWBD42/nfs-utils-1.0-5.ppc.rpm.sig
./SWBD42/traceroute-1.4a12-12.ppc.rpm.sig
./SWBD42/ipsec-1.0-1.ppc.rpm.sig
./SWBD42/curl-7.19.5-1.ppc.rpm.sig
./SWBD42/tftp-hpa-0.40-1.ppc.rpm.sig
./SWBD42/bootp-2.4.3-1.ppc.rpm.sig
./SWBD42/pcsc-lite-1.5-3.ppc.rpm.sig
./SWBD42/xercesc-2.8.0-1.ppc.rpm.sig
./SWBD42/fabos-6.3.0d-10.ppc.rpm.sig
./SWBD42/fabos-daemons-6.3.0d-3.ppc.rpm.sig
./SWBD42/fabos-debug-6.3.0d-6.ppc.rpm.sig
./SWBD42/fabos-diag-6.3.0d-13.ppc.rpm.sig
./SWBD42/fabos-newdiag-6.3.0d-13.ppc.rpm.sig
./SWBD42/fabos-drivers-6.3.0d-11.ppc.rpm.sig
./SWBD42/fabos-fw-6.3.0d-10.ppc.rpm.sig
./SWBD42/fabos-hmon-6.3.0d-10.ppc.rpm.sig
./SWBD42/fabos-libs-6.3.0d-11.ppc.rpm.sig
./SWBD42/fabos-man-6.3.0d-13.ppc.rpm.sig
./SWBD42/fabos-quickloop-6.3.0d-10.ppc.rpm.sig
./SWBD42/fabos-setup-6.3.0d-15.ppc.rpm.sig
./SWBD42/fabos-webtools-6.3.0d-11.ppc.rpm.sig
./SWBD42/fabos-webtoolsez-6.3.0d-3.ppc.rpm.sig
./SWBD42/fabos-wwnhs-6.3.0d-10.ppc.rpm.sig
./SWBD42/fabos-zoning-6.3.0d-10.ppc.rpm.sig
./SWBD42/nfdiag-6.3.0d-3.ppc.rpm.sig
./SWBD42/bootenv-1.0.2-7.ppc.rpm.sig
./SWBD42/chkconfig-1.0.0-7.ppc.rpm.sig
./SWBD42/fwdl-6.3.0d-45.ppc.rpm.sig
./SWBD42/sin-1.1.0-6.ppc.rpm.sig
./SWBD42/mtracer-tool-2.4.19-13.ppc.rpm.sig
./SWBD42/rcinit-1.1.4-9.ppc.rpm.sig
./SWBD42/setup-6.3.0d-27.ppc.rpm.sig
./SWBD42/openssh-3.5p1-9.ppc.rpm.sig
./SWBD42/openssh-server-3.5p1-9.ppc.rpm.sig
./SWBD42/openssl-0.9.8-2.ppc.rpm.sig
./SWBD42/openssl-libs-0.9.8-2.ppc.rpm.sig
./SWBD42/fss-6.3.0d-11.ppc.rpm.sig
./SWBD42/eccrepd-6.3.0d-10.ppc.rpm.sig
./SWBD42/fabos-routing-6.3.0d-10.ppc.rpm.sig
./SWBD42/fabos-swbd42-6.3.0d-11.ppc.rpm.sig
./SWBD42/fabos-swbd46-6.3.0d-3.ppc.rpm.sig
./SWBD42/swbd21-setup-1.3.4-4.ppc.rpm.sig
./SWBD42/fpga-utils-6.3.0d-03.ppc.rpm.sig
./SWBD42/kernel-module-nf-2.6.14.2-3288389523.ppc.rpm.sig
./SWBD42/kernel-module-ipsec-2.6.14.2-3288389523.ppc.rpm.sig
./SWBD42/gcov-1.1.0-5.ppc.rpm.sig
./SWBD42/bpimage-swbd36-6.3.0d-1.ppc.rpm.sig
./SWBD42/bpimage-swbd47-6.3.0d-1.ppc.rpm.sig
./SWBD42/bpimage-swbd50-6.3.0d-1.ppc.rpm.sig
./SWBD42/bpimage-swbd55-6.3.0d-1.ppc.rpm.sig
./SWBD42/bpimage-swbd68-6.3.0d-1.ppc.rpm.sig
./SWBD42/preinst.sig
./SWBD42/prefwdl.sig
./SWBD42/ending_instructions.sig
./SWBD42/group.sig
./SWBD42/release.plist.sig
./SWBD42/v6.3.0d.sig
./SWBD42/development.plist.sig
./SWBD42/nfdiag.plist.sig
./SWBD42/release.xml.sig
./SWBD42/tar_file_list.sig
./SWBD42/sbin/blockcheck.sig
./SWBD42/bpimage-swbd89-6.3.0d-1.ppc.rpm.sig
./SWBD46/version.conf.sig
./SWBD46/preinst.sig
./SWBD46/prefwdl.sig
./SWBD46/ending_instructions.sig
./SWBD46/group.sig
./SWBD46/release.plist.sig
./SWBD46/v6.3.0d.sig
./SWBD46/development.plist.sig
./SWBD46/nfdiag.plist.sig
./SWBD46/release.xml.sig
./SWBD46/tar_file_list.sig
./SWBD36/version.conf.sig
./SWBD36/swbd23-prom-4.6.6-1.ppc.rpm.sig
./SWBD36/prom-1250-1.0.16-6.ppc.rpm.sig
./SWBD36/prom-1125-1.0.13-4.ppc.rpm.sig
./SWBD36/kernel-2.6.14.2-518876355.ppc.rpm.sig
./SWBD36/kernel-debug-2.6.14.2-518876355.ppc.rpm.sig
./SWBD36/apache-1.3.31-10.ppc.rpm.sig
./SWBD36/autofs-3.1.7-4.ppc.rpm.sig
./SWBD36/bash-2.04-8.ppc.rpm.sig
./SWBD36/binutils-2.16.1-3.ppc.rpm.sig
./SWBD36/binutils-libs-2.16.1-3.ppc.rpm.sig
./SWBD36/bzip-1.0.1-4.ppc.rpm.sig
./SWBD36/cpio-2.4.2-4.ppc.rpm.sig
./SWBD36/dmalloc-4.6.0-5.ppc.rpm.sig
./SWBD36/diffutils-2.7-4.ppc.rpm.sig
./SWBD36/dir-1.0.4-5.ppc.rpm.sig
./SWBD36/dev-1.4.0-2.ppc.rpm.sig
./SWBD36/e2fsprogs-1.38-5.ppc.rpm.sig
./SWBD36/fileutils-4.0-4.ppc.rpm.sig
./SWBD36/findutils-4.1-4.ppc.rpm.sig
./SWBD36/ftp-0.17-4.ppc.rpm.sig
./SWBD36/getty-2.0.7j-8.ppc.rpm.sig
./SWBD36/glibc-2.3.6-7.ppc.rpm.sig
./SWBD36/glibc-linuxthreads-2.3.6-2.ppc.rpm.sig
./SWBD36/grep-2.4.2-4.ppc.rpm.sig
./SWBD36/gzip-1.2.4a-4.ppc.rpm.sig
./SWBD36/hex-1.2-4.ppc.rpm.sig
./SWBD36/inetd-0.17-8.ppc.rpm.sig
./SWBD36/iptables-1.3-1.ppc.rpm.sig
./SWBD36/ksymoops-2.4.1-4.ppc.rpm.sig
./SWBD36/ldconfig-2.16.1-4.ppc.rpm.sig
./SWBD36/less-3.4.0-5.ppc.rpm.sig
./SWBD36/man-1.5g-7.ppc.rpm.sig
./SWBD36/ncftp-3.0.3-6.ppc.rpm.sig
./SWBD36/net-tools-1.57-6.ppc.rpm.sig
./SWBD36/netperf-2.1pl3-4.ppc.rpm.sig
./SWBD36/ntp-5.93e-4.ppc.rpm.sig
./SWBD36/oprofile-0.9.4-1.ppc.rpm.sig
./SWBD36/parted-1.4.18-4.ppc.rpm.sig
./SWBD36/pciutils-2.1.8-4.ppc.rpm.sig
./SWBD36/portmap-4.0-4.ppc.rpm.sig
./SWBD36/procps-3.3.0-3.ppc.rpm.sig
./SWBD36/psmisc-19.0.0-5.ppc.rpm.sig
./SWBD36/rdate-990821.0.0-5.ppc.rpm.sig
./SWBD36/readline-4.1-4.ppc.rpm.sig
./SWBD36/rpm-4.2-5.ppc.rpm.sig
./SWBD36/rsh-0.17-4.ppc.rpm.sig
./SWBD36/rsh-server-0.17-4.ppc.rpm.sig
./SWBD36/rusers-0.17-4.ppc.rpm.sig
./SWBD36/rusers-server-0.17-4.ppc.rpm.sig
./SWBD36/sed-3.02-4.ppc.rpm.sig
./SWBD36/sendmail-8.9-11.ppc.rpm.sig
./SWBD36/sh-utils-2.0-10.ppc.rpm.sig
./SWBD36/stat-1.0.0d-4.ppc.rpm.sig
./SWBD36/strace-4.2-4.ppc.rpm.sig
./SWBD36/sysklogd-1.4-9.ppc.rpm.sig
./SWBD36/sysvinit-2.78-9.ppc.rpm.sig
./SWBD36/tar-1.13.19-4.ppc.rpm.sig
./SWBD36/rsync-2.6.9-2.ppc.rpm.sig
./SWBD36/tcpd-7.6-4.ppc.rpm.sig
./SWBD36/tcpdump-3.6.2-4.ppc.rpm.sig
./SWBD36/telnet-0.17-7.ppc.rpm.sig
./SWBD36/telnet-server-0.17-7.ppc.rpm.sig
./SWBD36/termcap-1.3-5.ppc.rpm.sig
./SWBD36/terminfo-11.2.0-6.ppc.rpm.sig
./SWBD36/textutils-1.22-4.ppc.rpm.sig
./SWBD36/tftp-0.17-4.ppc.rpm.sig
./SWBD36/tftp-server-0.17-4.ppc.rpm.sig
./SWBD36/tz-7.11-6.ppc.rpm.sig
./SWBD36/pam-0.74-28.ppc.rpm.sig
./SWBD36/util-linux-2.12o-18.ppc.rpm.sig
./SWBD36/uucp-1.06-5.ppc.rpm.sig
./SWBD36/uuid-libs-1.22-4.ppc.rpm.sig
./SWBD36/vixie-cron-3.0.1-62_4.ppc.rpm.sig
./SWBD36/wget-1.5.3-4.ppc.rpm.sig
./SWBD36/which-2.12-4.ppc.rpm.sig
./SWBD36/wu-ftpd-2.6.1-4.ppc.rpm.sig
./SWBD36/yp-tools-2.4-4.ppc.rpm.sig
./SWBD36/ypbind-3.3-4.ppc.rpm.sig
./SWBD36/zlib-1.1.4-5.ppc.rpm.sig
./SWBD36/misc-1.0.0-5.ppc.rpm.sig
./SWBD36/popt-1.3-4.ppc.rpm.sig
./SWBD36/logrotate-3.5.4-6.ppc.rpm.sig
./SWBD36/fastcgi-2.2-4.ppc.rpm.sig
./SWBD36/ltt-0.9.5a-4.ppc.rpm.sig
./SWBD36/iproute2-2.4-10.ppc.rpm.sig
./SWBD36/libxml2-2.6.30-1.ppc.rpm.sig
./SWBD36/sysstat-5.0.4-8.ppc.rpm.sig
./SWBD36/sqlite-3.2.1-4.ppc.rpm.sig
./SWBD36/dhcpcd-1.3-4.ppc.rpm.sig
./SWBD36/wdtd-1.0.0-5.ppc.rpm.sig
./SWBD36/modutils-3.1-9.ppc.rpm.sig
./SWBD36/ipv6-1.2-8.ppc.rpm.sig
./SWBD36/awk-3.1.0-4.ppc.rpm.sig
./SWBD36/nfs-utils-1.0-5.ppc.rpm.sig
./SWBD36/traceroute-1.4a12-12.ppc.rpm.sig
./SWBD36/ipsec-1.0-1.ppc.rpm.sig
./SWBD36/curl-7.19.5-1.ppc.rpm.sig
./SWBD36/tftp-hpa-0.40-1.ppc.rpm.sig
./SWBD36/bootp-2.4.3-1.ppc.rpm.sig
./SWBD36/pcsc-lite-1.5-3.ppc.rpm.sig
./SWBD36/xercesc-2.8.0-1.ppc.rpm.sig
./SWBD36/minicom-2.1-2.7.ppc.rpm.sig
./SWBD36/fss-6.3.0d-11.ppc.rpm.sig
./SWBD36/bfos-init-6.3.0d-7.ppc.rpm.sig
./SWBD36/bfos-utils-6.3.0d-7.ppc.rpm.sig
./SWBD36/bfos-drivers-6.3.0d-11.ppc.rpm.sig
./SWBD36/bfos-libs-6.3.0d-8.ppc.rpm.sig
./SWBD36/bfos-daemons-6.3.0d-12.ppc.rpm.sig
./SWBD36/bfos-swbd36-6.3.0d-3.ppc.rpm.sig
./SWBD36/bfos-swbd47-6.3.0d-3.ppc.rpm.sig
./SWBD36/bfos-swbd50-6.3.0d-3.ppc.rpm.sig
./SWBD36/bfos-swbd55-6.3.0d-3.ppc.rpm.sig
./SWBD36/eccrepd-bfos-6.3.0d-10.ppc.rpm.sig
./SWBD36/4350-image-1.2.0-8.ppc.rpm.sig
./SWBD36/1250-image-1.0.0-4067661360.ppc.rpm.sig
./SWBD36/1125-image-6.3.0d-3.ppc.rpm.sig
./SWBD36/fpga-utils-6.3.0d-03.ppc.rpm.sig
./SWBD36/gcov-1.1.0-5.ppc.rpm.sig
./SWBD36/prefwdl.sig
./SWBD36/ending_instructions.sig
./SWBD36/group.sig
./SWBD36/release.plist.sig
./SWBD36/v6.3.0d.sig
./SWBD36/development.plist.sig
./SWBD36/nfdiag.plist.sig
./SWBD36/release.xml.sig
./SWBD36/tar_file_list.sig
./SWBD36/sbin/blockcheck.sig
./SWBD47/version.conf.sig
./SWBD47/prefwdl.sig
./SWBD47/ending_instructions.sig
./SWBD47/group.sig
./SWBD47/release.plist.sig
./SWBD47/v6.3.0d.sig
./SWBD47/development.plist.sig
./SWBD47/nfdiag.plist.sig
./SWBD47/release.xml.sig
./SWBD47/tar_file_list.sig
./SWBD50/version.conf.sig
./SWBD50/prefwdl.sig
./SWBD50/ending_instructions.sig
./SWBD50/group.sig
./SWBD50/release.plist.sig
./SWBD50/v6.3.0d.sig
./SWBD50/development.plist.sig
./SWBD50/nfdiag.plist.sig
./SWBD50/release.xml.sig
./SWBD50/tar_file_list.sig
./SWBD62/bpimage-swbd36-6.3.0d-1.ppc.rpm.sig
./SWBD62/bpimage-swbd47-6.3.0d-1.ppc.rpm.sig
./SWBD62/bpimage-swbd50-6.3.0d-1.ppc.rpm.sig
./SWBD62/bpimage-swbd55-6.3.0d-1.ppc.rpm.sig
./SWBD62/bpimage-swbd68-6.3.0d-1.ppc.rpm.sig
./SWBD62/bpimage-swbd89-6.3.0d-1.ppc.rpm.sig
./SWBD62/version.conf.sig
./SWBD62/prom-8548-1.0.15-1.ppc.rpm.sig
./SWBD62/kernel-2.6.14.2-2939123950.ppc.rpm.sig
./SWBD62/kernel-debug-2.6.14.2-2939123950.ppc.rpm.sig
./SWBD62/apache-1.3.31-10.ppc.rpm.sig
./SWBD62/autofs-3.1.7-4.ppc.rpm.sig
./SWBD62/bash-2.04-8.ppc.rpm.sig
./SWBD62/binutils-2.16.1-3.ppc.rpm.sig
./SWBD62/binutils-libs-2.16.1-3.ppc.rpm.sig
./SWBD62/bzip-1.0.1-4.ppc.rpm.sig
./SWBD62/cpio-2.4.2-4.ppc.rpm.sig
./SWBD62/dmalloc-4.6.0-5.ppc.rpm.sig
./SWBD62/diffutils-2.7-4.ppc.rpm.sig
./SWBD62/dir-1.0.4-5.ppc.rpm.sig
./SWBD62/dev-1.4.0-2.ppc.rpm.sig
./SWBD62/e2fsprogs-1.38-5.ppc.rpm.sig
./SWBD62/fileutils-4.0-4.ppc.rpm.sig
./SWBD62/findutils-4.1-4.ppc.rpm.sig
./SWBD62/ftp-0.17-4.ppc.rpm.sig
./SWBD62/getty-2.0.7j-8.ppc.rpm.sig
./SWBD62/glibc-2.3.6-7.ppc.rpm.sig
./SWBD62/glibc-linuxthreads-2.3.6-2.ppc.rpm.sig
./SWBD62/grep-2.4.2-4.ppc.rpm.sig
./SWBD62/gzip-1.2.4a-4.ppc.rpm.sig
./SWBD62/hex-1.2-4.ppc.rpm.sig
./SWBD62/inetd-0.17-8.ppc.rpm.sig
./SWBD62/iptables-1.3-1.ppc.rpm.sig
./SWBD62/ksymoops-2.4.1-4.ppc.rpm.sig
./SWBD62/ldconfig-2.16.1-4.ppc.rpm.sig
./SWBD62/less-3.4.0-5.ppc.rpm.sig
./SWBD62/man-1.5g-7.ppc.rpm.sig
./SWBD62/ncftp-3.0.3-6.ppc.rpm.sig
./SWBD62/net-tools-1.57-6.ppc.rpm.sig
./SWBD62/netperf-2.1pl3-4.ppc.rpm.sig
./SWBD62/ntp-5.93e-4.ppc.rpm.sig
./SWBD62/oprofile-0.9.4-1.ppc.rpm.sig
./SWBD62/parted-1.4.18-4.ppc.rpm.sig
./SWBD62/pciutils-2.1.8-4.ppc.rpm.sig
./SWBD62/portmap-4.0-4.ppc.rpm.sig
./SWBD62/procps-3.3.0-3.ppc.rpm.sig
./SWBD62/psmisc-19.0.0-5.ppc.rpm.sig
./SWBD62/rdate-990821.0.0-5.ppc.rpm.sig
./SWBD62/readline-4.1-4.ppc.rpm.sig
./SWBD62/rpm-4.2-5.ppc.rpm.sig
./SWBD62/rsh-0.17-4.ppc.rpm.sig
./SWBD62/rsh-server-0.17-4.ppc.rpm.sig
./SWBD62/rusers-0.17-4.ppc.rpm.sig
./SWBD62/rusers-server-0.17-4.ppc.rpm.sig
./SWBD62/sed-3.02-4.ppc.rpm.sig
./SWBD62/sendmail-8.9-11.ppc.rpm.sig
./SWBD62/sh-utils-2.0-10.ppc.rpm.sig
./SWBD62/stat-1.0.0d-4.ppc.rpm.sig
./SWBD62/strace-4.2-4.ppc.rpm.sig
./SWBD62/sysklogd-1.4-9.ppc.rpm.sig
./SWBD62/sysvinit-2.78-9.ppc.rpm.sig
./SWBD62/tar-1.13.19-4.ppc.rpm.sig
./SWBD62/rsync-2.6.9-2.ppc.rpm.sig
./SWBD62/tcpd-7.6-4.ppc.rpm.sig
./SWBD62/tcpdump-3.6.2-4.ppc.rpm.sig
./SWBD62/telnet-0.17-7.ppc.rpm.sig
./SWBD62/telnet-server-0.17-7.ppc.rpm.sig
./SWBD62/termcap-1.3-5.ppc.rpm.sig
./SWBD62/terminfo-11.2.0-6.ppc.rpm.sig
./SWBD62/textutils-1.22-4.ppc.rpm.sig
./SWBD62/tftp-0.17-4.ppc.rpm.sig
./SWBD62/tftp-server-0.17-4.ppc.rpm.sig
./SWBD62/tz-7.11-6.ppc.rpm.sig
./SWBD62/pam-0.74-28.ppc.rpm.sig
./SWBD62/util-linux-2.12o-18.ppc.rpm.sig
./SWBD62/uucp-1.06-5.ppc.rpm.sig
./SWBD62/uuid-libs-1.22-4.ppc.rpm.sig
./SWBD62/vixie-cron-3.0.1-62_4.ppc.rpm.sig
./SWBD62/wget-1.5.3-4.ppc.rpm.sig
./SWBD62/which-2.12-4.ppc.rpm.sig
./SWBD62/wu-ftpd-2.6.1-4.ppc.rpm.sig
./SWBD62/yp-tools-2.4-4.ppc.rpm.sig
./SWBD62/ypbind-3.3-4.ppc.rpm.sig
./SWBD62/zlib-1.1.4-5.ppc.rpm.sig
./SWBD62/misc-1.0.0-5.ppc.rpm.sig
./SWBD62/popt-1.3-4.ppc.rpm.sig
./SWBD62/logrotate-3.5.4-6.ppc.rpm.sig
./SWBD62/fastcgi-2.2-4.ppc.rpm.sig
./SWBD62/ltt-0.9.5a-4.ppc.rpm.sig
./SWBD62/iproute2-2.4-10.ppc.rpm.sig
./SWBD62/libxml2-2.6.30-1.ppc.rpm.sig
./SWBD62/sysstat-5.0.4-8.ppc.rpm.sig
./SWBD62/sqlite-3.2.1-4.ppc.rpm.sig
./SWBD62/dhcpcd-1.3-4.ppc.rpm.sig
./SWBD62/wdtd-1.0.0-5.ppc.rpm.sig
./SWBD62/modutils-3.1-9.ppc.rpm.sig
./SWBD62/ipv6-1.2-8.ppc.rpm.sig
./SWBD62/awk-3.1.0-4.ppc.rpm.sig
./SWBD62/nfs-utils-1.0-5.ppc.rpm.sig
./SWBD62/traceroute-1.4a12-12.ppc.rpm.sig
./SWBD62/ipsec-1.0-1.ppc.rpm.sig
./SWBD62/curl-7.19.5-1.ppc.rpm.sig
./SWBD62/tftp-hpa-0.40-1.ppc.rpm.sig
./SWBD62/bootp-2.4.3-1.ppc.rpm.sig
./SWBD62/pcsc-lite-1.5-3.ppc.rpm.sig
./SWBD62/xercesc-2.8.0-1.ppc.rpm.sig
./SWBD62/minicom-2.1-2.7.ppc.rpm.sig
./SWBD62/fabos-6.3.0d-10.ppc.rpm.sig
./SWBD62/fabos-daemons-6.3.0d-3.ppc.rpm.sig
./SWBD62/fabos-debug-6.3.0d-6.ppc.rpm.sig
./SWBD62/fabos-diag-6.3.0d-13.ppc.rpm.sig
./SWBD62/fabos-newdiag-6.3.0d-13.ppc.rpm.sig
./SWBD62/fabos-drivers-6.3.0d-11.ppc.rpm.sig
./SWBD62/fabos-fw-6.3.0d-10.ppc.rpm.sig
./SWBD62/fabos-hmon-6.3.0d-10.ppc.rpm.sig
./SWBD62/fabos-libs-6.3.0d-11.ppc.rpm.sig
./SWBD62/fabos-man-6.3.0d-13.ppc.rpm.sig
./SWBD62/fabos-quickloop-6.3.0d-10.ppc.rpm.sig
./SWBD62/fabos-setup-6.3.0d-15.ppc.rpm.sig
./SWBD62/fabos-webtools-6.3.0d-11.ppc.rpm.sig
./SWBD62/fabos-webtoolsez-6.3.0d-3.ppc.rpm.sig
./SWBD62/fabos-wwnhs-6.3.0d-10.ppc.rpm.sig
./SWBD62/fabos-zoning-6.3.0d-10.ppc.rpm.sig
./SWBD62/nfdiag-6.3.0d-3.ppc.rpm.sig
./SWBD62/bootenv-1.0.2-7.ppc.rpm.sig
./SWBD62/chkconfig-1.0.0-7.ppc.rpm.sig
./SWBD62/fwdl-6.3.0d-45.ppc.rpm.sig
./SWBD62/sin-1.1.0-6.ppc.rpm.sig
./SWBD62/mtracer-tool-2.4.19-13.ppc.rpm.sig
./SWBD62/rcinit-1.1.4-9.ppc.rpm.sig
./SWBD62/setup-6.3.0d-27.ppc.rpm.sig
./SWBD62/openssh-3.5p1-9.ppc.rpm.sig
./SWBD62/openssh-server-3.5p1-9.ppc.rpm.sig
./SWBD62/openssl-0.9.8-2.ppc.rpm.sig
./SWBD62/openssl-libs-0.9.8-2.ppc.rpm.sig
./SWBD62/fss-6.3.0d-11.ppc.rpm.sig
./SWBD62/eccrepd-6.3.0d-10.ppc.rpm.sig
./SWBD62/swbd21-setup-1.3.4-4.ppc.rpm.sig
./SWBD62/fabos-swbd62-6.3.0d-10.ppc.rpm.sig
./SWBD62/fabos-swbd64-6.3.0d-1.ppc.rpm.sig
./SWBD62/fabos-swbd67-6.3.0d-10.ppc.rpm.sig
./SWBD62/fabos-swbd76-6.3.0d-1.ppc.rpm.sig
./SWBD62/fabos-fpga-swbd76-1.0.0-6.ppc.rpm.sig
./SWBD62/fabos-routing-6.3.0d-10.ppc.rpm.sig
./SWBD62/fabos-vf-6.3.0d-10.ppc.rpm.sig
./SWBD62/kernel-module-usb-2.6.14.2-2939123950.ppc.rpm.sig
./SWBD62/kernel-module-net-2.6.14.2-2939123950.ppc.rpm.sig
./SWBD62/fsl8548-brcdecc-module-2.6.14.2-2939123950.ppc.rpm.sig
./SWBD62/gcov-1.1.0-5.ppc.rpm.sig
./SWBD62/bpimage-swbd63-6.3.0d-1.ppc.rpm.sig
./SWBD62/bpimage-swbd88-6.3.0d-1.ppc.rpm.sig
./SWBD62/preinst.sig
./SWBD62/prefwdl.sig
./SWBD62/ending_instructions.sig
./SWBD62/group.sig
./SWBD62/release.plist.sig
./SWBD62/v6.3.0d.sig
./SWBD62/development.plist.sig
./SWBD62/nfdiag.plist.sig
./SWBD62/release.xml.sig
./SWBD62/tar_file_list.sig
./SWBD62/sbin/blockcheck.sig
./SWBD52/version.conf.sig
./SWBD52/sas-3.4.0.d-4.ppc.rpm.sig
./SWBD52/ending_instructions.sig
./SWBD52/release.plist.sig
./SWBD52/v6.3.0d.sig
./SWBD52/development.plist.sig
./SWBD52/release.xml.sig
./SWBD52/tar_file_list.sig
./SWBD55/version.conf.sig
./SWBD55/prom-8548-1.0.15-1.ppc.rpm.sig
./SWBD55/prom-1250-1.0.16-6.ppc.rpm.sig
./SWBD55/kernel-2.6.14.2-2655936095.ppc.rpm.sig
./SWBD55/kernel-debug-2.6.14.2-2655936095.ppc.rpm.sig
./SWBD55/apache-1.3.31-10.ppc.rpm.sig
./SWBD55/autofs-3.1.7-4.ppc.rpm.sig
./SWBD55/bash-2.04-8.ppc.rpm.sig
./SWBD55/binutils-2.16.1-3.ppc.rpm.sig
./SWBD55/binutils-libs-2.16.1-3.ppc.rpm.sig
./SWBD55/bzip-1.0.1-4.ppc.rpm.sig
./SWBD55/cpio-2.4.2-4.ppc.rpm.sig
./SWBD55/dmalloc-4.6.0-5.ppc.rpm.sig
./SWBD55/diffutils-2.7-4.ppc.rpm.sig
./SWBD55/dir-1.0.4-5.ppc.rpm.sig
./SWBD55/dev-1.4.0-2.ppc.rpm.sig
./SWBD55/e2fsprogs-1.38-5.ppc.rpm.sig
./SWBD55/fileutils-4.0-4.ppc.rpm.sig
./SWBD55/findutils-4.1-4.ppc.rpm.sig
./SWBD55/ftp-0.17-4.ppc.rpm.sig
./SWBD55/getty-2.0.7j-8.ppc.rpm.sig
./SWBD55/glibc-2.3.6-7.ppc.rpm.sig
./SWBD55/glibc-linuxthreads-2.3.6-2.ppc.rpm.sig
./SWBD55/grep-2.4.2-4.ppc.rpm.sig
./SWBD55/gzip-1.2.4a-4.ppc.rpm.sig
./SWBD55/hex-1.2-4.ppc.rpm.sig
./SWBD55/inetd-0.17-8.ppc.rpm.sig
./SWBD55/iptables-1.3-1.ppc.rpm.sig
./SWBD55/ksymoops-2.4.1-4.ppc.rpm.sig
./SWBD55/ldconfig-2.16.1-4.ppc.rpm.sig
./SWBD55/less-3.4.0-5.ppc.rpm.sig
./SWBD55/man-1.5g-7.ppc.rpm.sig
./SWBD55/ncftp-3.0.3-6.ppc.rpm.sig
./SWBD55/net-tools-1.57-6.ppc.rpm.sig
./SWBD55/netperf-2.1pl3-4.ppc.rpm.sig
./SWBD55/ntp-5.93e-4.ppc.rpm.sig
./SWBD55/oprofile-0.9.4-1.ppc.rpm.sig
./SWBD55/parted-1.4.18-4.ppc.rpm.sig
./SWBD55/pciutils-2.1.8-4.ppc.rpm.sig
./SWBD55/portmap-4.0-4.ppc.rpm.sig
./SWBD55/procps-3.3.0-3.ppc.rpm.sig
./SWBD55/psmisc-19.0.0-5.ppc.rpm.sig
./SWBD55/rdate-990821.0.0-5.ppc.rpm.sig
./SWBD55/readline-4.1-4.ppc.rpm.sig
./SWBD55/rpm-4.2-5.ppc.rpm.sig
./SWBD55/rsh-0.17-4.ppc.rpm.sig
./SWBD55/rsh-server-0.17-4.ppc.rpm.sig
./SWBD55/rusers-0.17-4.ppc.rpm.sig
./SWBD55/rusers-server-0.17-4.ppc.rpm.sig
./SWBD55/sed-3.02-4.ppc.rpm.sig
./SWBD55/sendmail-8.9-11.ppc.rpm.sig
./SWBD55/sh-utils-2.0-10.ppc.rpm.sig
./SWBD55/stat-1.0.0d-4.ppc.rpm.sig
./SWBD55/strace-4.2-4.ppc.rpm.sig
./SWBD55/sysklogd-1.4-9.ppc.rpm.sig
./SWBD55/sysvinit-2.78-9.ppc.rpm.sig
./SWBD55/tar-1.13.19-4.ppc.rpm.sig
./SWBD55/rsync-2.6.9-2.ppc.rpm.sig
./SWBD55/tcpd-7.6-4.ppc.rpm.sig
./SWBD55/tcpdump-3.6.2-4.ppc.rpm.sig
./SWBD55/telnet-0.17-7.ppc.rpm.sig
./SWBD55/telnet-server-0.17-7.ppc.rpm.sig
./SWBD55/termcap-1.3-5.ppc.rpm.sig
./SWBD55/terminfo-11.2.0-6.ppc.rpm.sig
./SWBD55/textutils-1.22-4.ppc.rpm.sig
./SWBD55/tftp-0.17-4.ppc.rpm.sig
./SWBD55/tftp-server-0.17-4.ppc.rpm.sig
./SWBD55/tz-7.11-6.ppc.rpm.sig
./SWBD55/pam-0.74-28.ppc.rpm.sig
./SWBD55/util-linux-2.12o-18.ppc.rpm.sig
./SWBD55/uucp-1.06-5.ppc.rpm.sig
./SWBD55/uuid-libs-1.22-4.ppc.rpm.sig
./SWBD55/vixie-cron-3.0.1-62_4.ppc.rpm.sig
./SWBD55/wget-1.5.3-4.ppc.rpm.sig
./SWBD55/which-2.12-4.ppc.rpm.sig
./SWBD55/wu-ftpd-2.6.1-4.ppc.rpm.sig
./SWBD55/yp-tools-2.4-4.ppc.rpm.sig
./SWBD55/ypbind-3.3-4.ppc.rpm.sig
./SWBD55/zlib-1.1.4-5.ppc.rpm.sig
./SWBD55/misc-1.0.0-5.ppc.rpm.sig
./SWBD55/popt-1.3-4.ppc.rpm.sig
./SWBD55/logrotate-3.5.4-6.ppc.rpm.sig
./SWBD55/fastcgi-2.2-4.ppc.rpm.sig
./SWBD55/ltt-0.9.5a-4.ppc.rpm.sig
./SWBD55/iproute2-2.4-10.ppc.rpm.sig
./SWBD55/libxml2-2.6.30-1.ppc.rpm.sig
./SWBD55/sysstat-5.0.4-8.ppc.rpm.sig
./SWBD55/sqlite-3.2.1-4.ppc.rpm.sig
./SWBD55/dhcpcd-1.3-4.ppc.rpm.sig
./SWBD55/wdtd-1.0.0-5.ppc.rpm.sig
./SWBD55/modutils-3.1-9.ppc.rpm.sig
./SWBD55/ipv6-1.2-8.ppc.rpm.sig
./SWBD55/awk-3.1.0-4.ppc.rpm.sig
./SWBD55/nfs-utils-1.0-5.ppc.rpm.sig
./SWBD55/traceroute-1.4a12-12.ppc.rpm.sig
./SWBD55/ipsec-1.0-1.ppc.rpm.sig
./SWBD55/curl-7.19.5-1.ppc.rpm.sig
./SWBD55/tftp-hpa-0.40-1.ppc.rpm.sig
./SWBD55/bootp-2.4.3-1.ppc.rpm.sig
./SWBD55/pcsc-lite-1.5-3.ppc.rpm.sig
./SWBD55/xercesc-2.8.0-1.ppc.rpm.sig
./SWBD55/fss-6.3.0d-11.ppc.rpm.sig
./SWBD55/bfos-init-6.3.0d-7.ppc.rpm.sig
./SWBD55/bfos-utils-6.3.0d-7.ppc.rpm.sig
./SWBD55/bfos-drivers-6.3.0d-11.ppc.rpm.sig
./SWBD55/bfos-libs-6.3.0d-8.ppc.rpm.sig
./SWBD55/bfos-daemons-6.3.0d-12.ppc.rpm.sig
./SWBD55/bfos-swbd36-6.3.0d-3.ppc.rpm.sig
./SWBD55/bfos-swbd47-6.3.0d-3.ppc.rpm.sig
./SWBD55/bfos-swbd50-6.3.0d-3.ppc.rpm.sig
./SWBD55/bfos-swbd55-6.3.0d-3.ppc.rpm.sig
./SWBD55/eccrepd-bfos-6.3.0d-10.ppc.rpm.sig
./SWBD55/openssh-3.5p1-9.ppc.rpm.sig
./SWBD55/openssh-server-3.5p1-9.ppc.rpm.sig
./SWBD55/openssl-0.9.8-2.ppc.rpm.sig
./SWBD55/openssl-libs-0.9.8-2.ppc.rpm.sig
./SWBD55/swbd55-setup-6.3.0d-1.ppc.rpm.sig
./SWBD55/bfos-swbd68-6.3.0d-9.ppc.rpm.sig
./SWBD55/bfos-swbd89-6.3.0d-9.ppc.rpm.sig
./SWBD55/sp-firmware-6.3.0d-1.ppc.rpm.sig
./SWBD55/fpga-utils-6.3.0d-03.ppc.rpm.sig
./SWBD55/fabos-minimal-setup-6.3.0d-3.ppc.rpm.sig
./SWBD55/kernel-module-net-2.6.14.2-2655936095.ppc.rpm.sig
./SWBD55/fsl8548-brcdecc-module-2.6.14.2-2655936095.ppc.rpm.sig
./SWBD55/gcov-1.1.0-5.ppc.rpm.sig
./SWBD55/prefwdl.sig
./SWBD55/ending_instructions.sig
./SWBD55/group.sig
./SWBD55/release.plist.sig
./SWBD55/v6.3.0d.sig
./SWBD55/development.plist.sig
./SWBD55/nfdiag.plist.sig
./SWBD55/release.xml.sig
./SWBD55/tar_file_list.sig
./SWBD55/sbin/blockcheck.sig
./FabosSDK.tar.gz.sig
./SWBD68/version.conf.sig
./SWBD68/prefwdl.sig
./SWBD68/ending_instructions.sig
./SWBD68/group.sig
./SWBD68/release.plist.sig
./SWBD68/v6.3.0d.sig
./SWBD68/development.plist.sig
./SWBD68/nfdiag.plist.sig
./SWBD68/release.xml.sig
./SWBD68/tar_file_list.sig
./SWBD89/version.conf.sig
./SWBD89/prefwdl.sig
./SWBD89/ending_instructions.sig
./SWBD89/group.sig
./SWBD89/release.plist.sig
./SWBD89/v6.3.0d.sig
./SWBD89/development.plist.sig
./SWBD89/nfdiag.plist.sig
./SWBD89/release.xml.sig
./SWBD89/tar_file_list.sig
./SWBD77/bpimage-swbd55-6.3.0d-1.ppc.rpm.sig
./SWBD77/bpimage-swbd68-6.3.0d-1.ppc.rpm.sig
./SWBD77/bpimage-swbd89-6.3.0d-1.ppc.rpm.sig
./SWBD77/version.conf.sig
./SWBD77/preinst.sig
./SWBD77/prefwdl.sig
./SWBD77/ending_instructions.sig
./SWBD77/group.sig
./SWBD77/release.plist.sig
./SWBD77/v6.3.0d.sig
./SWBD77/development.plist.sig
./SWBD77/nfdiag.plist.sig
./SWBD77/release.xml.sig
./SWBD77/tar_file_list.sig
./SWBD64/version.conf.sig
./SWBD64/preinst.sig
./SWBD64/prefwdl.sig
./SWBD64/ending_instructions.sig
./SWBD64/group.sig
./SWBD64/release.plist.sig
./SWBD64/v6.3.0d.sig
./SWBD64/development.plist.sig
./SWBD64/nfdiag.plist.sig
./SWBD64/release.xml.sig
./SWBD64/tar_file_list.sig
./SWBD67/version.conf.sig
./SWBD67/preinst.sig
./SWBD67/prefwdl.sig
./SWBD67/ending_instructions.sig
./SWBD67/group.sig
./SWBD67/release.plist.sig
./SWBD67/v6.3.0d.sig
./SWBD67/development.plist.sig
./SWBD67/nfdiag.plist.sig
./SWBD67/release.xml.sig
./SWBD67/tar_file_list.sig
./SWBD76/version.conf.sig
./SWBD76/preinst.sig
./SWBD76/prefwdl.sig
./SWBD76/ending_instructions.sig
./SWBD76/group.sig
./SWBD76/release.plist.sig
./SWBD76/v6.3.0d.sig
./SWBD76/development.plist.sig
./SWBD76/nfdiag.plist.sig
./SWBD76/release.xml.sig
./SWBD76/tar_file_list.sig
./SWBD63/version.conf.sig
./SWBD63/prom-8548-1.0.15-1.ppc.rpm.sig
./SWBD63/kernel-2.6.14.2-945217351.ppc.rpm.sig
./SWBD63/kernel-debug-2.6.14.2-945217351.ppc.rpm.sig
./SWBD63/apache-1.3.31-10.ppc.rpm.sig
./SWBD63/autofs-3.1.7-4.ppc.rpm.sig
./SWBD63/bash-2.04-8.ppc.rpm.sig
./SWBD63/binutils-2.16.1-3.ppc.rpm.sig
./SWBD63/binutils-libs-2.16.1-3.ppc.rpm.sig
./SWBD63/bzip-1.0.1-4.ppc.rpm.sig
./SWBD63/cpio-2.4.2-4.ppc.rpm.sig
./SWBD63/dmalloc-4.6.0-5.ppc.rpm.sig
./SWBD63/diffutils-2.7-4.ppc.rpm.sig
./SWBD63/dir-1.0.4-5.ppc.rpm.sig
./SWBD63/dev-1.4.0-2.ppc.rpm.sig
./SWBD63/e2fsprogs-1.38-5.ppc.rpm.sig
./SWBD63/fileutils-4.0-4.ppc.rpm.sig
./SWBD63/findutils-4.1-4.ppc.rpm.sig
./SWBD63/ftp-0.17-4.ppc.rpm.sig
./SWBD63/getty-2.0.7j-8.ppc.rpm.sig
./SWBD63/glibc-2.3.6-7.ppc.rpm.sig
./SWBD63/glibc-linuxthreads-2.3.6-2.ppc.rpm.sig
./SWBD63/grep-2.4.2-4.ppc.rpm.sig
./SWBD63/gzip-1.2.4a-4.ppc.rpm.sig
./SWBD63/hex-1.2-4.ppc.rpm.sig
./SWBD63/inetd-0.17-8.ppc.rpm.sig
./SWBD63/iptables-1.3-1.ppc.rpm.sig
./SWBD63/ksymoops-2.4.1-4.ppc.rpm.sig
./SWBD63/ldconfig-2.16.1-4.ppc.rpm.sig
./SWBD63/less-3.4.0-5.ppc.rpm.sig
./SWBD63/man-1.5g-7.ppc.rpm.sig
./SWBD63/ncftp-3.0.3-6.ppc.rpm.sig
./SWBD63/net-tools-1.57-6.ppc.rpm.sig
./SWBD63/netperf-2.1pl3-4.ppc.rpm.sig
./SWBD63/ntp-5.93e-4.ppc.rpm.sig
./SWBD63/oprofile-0.9.4-1.ppc.rpm.sig
./SWBD63/parted-1.4.18-4.ppc.rpm.sig
./SWBD63/pciutils-2.1.8-4.ppc.rpm.sig
./SWBD63/portmap-4.0-4.ppc.rpm.sig
./SWBD63/procps-3.3.0-3.ppc.rpm.sig
./SWBD63/psmisc-19.0.0-5.ppc.rpm.sig
./SWBD63/rdate-990821.0.0-5.ppc.rpm.sig
./SWBD63/readline-4.1-4.ppc.rpm.sig
./SWBD63/rpm-4.2-5.ppc.rpm.sig
./SWBD63/rsh-0.17-4.ppc.rpm.sig
./SWBD63/rsh-server-0.17-4.ppc.rpm.sig
./SWBD63/rusers-0.17-4.ppc.rpm.sig
./SWBD63/rusers-server-0.17-4.ppc.rpm.sig
./SWBD63/sed-3.02-4.ppc.rpm.sig
./SWBD63/sendmail-8.9-11.ppc.rpm.sig
./SWBD63/sh-utils-2.0-10.ppc.rpm.sig
./SWBD63/stat-1.0.0d-4.ppc.rpm.sig
./SWBD63/strace-4.2-4.ppc.rpm.sig
./SWBD63/sysklogd-1.4-9.ppc.rpm.sig
./SWBD63/sysvinit-2.78-9.ppc.rpm.sig
./SWBD63/tar-1.13.19-4.ppc.rpm.sig
./SWBD63/rsync-2.6.9-2.ppc.rpm.sig
./SWBD63/tcpd-7.6-4.ppc.rpm.sig
./SWBD63/tcpdump-3.6.2-4.ppc.rpm.sig
./SWBD63/telnet-0.17-7.ppc.rpm.sig
./SWBD63/telnet-server-0.17-7.ppc.rpm.sig
./SWBD63/termcap-1.3-5.ppc.rpm.sig
./SWBD63/terminfo-11.2.0-6.ppc.rpm.sig
./SWBD63/textutils-1.22-4.ppc.rpm.sig
./SWBD63/tftp-0.17-4.ppc.rpm.sig
./SWBD63/tftp-server-0.17-4.ppc.rpm.sig
./SWBD63/tz-7.11-6.ppc.rpm.sig
./SWBD63/pam-0.74-28.ppc.rpm.sig
./SWBD63/util-linux-2.12o-18.ppc.rpm.sig
./SWBD63/uucp-1.06-5.ppc.rpm.sig
./SWBD63/uuid-libs-1.22-4.ppc.rpm.sig
./SWBD63/vixie-cron-3.0.1-62_4.ppc.rpm.sig
./SWBD63/wget-1.5.3-4.ppc.rpm.sig
./SWBD63/which-2.12-4.ppc.rpm.sig
./SWBD63/wu-ftpd-2.6.1-4.ppc.rpm.sig
./SWBD63/yp-tools-2.4-4.ppc.rpm.sig
./SWBD63/ypbind-3.3-4.ppc.rpm.sig
./SWBD63/zlib-1.1.4-5.ppc.rpm.sig
./SWBD63/misc-1.0.0-5.ppc.rpm.sig
./SWBD63/popt-1.3-4.ppc.rpm.sig
./SWBD63/logrotate-3.5.4-6.ppc.rpm.sig
./SWBD63/fastcgi-2.2-4.ppc.rpm.sig
./SWBD63/ltt-0.9.5a-4.ppc.rpm.sig
./SWBD63/iproute2-2.4-10.ppc.rpm.sig
./SWBD63/libxml2-2.6.30-1.ppc.rpm.sig
./SWBD63/sysstat-5.0.4-8.ppc.rpm.sig
./SWBD63/sqlite-3.2.1-4.ppc.rpm.sig
./SWBD63/dhcpcd-1.3-4.ppc.rpm.sig
./SWBD63/wdtd-1.0.0-5.ppc.rpm.sig
./SWBD63/modutils-3.1-9.ppc.rpm.sig
./SWBD63/ipv6-1.2-8.ppc.rpm.sig
./SWBD63/awk-3.1.0-4.ppc.rpm.sig
./SWBD63/nfs-utils-1.0-5.ppc.rpm.sig
./SWBD63/traceroute-1.4a12-12.ppc.rpm.sig
./SWBD63/ipsec-1.0-1.ppc.rpm.sig
./SWBD63/curl-7.19.5-1.ppc.rpm.sig
./SWBD63/tftp-hpa-0.40-1.ppc.rpm.sig
./SWBD63/bootp-2.4.3-1.ppc.rpm.sig
./SWBD63/pcsc-lite-1.5-3.ppc.rpm.sig
./SWBD63/xercesc-2.8.0-1.ppc.rpm.sig
./SWBD63/minicom-2.1-2.7.ppc.rpm.sig
./SWBD63/fabos-6.3.0d-10.ppc.rpm.sig
./SWBD63/fabos-daemons-6.3.0d-3.ppc.rpm.sig
./SWBD63/fabos-debug-6.3.0d-6.ppc.rpm.sig
./SWBD63/fabos-diag-6.3.0d-13.ppc.rpm.sig
./SWBD63/fabos-newdiag-6.3.0d-13.ppc.rpm.sig
./SWBD63/fabos-drivers-6.3.0d-11.ppc.rpm.sig
./SWBD63/fabos-fw-6.3.0d-10.ppc.rpm.sig
./SWBD63/fabos-hmon-6.3.0d-10.ppc.rpm.sig
./SWBD63/fabos-libs-6.3.0d-11.ppc.rpm.sig
./SWBD63/fabos-man-6.3.0d-13.ppc.rpm.sig
./SWBD63/fabos-quickloop-6.3.0d-10.ppc.rpm.sig
./SWBD63/fabos-setup-6.3.0d-15.ppc.rpm.sig
./SWBD63/fabos-webtoolsez-6.3.0d-3.ppc.rpm.sig
./SWBD63/fabos-wwnhs-6.3.0d-10.ppc.rpm.sig
./SWBD63/nfdiag-6.3.0d-3.ppc.rpm.sig
./SWBD63/bootenv-1.0.2-7.ppc.rpm.sig
./SWBD63/chkconfig-1.0.0-7.ppc.rpm.sig
./SWBD63/fwdl-6.3.0d-45.ppc.rpm.sig
./SWBD63/sin-1.1.0-6.ppc.rpm.sig
./SWBD63/mtracer-tool-2.4.19-13.ppc.rpm.sig
./SWBD63/rcinit-1.1.4-9.ppc.rpm.sig
./SWBD63/setup-6.3.0d-27.ppc.rpm.sig
./SWBD63/openssh-3.5p1-9.ppc.rpm.sig
./SWBD63/openssh-server-3.5p1-9.ppc.rpm.sig
./SWBD63/openssl-0.9.8-2.ppc.rpm.sig
./SWBD63/openssl-libs-0.9.8-2.ppc.rpm.sig
./SWBD63/fss-6.3.0d-11.ppc.rpm.sig
./SWBD63/eccrepd-6.3.0d-10.ppc.rpm.sig
./SWBD63/swbd21-setup-1.3.4-4.ppc.rpm.sig
./SWBD63/fabos-swbd63-6.3.0d-1.ppc.rpm.sig
./SWBD63/fabos-routing-6.3.0d-10.ppc.rpm.sig
./SWBD63/kernel-module-usb-2.6.14.2-945217351.ppc.rpm.sig
./SWBD63/fsl8548-brcdecc-module-2.6.14.2-945217351.ppc.rpm.sig
./SWBD63/gcov-1.1.0-5.ppc.rpm.sig
./SWBD63/preinst.sig
./SWBD63/prefwdl.sig
./SWBD63/ending_instructions.sig
./SWBD63/group.sig
./SWBD63/release.plist.sig
./SWBD63/v6.3.0d.sig
./SWBD63/development.plist.sig
./SWBD63/nfdiag.plist.sig
./SWBD63/release.xml.sig
./SWBD63/tar_file_list.sig
./SWBD63/sbin/blockcheck.sig
./SWBD71/prom-440epx-1.0.9-1.ppc.rpm.sig
./SWBD71/kernel-2.6.14.2-800656491.ppc.rpm.sig
./SWBD71/kernel-debug-2.6.14.2-800656491.ppc.rpm.sig
./SWBD71/apache-1.3.31-10.ppc.rpm.sig
./SWBD71/autofs-3.1.7-4.ppc.rpm.sig
./SWBD71/bash-2.04-8.ppc.rpm.sig
./SWBD71/binutils-2.16.1-3.ppc.rpm.sig
./SWBD71/binutils-libs-2.16.1-3.ppc.rpm.sig
./SWBD71/bzip-1.0.1-4.ppc.rpm.sig
./SWBD71/cpio-2.4.2-4.ppc.rpm.sig
./SWBD71/dmalloc-4.6.0-5.ppc.rpm.sig
./SWBD71/diffutils-2.7-4.ppc.rpm.sig
./SWBD71/dir-1.0.4-5.ppc.rpm.sig
./SWBD71/dev-1.4.0-2.ppc.rpm.sig
./SWBD71/e2fsprogs-1.38-5.ppc.rpm.sig
./SWBD71/fileutils-4.0-4.ppc.rpm.sig
./SWBD71/findutils-4.1-4.ppc.rpm.sig
./SWBD71/ftp-0.17-4.ppc.rpm.sig
./SWBD71/getty-2.0.7j-8.ppc.rpm.sig
./SWBD71/glibc-2.3.6-7.ppc.rpm.sig
./SWBD71/glibc-linuxthreads-2.3.6-2.ppc.rpm.sig
./SWBD71/grep-2.4.2-4.ppc.rpm.sig
./SWBD71/gzip-1.2.4a-4.ppc.rpm.sig
./SWBD71/hex-1.2-4.ppc.rpm.sig
./SWBD71/inetd-0.17-8.ppc.rpm.sig
./SWBD71/iptables-1.3-1.ppc.rpm.sig
./SWBD71/ksymoops-2.4.1-4.ppc.rpm.sig
./SWBD71/ldconfig-2.16.1-4.ppc.rpm.sig
./SWBD71/less-3.4.0-5.ppc.rpm.sig
./SWBD71/man-1.5g-7.ppc.rpm.sig
./SWBD71/ncftp-3.0.3-6.ppc.rpm.sig
./SWBD71/net-tools-1.57-6.ppc.rpm.sig
./SWBD71/netperf-2.1pl3-4.ppc.rpm.sig
./SWBD71/ntp-5.93e-4.ppc.rpm.sig
./SWBD71/oprofile-0.9.4-1.ppc.rpm.sig
./SWBD71/parted-1.4.18-4.ppc.rpm.sig
./SWBD71/pciutils-2.1.8-4.ppc.rpm.sig
./SWBD71/portmap-4.0-4.ppc.rpm.sig
./SWBD71/procps-3.3.0-3.ppc.rpm.sig
./SWBD71/psmisc-19.0.0-5.ppc.rpm.sig
./SWBD71/rdate-990821.0.0-5.ppc.rpm.sig
./SWBD71/readline-4.1-4.ppc.rpm.sig
./SWBD71/rpm-4.2-5.ppc.rpm.sig
./SWBD71/rsh-0.17-4.ppc.rpm.sig
./SWBD71/rsh-server-0.17-4.ppc.rpm.sig
./SWBD71/rusers-0.17-4.ppc.rpm.sig
./SWBD71/rusers-server-0.17-4.ppc.rpm.sig
./SWBD71/sed-3.02-4.ppc.rpm.sig
./SWBD71/sendmail-8.9-11.ppc.rpm.sig
./SWBD71/sh-utils-2.0-10.ppc.rpm.sig
./SWBD71/stat-1.0.0d-4.ppc.rpm.sig
./SWBD71/strace-4.2-4.ppc.rpm.sig
./SWBD71/sysklogd-1.4-9.ppc.rpm.sig
./SWBD71/sysvinit-2.78-9.ppc.rpm.sig
./SWBD71/tar-1.13.19-4.ppc.rpm.sig
./SWBD71/rsync-2.6.9-2.ppc.rpm.sig
./SWBD71/tcpd-7.6-4.ppc.rpm.sig
./SWBD71/tcpdump-3.6.2-4.ppc.rpm.sig
./SWBD71/telnet-0.17-7.ppc.rpm.sig
./SWBD71/telnet-server-0.17-7.ppc.rpm.sig
./SWBD71/termcap-1.3-5.ppc.rpm.sig
./SWBD71/terminfo-11.2.0-6.ppc.rpm.sig
./SWBD71/textutils-1.22-4.ppc.rpm.sig
./SWBD71/tftp-0.17-4.ppc.rpm.sig
./SWBD71/tftp-server-0.17-4.ppc.rpm.sig
./SWBD71/tz-7.11-6.ppc.rpm.sig
./SWBD71/pam-0.74-28.ppc.rpm.sig
./SWBD71/util-linux-2.12o-18.ppc.rpm.sig
./SWBD71/uucp-1.06-5.ppc.rpm.sig
./SWBD71/uuid-libs-1.22-4.ppc.rpm.sig
./SWBD71/vixie-cron-3.0.1-62_4.ppc.rpm.sig
./SWBD71/wget-1.5.3-4.ppc.rpm.sig
./SWBD71/which-2.12-4.ppc.rpm.sig
./SWBD71/wu-ftpd-2.6.1-4.ppc.rpm.sig
./SWBD71/yp-tools-2.4-4.ppc.rpm.sig
./SWBD71/ypbind-3.3-4.ppc.rpm.sig
./SWBD71/zlib-1.1.4-5.ppc.rpm.sig
./SWBD71/misc-1.0.0-5.ppc.rpm.sig
./SWBD71/popt-1.3-4.ppc.rpm.sig
./SWBD71/logrotate-3.5.4-6.ppc.rpm.sig
./SWBD71/fastcgi-2.2-4.ppc.rpm.sig
./SWBD71/ltt-0.9.5a-4.ppc.rpm.sig
./SWBD71/iproute2-2.4-10.ppc.rpm.sig
./SWBD71/libxml2-2.6.30-1.ppc.rpm.sig
./SWBD71/sysstat-5.0.4-8.ppc.rpm.sig
./SWBD71/sqlite-3.2.1-4.ppc.rpm.sig
./SWBD71/dhcpcd-1.3-4.ppc.rpm.sig
./SWBD71/wdtd-1.0.0-5.ppc.rpm.sig
./SWBD71/modutils-3.1-9.ppc.rpm.sig
./SWBD71/ipv6-1.2-8.ppc.rpm.sig
./SWBD71/awk-3.1.0-4.ppc.rpm.sig
./SWBD71/nfs-utils-1.0-5.ppc.rpm.sig
./SWBD71/traceroute-1.4a12-12.ppc.rpm.sig
./SWBD71/ipsec-1.0-1.ppc.rpm.sig
./SWBD71/curl-7.19.5-1.ppc.rpm.sig
./SWBD71/tftp-hpa-0.40-1.ppc.rpm.sig
./SWBD71/bootp-2.4.3-1.ppc.rpm.sig
./SWBD71/pcsc-lite-1.5-3.ppc.rpm.sig
./SWBD71/xercesc-2.8.0-1.ppc.rpm.sig
./SWBD71/fabos-6.3.0d-10.ppc.rpm.sig
./SWBD71/fabos-daemons-6.3.0d-3.ppc.rpm.sig
./SWBD71/fabos-debug-6.3.0d-6.ppc.rpm.sig
./SWBD71/fabos-diag-6.3.0d-13.ppc.rpm.sig
./SWBD71/fabos-newdiag-6.3.0d-13.ppc.rpm.sig
./SWBD71/fabos-drivers-6.3.0d-11.ppc.rpm.sig
./SWBD71/fabos-fw-6.3.0d-10.ppc.rpm.sig
./SWBD71/fabos-hmon-6.3.0d-10.ppc.rpm.sig
./SWBD71/fabos-libs-6.3.0d-11.ppc.rpm.sig
./SWBD71/fabos-man-6.3.0d-13.ppc.rpm.sig
./SWBD71/fabos-quickloop-6.3.0d-10.ppc.rpm.sig
./SWBD71/fabos-setup-6.3.0d-15.ppc.rpm.sig
./SWBD71/fabos-webtools-6.3.0d-11.ppc.rpm.sig
./SWBD71/fabos-webtoolsez-6.3.0d-3.ppc.rpm.sig
./SWBD71/fabos-wwnhs-6.3.0d-10.ppc.rpm.sig
./SWBD71/fabos-zoning-6.3.0d-10.ppc.rpm.sig
./SWBD71/nfdiag-6.3.0d-3.ppc.rpm.sig
./SWBD71/bootenv-1.0.2-7.ppc.rpm.sig
./SWBD71/chkconfig-1.0.0-7.ppc.rpm.sig
./SWBD71/fwdl-6.3.0d-45.ppc.rpm.sig
./SWBD71/sin-1.1.0-6.ppc.rpm.sig
./SWBD71/mtracer-tool-2.4.19-13.ppc.rpm.sig
./SWBD71/rcinit-1.1.4-9.ppc.rpm.sig
./SWBD71/setup-6.3.0d-27.ppc.rpm.sig
./SWBD71/openssh-3.5p1-9.ppc.rpm.sig
./SWBD71/openssh-server-3.5p1-9.ppc.rpm.sig
./SWBD71/openssl-0.9.8-2.ppc.rpm.sig
./SWBD71/openssl-libs-0.9.8-2.ppc.rpm.sig
./SWBD71/fss-6.3.0d-11.ppc.rpm.sig
./SWBD71/eccrepd-6.3.0d-10.ppc.rpm.sig
./SWBD71/fabos-routing-6.3.0d-10.ppc.rpm.sig
./SWBD71/fabos-vf-6.3.0d-10.ppc.rpm.sig
./SWBD71/swbd21-drivers-2.4.19-4.ppc.rpm.sig
./SWBD71/fabos-swbd71-6.3.0d-3.ppc.rpm.sig
./SWBD71/fabos-swbd66-6.3.0d-3.ppc.rpm.sig
./SWBD71/fabos-swbd72-6.3.0d-3.ppc.rpm.sig
./SWBD71/fabos-swbd82-6.3.0d-3.ppc.rpm.sig
./SWBD71/fabos-swbd83-6.3.0d-1.ppc.rpm.sig
./SWBD71/fabos-swbd75-6.3.0d-3.ppc.rpm.sig
./SWBD71/fabos-swbd86-6.3.0d-3.ppc.rpm.sig
./SWBD71/swbd12-setup-1.3.4-4.ppc.rpm.sig
./SWBD71/swbd21-setup-1.3.4-4.ppc.rpm.sig
./SWBD71/kernel-module-usb-2.6.14.2-800656491.ppc.rpm.sig
./SWBD71/gcov-1.1.0-5.ppc.rpm.sig
./SWBD71/bpimage-swbd36-6.3.0d-1.ppc.rpm.sig
./SWBD71/bpimage-swbd85-6.3.0d-1.ppc.rpm.sig
./SWBD71/preinst.sig
./SWBD71/prefwdl.sig
./SWBD71/ending_instructions.sig
./SWBD71/group.sig
./SWBD71/release.plist.sig
./SWBD71/v6.3.0d.sig
./SWBD71/development.plist.sig
./SWBD71/nfdiag.plist.sig
./SWBD71/release.xml.sig
./SWBD71/tar_file_list.sig
./SWBD71/sbin/blockcheck.sig
./SWBD66/preinst.sig
./SWBD66/prefwdl.sig
./SWBD66/ending_instructions.sig
./SWBD66/group.sig
./SWBD66/release.plist.sig
./SWBD66/v6.3.0d.sig
./SWBD66/development.plist.sig
./SWBD66/nfdiag.plist.sig
./SWBD66/release.xml.sig
./SWBD66/tar_file_list.sig
./SWBD72/preinst.sig
./SWBD72/prefwdl.sig
./SWBD72/ending_instructions.sig
./SWBD72/group.sig
./SWBD72/install.sig
./SWBD72/release.plist.sig
./SWBD72/v6.3.0d.sig
./SWBD72/development.plist.sig
./SWBD72/nfdiag.plist.sig
./SWBD72/release.xml.sig
./SWBD72/tar_file_list.sig
./SWBD75/preinst.sig
./SWBD75/prefwdl.sig
./SWBD75/ending_instructions.sig
./SWBD75/group.sig
./SWBD75/release.plist.sig
./SWBD75/v6.3.0d.sig
./SWBD75/development.plist.sig
./SWBD75/nfdiag.plist.sig
./SWBD75/release.xml.sig
./SWBD75/tar_file_list.sig
./SWBD82/preinst.sig
./SWBD82/prefwdl.sig
./SWBD82/ending_instructions.sig
./SWBD82/install.sig
./SWBD82/release.plist.sig
./SWBD82/v6.3.0d.sig
./SWBD82/development.plist.sig
./SWBD82/nfdiag.plist.sig
./SWBD82/release.xml.sig
./SWBD82/tar_file_list.sig
./SWBD83/version.conf.sig
./SWBD83/preinst.sig
./SWBD83/prefwdl.sig
./SWBD83/ending_instructions.sig
./SWBD83/group.sig
./SWBD83/release.plist.sig
./SWBD83/v6.3.0d.sig
./SWBD83/development.plist.sig
./SWBD83/nfdiag.plist.sig
./SWBD83/release.xml.sig
./SWBD83/tar_file_list.sig
./SWBD86/preinst.sig
./SWBD86/prefwdl.sig
./SWBD86/ending_instructions.sig
./SWBD86/group.sig
./SWBD86/install.sig
./SWBD86/release.plist.sig
./SWBD86/v6.3.0d.sig
./SWBD86/development.plist.sig
./SWBD86/nfdiag.plist.sig
./SWBD86/release.xml.sig
./SWBD86/tar_file_list.sig
./SWBD85/version.conf.sig
./SWBD85/prom-440epx-1.0.9-1.ppc.rpm.sig
./SWBD85/kernel-2.6.14.2-472183756.ppc.rpm.sig
./SWBD85/kernel-debug-2.6.14.2-472183756.ppc.rpm.sig
./SWBD85/apache-1.3.31-10.ppc.rpm.sig
./SWBD85/autofs-3.1.7-4.ppc.rpm.sig
./SWBD85/bash-2.04-8.ppc.rpm.sig
./SWBD85/binutils-2.16.1-3.ppc.rpm.sig
./SWBD85/binutils-libs-2.16.1-3.ppc.rpm.sig
./SWBD85/bzip-1.0.1-4.ppc.rpm.sig
./SWBD85/cpio-2.4.2-4.ppc.rpm.sig
./SWBD85/dmalloc-4.6.0-5.ppc.rpm.sig
./SWBD85/diffutils-2.7-4.ppc.rpm.sig
./SWBD85/dir-1.0.4-5.ppc.rpm.sig
./SWBD85/dev-1.4.0-2.ppc.rpm.sig
./SWBD85/e2fsprogs-1.38-5.ppc.rpm.sig
./SWBD85/fileutils-4.0-4.ppc.rpm.sig
./SWBD85/findutils-4.1-4.ppc.rpm.sig
./SWBD85/ftp-0.17-4.ppc.rpm.sig
./SWBD85/getty-2.0.7j-8.ppc.rpm.sig
./SWBD85/glibc-2.3.6-7.ppc.rpm.sig
./SWBD85/glibc-linuxthreads-2.3.6-2.ppc.rpm.sig
./SWBD85/grep-2.4.2-4.ppc.rpm.sig
./SWBD85/gzip-1.2.4a-4.ppc.rpm.sig
./SWBD85/hex-1.2-4.ppc.rpm.sig
./SWBD85/inetd-0.17-8.ppc.rpm.sig
./SWBD85/iptables-1.3-1.ppc.rpm.sig
./SWBD85/ksymoops-2.4.1-4.ppc.rpm.sig
./SWBD85/ldconfig-2.16.1-4.ppc.rpm.sig
./SWBD85/less-3.4.0-5.ppc.rpm.sig
./SWBD85/man-1.5g-7.ppc.rpm.sig
./SWBD85/ncftp-3.0.3-6.ppc.rpm.sig
./SWBD85/net-tools-1.57-6.ppc.rpm.sig
./SWBD85/netperf-2.1pl3-4.ppc.rpm.sig
./SWBD85/ntp-5.93e-4.ppc.rpm.sig
./SWBD85/oprofile-0.9.4-1.ppc.rpm.sig
./SWBD85/parted-1.4.18-4.ppc.rpm.sig
./SWBD85/pciutils-2.1.8-4.ppc.rpm.sig
./SWBD85/portmap-4.0-4.ppc.rpm.sig
./SWBD85/procps-3.3.0-3.ppc.rpm.sig
./SWBD85/psmisc-19.0.0-5.ppc.rpm.sig
./SWBD85/rdate-990821.0.0-5.ppc.rpm.sig
./SWBD85/readline-4.1-4.ppc.rpm.sig
./SWBD85/rpm-4.2-5.ppc.rpm.sig
./SWBD85/rsh-0.17-4.ppc.rpm.sig
./SWBD85/rsh-server-0.17-4.ppc.rpm.sig
./SWBD85/rusers-0.17-4.ppc.rpm.sig
./SWBD85/rusers-server-0.17-4.ppc.rpm.sig
./SWBD85/sed-3.02-4.ppc.rpm.sig
./SWBD85/sendmail-8.9-11.ppc.rpm.sig
./SWBD85/sh-utils-2.0-10.ppc.rpm.sig
./SWBD85/stat-1.0.0d-4.ppc.rpm.sig
./SWBD85/strace-4.2-4.ppc.rpm.sig
./SWBD85/sysklogd-1.4-9.ppc.rpm.sig
./SWBD85/sysvinit-2.78-9.ppc.rpm.sig
./SWBD85/tar-1.13.19-4.ppc.rpm.sig
./SWBD85/rsync-2.6.9-2.ppc.rpm.sig
./SWBD85/tcpd-7.6-4.ppc.rpm.sig
./SWBD85/tcpdump-3.6.2-4.ppc.rpm.sig
./SWBD85/telnet-0.17-7.ppc.rpm.sig
./SWBD85/telnet-server-0.17-7.ppc.rpm.sig
./SWBD85/termcap-1.3-5.ppc.rpm.sig
./SWBD85/terminfo-11.2.0-6.ppc.rpm.sig
./SWBD85/textutils-1.22-4.ppc.rpm.sig
./SWBD85/tftp-0.17-4.ppc.rpm.sig
./SWBD85/tftp-server-0.17-4.ppc.rpm.sig
./SWBD85/tz-7.11-6.ppc.rpm.sig
./SWBD85/pam-0.74-28.ppc.rpm.sig
./SWBD85/util-linux-2.12o-18.ppc.rpm.sig
./SWBD85/uucp-1.06-5.ppc.rpm.sig
./SWBD85/uuid-libs-1.22-4.ppc.rpm.sig
./SWBD85/vixie-cron-3.0.1-62_4.ppc.rpm.sig
./SWBD85/wget-1.5.3-4.ppc.rpm.sig
./SWBD85/which-2.12-4.ppc.rpm.sig
./SWBD85/wu-ftpd-2.6.1-4.ppc.rpm.sig
./SWBD85/yp-tools-2.4-4.ppc.rpm.sig
./SWBD85/ypbind-3.3-4.ppc.rpm.sig
./SWBD85/zlib-1.1.4-5.ppc.rpm.sig
./SWBD85/misc-1.0.0-5.ppc.rpm.sig
./SWBD85/popt-1.3-4.ppc.rpm.sig
./SWBD85/logrotate-3.5.4-6.ppc.rpm.sig
./SWBD85/fastcgi-2.2-4.ppc.rpm.sig
./SWBD85/ltt-0.9.5a-4.ppc.rpm.sig
./SWBD85/iproute2-2.4-10.ppc.rpm.sig
./SWBD85/libxml2-2.6.30-1.ppc.rpm.sig
./SWBD85/sysstat-5.0.4-8.ppc.rpm.sig
./SWBD85/sqlite-3.2.1-4.ppc.rpm.sig
./SWBD85/dhcpcd-1.3-4.ppc.rpm.sig
./SWBD85/wdtd-1.0.0-5.ppc.rpm.sig
./SWBD85/modutils-3.1-9.ppc.rpm.sig
./SWBD85/ipv6-1.2-8.ppc.rpm.sig
./SWBD85/awk-3.1.0-4.ppc.rpm.sig
./SWBD85/nfs-utils-1.0-5.ppc.rpm.sig
./SWBD85/traceroute-1.4a12-12.ppc.rpm.sig
./SWBD85/ipsec-1.0-1.ppc.rpm.sig
./SWBD85/curl-7.19.5-1.ppc.rpm.sig
./SWBD85/tftp-hpa-0.40-1.ppc.rpm.sig
./SWBD85/bootp-2.4.3-1.ppc.rpm.sig
./SWBD85/pcsc-lite-1.5-3.ppc.rpm.sig
./SWBD85/xercesc-2.8.0-1.ppc.rpm.sig
./SWBD85/fss-6.3.0d-11.ppc.rpm.sig
./SWBD85/bfos-init-6.3.0d-7.ppc.rpm.sig
./SWBD85/bfos-utils-6.3.0d-7.ppc.rpm.sig
./SWBD85/bfos-drivers-6.3.0d-11.ppc.rpm.sig
./SWBD85/bfos-libs-6.3.0d-8.ppc.rpm.sig
./SWBD85/bfos-daemons-6.3.0d-12.ppc.rpm.sig
./SWBD85/bfos-swbd36-6.3.0d-3.ppc.rpm.sig
./SWBD85/bfos-swbd47-6.3.0d-3.ppc.rpm.sig
./SWBD85/bfos-swbd50-6.3.0d-3.ppc.rpm.sig
./SWBD85/bfos-swbd55-6.3.0d-3.ppc.rpm.sig
./SWBD85/eccrepd-bfos-6.3.0d-10.ppc.rpm.sig
./SWBD85/openssh-3.5p1-9.ppc.rpm.sig
./SWBD85/openssh-server-3.5p1-9.ppc.rpm.sig
./SWBD85/openssl-0.9.8-2.ppc.rpm.sig
./SWBD85/openssl-libs-0.9.8-2.ppc.rpm.sig
./SWBD85/swbd85-setup-6.3.0d-1.ppc.rpm.sig
./SWBD85/bfos-swbd85-6.3.0d-3.ppc.rpm.sig
./SWBD85/fabos-minimal-setup-6.3.0d-3.ppc.rpm.sig
./SWBD85/fpga-utils-6.3.0d-03.ppc.rpm.sig
./SWBD85/gcov-1.1.0-5.ppc.rpm.sig
./SWBD85/prefwdl.sig
./SWBD85/ending_instructions.sig
./SWBD85/group.sig
./SWBD85/release.plist.sig
./SWBD85/v6.3.0d.sig
./SWBD85/development.plist.sig
./SWBD85/nfdiag.plist.sig
./SWBD85/release.xml.sig
./SWBD85/tar_file_list.sig
./SWBD85/sbin/blockcheck.sig
./SWBD88/version.conf.sig
./SWBD88/prom-440epx-1.0.9-1.ppc.rpm.sig
./SWBD88/kernel-2.6.14.2-550062134.ppc.rpm.sig
./SWBD88/kernel-debug-2.6.14.2-550062134.ppc.rpm.sig
./SWBD88/apache-1.3.31-10.ppc.rpm.sig
./SWBD88/autofs-3.1.7-4.ppc.rpm.sig
./SWBD88/bash-2.04-8.ppc.rpm.sig
./SWBD88/binutils-2.16.1-3.ppc.rpm.sig
./SWBD88/binutils-libs-2.16.1-3.ppc.rpm.sig
./SWBD88/bzip-1.0.1-4.ppc.rpm.sig
./SWBD88/cpio-2.4.2-4.ppc.rpm.sig
./SWBD88/dmalloc-4.6.0-5.ppc.rpm.sig
./SWBD88/diffutils-2.7-4.ppc.rpm.sig
./SWBD88/dir-1.0.4-5.ppc.rpm.sig
./SWBD88/dev-1.4.0-2.ppc.rpm.sig
./SWBD88/e2fsprogs-1.38-5.ppc.rpm.sig
./SWBD88/fileutils-4.0-4.ppc.rpm.sig
./SWBD88/findutils-4.1-4.ppc.rpm.sig
./SWBD88/ftp-0.17-4.ppc.rpm.sig
./SWBD88/getty-2.0.7j-8.ppc.rpm.sig
./SWBD88/glibc-2.3.6-7.ppc.rpm.sig
./SWBD88/glibc-linuxthreads-2.3.6-2.ppc.rpm.sig
./SWBD88/grep-2.4.2-4.ppc.rpm.sig
./SWBD88/gzip-1.2.4a-4.ppc.rpm.sig
./SWBD88/hex-1.2-4.ppc.rpm.sig
./SWBD88/inetd-0.17-8.ppc.rpm.sig
./SWBD88/iptables-1.3-1.ppc.rpm.sig
./SWBD88/ksymoops-2.4.1-4.ppc.rpm.sig
./SWBD88/ldconfig-2.16.1-4.ppc.rpm.sig
./SWBD88/less-3.4.0-5.ppc.rpm.sig
./SWBD88/man-1.5g-7.ppc.rpm.sig
./SWBD88/ncftp-3.0.3-6.ppc.rpm.sig
./SWBD88/net-tools-1.57-6.ppc.rpm.sig
./SWBD88/netperf-2.1pl3-4.ppc.rpm.sig
./SWBD88/ntp-5.93e-4.ppc.rpm.sig
./SWBD88/oprofile-0.9.4-1.ppc.rpm.sig
./SWBD88/parted-1.4.18-4.ppc.rpm.sig
./SWBD88/pciutils-2.1.8-4.ppc.rpm.sig
./SWBD88/portmap-4.0-4.ppc.rpm.sig
./SWBD88/procps-3.3.0-3.ppc.rpm.sig
./SWBD88/psmisc-19.0.0-5.ppc.rpm.sig
./SWBD88/rdate-990821.0.0-5.ppc.rpm.sig
./SWBD88/readline-4.1-4.ppc.rpm.sig
./SWBD88/rpm-4.2-5.ppc.rpm.sig
./SWBD88/rsh-0.17-4.ppc.rpm.sig
./SWBD88/rsh-server-0.17-4.ppc.rpm.sig
./SWBD88/rusers-0.17-4.ppc.rpm.sig
./SWBD88/rusers-server-0.17-4.ppc.rpm.sig
./SWBD88/sed-3.02-4.ppc.rpm.sig
./SWBD88/sendmail-8.9-11.ppc.rpm.sig
./SWBD88/sh-utils-2.0-10.ppc.rpm.sig
./SWBD88/stat-1.0.0d-4.ppc.rpm.sig
./SWBD88/strace-4.2-4.ppc.rpm.sig
./SWBD88/sysklogd-1.4-9.ppc.rpm.sig
./SWBD88/sysvinit-2.78-9.ppc.rpm.sig
./SWBD88/tar-1.13.19-4.ppc.rpm.sig
./SWBD88/rsync-2.6.9-2.ppc.rpm.sig
./SWBD88/tcpd-7.6-4.ppc.rpm.sig
./SWBD88/tcpdump-3.6.2-4.ppc.rpm.sig
./SWBD88/telnet-0.17-7.ppc.rpm.sig
./SWBD88/telnet-server-0.17-7.ppc.rpm.sig
./SWBD88/termcap-1.3-5.ppc.rpm.sig
./SWBD88/terminfo-11.2.0-6.ppc.rpm.sig
./SWBD88/textutils-1.22-4.ppc.rpm.sig
./SWBD88/tftp-0.17-4.ppc.rpm.sig
./SWBD88/tftp-server-0.17-4.ppc.rpm.sig
./SWBD88/tz-7.11-6.ppc.rpm.sig
./SWBD88/pam-0.74-28.ppc.rpm.sig
./SWBD88/util-linux-2.12o-18.ppc.rpm.sig
./SWBD88/uucp-1.06-5.ppc.rpm.sig
./SWBD88/uuid-libs-1.22-4.ppc.rpm.sig
./SWBD88/vixie-cron-3.0.1-62_4.ppc.rpm.sig
./SWBD88/wget-1.5.3-4.ppc.rpm.sig
./SWBD88/which-2.12-4.ppc.rpm.sig
./SWBD88/wu-ftpd-2.6.1-4.ppc.rpm.sig
./SWBD88/yp-tools-2.4-4.ppc.rpm.sig
./SWBD88/ypbind-3.3-4.ppc.rpm.sig
./SWBD88/zlib-1.1.4-5.ppc.rpm.sig
./SWBD88/misc-1.0.0-5.ppc.rpm.sig
./SWBD88/popt-1.3-4.ppc.rpm.sig
./SWBD88/logrotate-3.5.4-6.ppc.rpm.sig
./SWBD88/fastcgi-2.2-4.ppc.rpm.sig
./SWBD88/ltt-0.9.5a-4.ppc.rpm.sig
./SWBD88/iproute2-2.4-10.ppc.rpm.sig
./SWBD88/libxml2-2.6.30-1.ppc.rpm.sig
./SWBD88/sysstat-5.0.4-8.ppc.rpm.sig
./SWBD88/sqlite-3.2.1-4.ppc.rpm.sig
./SWBD88/dhcpcd-1.3-4.ppc.rpm.sig
./SWBD88/wdtd-1.0.0-5.ppc.rpm.sig
./SWBD88/modutils-3.1-9.ppc.rpm.sig
./SWBD88/ipv6-1.2-8.ppc.rpm.sig
./SWBD88/awk-3.1.0-4.ppc.rpm.sig
./SWBD88/nfs-utils-1.0-5.ppc.rpm.sig
./SWBD88/traceroute-1.4a12-12.ppc.rpm.sig
./SWBD88/ipsec-1.0-1.ppc.rpm.sig
./SWBD88/curl-7.19.5-1.ppc.rpm.sig
./SWBD88/tftp-hpa-0.40-1.ppc.rpm.sig
./SWBD88/bootp-2.4.3-1.ppc.rpm.sig
./SWBD88/pcsc-lite-1.5-3.ppc.rpm.sig
./SWBD88/xercesc-2.8.0-1.ppc.rpm.sig
./SWBD88/nfdiag-6.3.0d-3.ppc.rpm.sig
./SWBD88/fss-6.3.0d-11.ppc.rpm.sig
./SWBD88/bfos-init-6.3.0d-7.ppc.rpm.sig
./SWBD88/bfos-utils-6.3.0d-7.ppc.rpm.sig
./SWBD88/bfos-drivers-6.3.0d-11.ppc.rpm.sig
./SWBD88/bfos-libs-6.3.0d-8.ppc.rpm.sig
./SWBD88/bfos-daemons-6.3.0d-12.ppc.rpm.sig
./SWBD88/bfos-swbd36-6.3.0d-3.ppc.rpm.sig
./SWBD88/bfos-swbd47-6.3.0d-3.ppc.rpm.sig
./SWBD88/bfos-swbd50-6.3.0d-3.ppc.rpm.sig
./SWBD88/bfos-swbd55-6.3.0d-3.ppc.rpm.sig
./SWBD88/eccrepd-bfos-6.3.0d-10.ppc.rpm.sig
./SWBD88/bfos-swbd88-6.3.0d-3.ppc.rpm.sig
./SWBD88/fabos-minimal-setup-6.3.0d-3.ppc.rpm.sig
./SWBD88/bfos-fpga-swbd88-1.0.0-@ZEUS_IMAGE_CKSUM@.ppc.rpm.sig
./SWBD88/gcov-1.1.0-5.ppc.rpm.sig
./SWBD88/prefwdl.sig
./SWBD88/ending_instructions.sig
./SWBD88/group.sig
./SWBD88/release.plist.sig
./SWBD88/v6.3.0d.sig
./SWBD88/development.plist.sig
./SWBD88/nfdiag.plist.sig
./SWBD88/release.xml.sig
./SWBD88/tar_file_list.sig
./SWBD88/sbin/blockcheck.sig
./fw_files.log.sig
