./SWBD21/version.conf
./SWBD21/swbd23-prom-4.6.6-1.ppc.rpm
./SWBD21/kernel-2.6.14.2-141223800.ppc.rpm
./SWBD21/kernel-debug-2.6.14.2-141223800.ppc.rpm
./SWBD21/kernel-xfs-2.6.14.2-141223800.ppc.rpm
./SWBD21/kernel-xfs-debug-2.6.14.2-141223800.ppc.rpm
./SWBD21/fabos-6.4.3h-11.ppc.rpm
./SWBD21/fabos-daemons-6.4.3h-3.ppc.rpm
./SWBD21/fabos-debug-6.4.3h-6.ppc.rpm
./SWBD21/fabos-diag-6.4.3h-13.ppc.rpm
./SWBD21/fabos-newdiag-6.4.3h-13.ppc.rpm
./SWBD21/fabos-drivers-6.4.3h-11.ppc.rpm
./SWBD21/fabos-fw-6.4.3h-10.ppc.rpm
./SWBD21/fabos-hmon-6.4.3h-10.ppc.rpm
./SWBD21/fabos-libs-6.4.3h-11.ppc.rpm
./SWBD21/fabos-man-6.4.3h-13.ppc.rpm
./SWBD21/fabos-quickloop-6.4.3h-10.ppc.rpm
./SWBD21/fabos-setup-6.4.3h-15.ppc.rpm
./SWBD21/fabos-webtools-6.4.3h-11.ppc.rpm
./SWBD21/fabos-webtoolsez-6.4.3h-3.ppc.rpm
./SWBD21/fabos-wwnhs-6.4.3h-10.ppc.rpm
./SWBD21/fabos-zoning-6.4.3h-10.ppc.rpm
./SWBD21/nfdiag-6.4.3h-3.ppc.rpm
./SWBD21/bootenv-1.0.2-7.ppc.rpm
./SWBD21/chkconfig-1.0.0-7.ppc.rpm
./SWBD21/fwdl-6.4.3h-46.ppc.rpm
./SWBD21/sin-1.1.0-6.ppc.rpm
./SWBD21/mtracer-tool-2.4.19-13.ppc.rpm
./SWBD21/rcinit-1.1.4-9.ppc.rpm
./SWBD21/setup-6.4.3h-27.ppc.rpm
./SWBD21/openssh-5.2p1-10.ppc.rpm
./SWBD21/openssh-server-5.2p1-10.ppc.rpm
./SWBD21/openssl-0.9.8-2.ppc.rpm
./SWBD21/openssl-libs-0.9.8-2.ppc.rpm
./SWBD21/fss-6.4.3h-11.ppc.rpm
./SWBD21/eccrepd-6.4.3h-10.ppc.rpm
./SWBD21/dev-1.4.0-2.ppc.rpm
./SWBD21/uuid-libs-1.22-4.ppc.rpm
./SWBD21/util-linux-2.12o-18.ppc.rpm
./SWBD21/swbd21-drivers-2.4.19-4.ppc.rpm
./SWBD21/fabos-swbd32-6.4.3h-10.ppc.rpm
./SWBD21/fabos-swbd44-6.4.3h-3.ppc.rpm
./SWBD21/fabos-swbd58-6.4.3h-3.ppc.rpm
./SWBD21/fabos-swbd70-6.4.3h-10.ppc.rpm
./SWBD21/swbd12-setup-1.3.4-4.ppc.rpm
./SWBD21/kernel-module-ipsec-2.6.14.2-141223800.ppc.rpm
./SWBD21/gcov-1.1.0-5.ppc.rpm
./SWBD21/sbin/blockcheck
./SWBD21/bpmac
./SWBD32/preinst
./SWBD32/prefwdl
./SWBD32/ending_instructions
./SWBD32/group
./SWBD32/install
./SWBD32/release.plist
./SWBD32/v6.4.3h
./SWBD32/development.plist
./SWBD32/nfdiag.plist
./SWBD32/release.xml
./SWBD32/tar_file_list
./SWBD44/preinst
./SWBD44/prefwdl
./SWBD44/ending_instructions
./SWBD44/group
./SWBD44/release.plist
./SWBD44/v6.4.3h
./SWBD44/development.plist
./SWBD44/nfdiag.plist
./SWBD44/release.xml
./SWBD44/tar_file_list
./SWBD58/preinst
./SWBD58/prefwdl
./SWBD58/ending_instructions
./SWBD58/group
./SWBD58/install
./SWBD58/release.plist
./SWBD58/v6.4.3h
./SWBD58/development.plist
./SWBD58/nfdiag.plist
./SWBD58/release.xml
./SWBD58/tar_file_list
./SWBD70/preinst
./SWBD70/prefwdl
./SWBD70/ending_instructions
./SWBD70/group
./SWBD70/install
./SWBD70/release.plist
./SWBD70/v6.4.3h
./SWBD70/development.plist
./SWBD70/nfdiag.plist
./SWBD70/release.xml
./SWBD70/tar_file_list
./common/oss/apache-1.3.31-10.ppc.rpm
./common/oss/autofs-3.1.7-4.ppc.rpm
./common/oss/bash-2.04-8.ppc.rpm
./common/oss/binutils-2.16.1-3.ppc.rpm
./common/oss/binutils-libs-2.16.1-3.ppc.rpm
./common/oss/bzip-1.0.1-4.ppc.rpm
./common/oss/cpio-2.4.2-4.ppc.rpm
./common/oss/dmalloc-4.6.0-5.ppc.rpm
./common/oss/diffutils-2.7-4.ppc.rpm
./common/oss/dir-1.0.4-5.ppc.rpm
./common/oss/e2fsprogs-1.38-5.ppc.rpm
./common/oss/fileutils-4.0-4.ppc.rpm
./common/oss/findutils-4.1-4.ppc.rpm
./common/oss/ftp-0.17-4.ppc.rpm
./common/oss/getty-2.0.7j-8.ppc.rpm
./common/oss/glibc-2.3.6-8.ppc.rpm
./common/oss/glibc-linuxthreads-2.3.6-3.ppc.rpm
./common/oss/grep-2.4.2-4.ppc.rpm
./common/oss/gzip-1.2.4a-4.ppc.rpm
./common/oss/hex-1.2-4.ppc.rpm
./common/oss/inetd-0.17-8.ppc.rpm
./common/oss/iptables-1.3-1.ppc.rpm
./common/oss/ksymoops-2.4.1-4.ppc.rpm
./common/oss/ldconfig-2.16.1-4.ppc.rpm
./common/oss/less-3.4.0-5.ppc.rpm
./common/oss/man-1.5g-7.ppc.rpm
./common/oss/ncftp-3.0.3-6.ppc.rpm
./common/oss/net-tools-1.57-6.ppc.rpm
./common/oss/netperf-2.1pl3-4.ppc.rpm
./common/oss/ntp-5.93e-4.ppc.rpm
./common/oss/oprofile-0.9.4-1.ppc.rpm
./common/oss/parted-1.4.18-4.ppc.rpm
./common/oss/pciutils-2.1.8-4.ppc.rpm
./common/oss/portmap-4.0-4.ppc.rpm
./common/oss/procps-3.3.0-3.ppc.rpm
./common/oss/psmisc-19.0.0-5.ppc.rpm
./common/oss/rdate-990821.0.0-5.ppc.rpm
./common/oss/readline-4.1-4.ppc.rpm
./common/oss/rpm-4.2-5.ppc.rpm
./common/oss/rsh-0.17-4.ppc.rpm
./common/oss/rsh-server-0.17-4.ppc.rpm
./common/oss/rusers-0.17-4.ppc.rpm
./common/oss/rusers-server-0.17-4.ppc.rpm
./common/oss/sed-3.02-6.ppc.rpm
./common/oss/sendmail-8.9-11.ppc.rpm
./common/oss/sh-utils-2.0-10.ppc.rpm
./common/oss/stat-1.0.0d-4.ppc.rpm
./common/oss/strace-4.2-4.ppc.rpm
./common/oss/sysklogd-1.4-9.ppc.rpm
./common/oss/sysvinit-2.78-10.ppc.rpm
./common/oss/tar-1.13.19-4.ppc.rpm
./common/oss/rsync-2.6.9-2.ppc.rpm
./common/oss/tcpd-7.6-4.ppc.rpm
./common/oss/tcpdump-3.6.2-4.ppc.rpm
./common/oss/telnet-0.17-7.ppc.rpm
./common/oss/telnet-server-0.17-7.ppc.rpm
./common/oss/termcap-1.3-5.ppc.rpm
./common/oss/terminfo-11.2.0-6.ppc.rpm
./common/oss/textutils-1.22-4.ppc.rpm
./common/oss/tftp-0.17-4.ppc.rpm
./common/oss/tftp-server-0.17-4.ppc.rpm
./common/oss/tz-7.11-6.ppc.rpm
./common/oss/pam-0.74-28.ppc.rpm
./common/oss/uucp-1.06-6.ppc.rpm
./common/oss/vixie-cron-3.0.1-62_4.ppc.rpm
./common/oss/wget-1.5.3-4.ppc.rpm
./common/oss/which-2.12-4.ppc.rpm
./common/oss/wu-ftpd-2.6.1-4.ppc.rpm
./common/oss/yp-tools-2.4-4.ppc.rpm
./common/oss/ypbind-3.3-4.ppc.rpm
./common/oss/zlib-1.1.4-5.ppc.rpm
./common/oss/misc-1.0.0-6.ppc.rpm
./common/oss/popt-1.3-4.ppc.rpm
./common/oss/logrotate-3.5.4-6.ppc.rpm
./common/oss/fastcgi-2.2-4.ppc.rpm
./common/oss/ltt-0.9.5a-4.ppc.rpm
./common/oss/iproute2-2.4-10.ppc.rpm
./common/oss/libxml2-2.6.30-1.ppc.rpm
./common/oss/sysstat-5.0.4-8.ppc.rpm
./common/oss/sqlite-3.2.1-4.ppc.rpm
./common/oss/dhcpcd-1.3-4.ppc.rpm
./common/oss/wdtd-1.0.0-5.ppc.rpm
./common/oss/modutils-3.1-9.ppc.rpm
./common/oss/ipv6-1.2-8.ppc.rpm
./common/oss/awk-3.1.0-6.ppc.rpm
./common/oss/nfs-utils-1.0-7.ppc.rpm
./common/oss/traceroute-1.4a12-12.ppc.rpm
./common/oss/ipsec-1.0-1.ppc.rpm
./common/oss/curl-7.19.5-1.ppc.rpm
./common/oss/tftp-hpa-0.40-1.ppc.rpm
./common/oss/bootp-2.4.3-1.ppc.rpm
./common/oss/pcsc-lite-1.5-3.ppc.rpm
./common/oss/xercesc-2.8.0-1.ppc.rpm
./common/oss/minicom-2.1-2.7.ppc.rpm
./common/BP/bpimage-swbd36-6.4.3h-1.ppc.rpm
./common/BP/bpimage-swbd47-6.4.3h-1.ppc.rpm
./common/BP/bpimage-swbd50-6.4.3h-1.ppc.rpm
./common/BP/bpimage-swbd55-6.4.3h-1.ppc.rpm
./common/BP/bpimage-swbd68-6.4.3h-1.ppc.rpm
./common/BP/bpimage-swbd89-6.4.3h-1.ppc.rpm
./common/BP/bpimage-swbd63-6.4.3h-1.ppc.rpm
./common/BP/bpimage-swbd88-6.4.3h-1.ppc.rpm
./common/BP/bpimage-swbd85-6.4.3h-1.ppc.rpm
./install
./install_verify
./sbin/create_release_file
./platform_names
./app_names
./pubkey.pem
./SWBD42/version.conf
./SWBD42/swbd23-prom-4.6.6-1.ppc.rpm
./SWBD42/kernel-2.6.14.2-3153060813.ppc.rpm
./SWBD42/kernel-debug-2.6.14.2-3153060813.ppc.rpm
./SWBD42/fabos-6.4.3h-11.ppc.rpm
./SWBD42/fabos-daemons-6.4.3h-3.ppc.rpm
./SWBD42/fabos-debug-6.4.3h-6.ppc.rpm
./SWBD42/fabos-diag-6.4.3h-13.ppc.rpm
./SWBD42/fabos-newdiag-6.4.3h-13.ppc.rpm
./SWBD42/fabos-drivers-6.4.3h-11.ppc.rpm
./SWBD42/fabos-fw-6.4.3h-10.ppc.rpm
./SWBD42/fabos-hmon-6.4.3h-10.ppc.rpm
./SWBD42/fabos-libs-6.4.3h-11.ppc.rpm
./SWBD42/fabos-man-6.4.3h-13.ppc.rpm
./SWBD42/fabos-quickloop-6.4.3h-10.ppc.rpm
./SWBD42/fabos-setup-6.4.3h-15.ppc.rpm
./SWBD42/fabos-webtools-6.4.3h-11.ppc.rpm
./SWBD42/fabos-webtoolsez-6.4.3h-3.ppc.rpm
./SWBD42/fabos-wwnhs-6.4.3h-10.ppc.rpm
./SWBD42/fabos-zoning-6.4.3h-10.ppc.rpm
./SWBD42/nfdiag-6.4.3h-3.ppc.rpm
./SWBD42/bootenv-1.0.2-7.ppc.rpm
./SWBD42/chkconfig-1.0.0-7.ppc.rpm
./SWBD42/fwdl-6.4.3h-46.ppc.rpm
./SWBD42/sin-1.1.0-6.ppc.rpm
./SWBD42/mtracer-tool-2.4.19-13.ppc.rpm
./SWBD42/rcinit-1.1.4-9.ppc.rpm
./SWBD42/setup-6.4.3h-27.ppc.rpm
./SWBD42/openssh-5.2p1-10.ppc.rpm
./SWBD42/openssh-server-5.2p1-10.ppc.rpm
./SWBD42/openssl-0.9.8-2.ppc.rpm
./SWBD42/openssl-libs-0.9.8-2.ppc.rpm
./SWBD42/fss-6.4.3h-11.ppc.rpm
./SWBD42/eccrepd-6.4.3h-10.ppc.rpm
./SWBD42/dev-1.4.0-2.ppc.rpm
./SWBD42/uuid-libs-1.22-4.ppc.rpm
./SWBD42/util-linux-2.12o-18.ppc.rpm
./SWBD42/fabos-routing-6.4.3h-10.ppc.rpm
./SWBD42/fabos-swbd42-6.4.3h-11.ppc.rpm
./SWBD42/fabos-swbd46-6.4.3h-3.ppc.rpm
./SWBD42/swbd21-setup-1.3.4-4.ppc.rpm
./SWBD42/fpga-utils-6.4.3h-03.ppc.rpm
./SWBD42/kernel-module-nf-2.6.14.2-3153060813.ppc.rpm
./SWBD42/kernel-module-ipsec-2.6.14.2-3153060813.ppc.rpm
./SWBD42/gcov-1.1.0-5.ppc.rpm
./SWBD42/preinst
./SWBD42/prefwdl
./SWBD42/ending_instructions
./SWBD42/group
./SWBD42/release.plist
./SWBD42/v6.4.3h
./SWBD42/development.plist
./SWBD42/nfdiag.plist
./SWBD42/release.xml
./SWBD42/tar_file_list
./SWBD42/sbin/blockcheck
./SWBD46/version.conf
./SWBD46/preinst
./SWBD46/prefwdl
./SWBD46/ending_instructions
./SWBD46/group
./SWBD46/release.plist
./SWBD46/v6.4.3h
./SWBD46/development.plist
./SWBD46/nfdiag.plist
./SWBD46/release.xml
./SWBD46/tar_file_list
./SWBD36/version.conf
./SWBD36/swbd23-prom-4.6.6-1.ppc.rpm
./SWBD36/prom-1250-1.0.16-6.ppc.rpm
./SWBD36/prom-1125-1.0.13-4.ppc.rpm
./SWBD36/kernel-2.6.14.2-3333859700.ppc.rpm
./SWBD36/kernel-debug-2.6.14.2-3333859700.ppc.rpm
./SWBD36/fss-6.4.3h-11.ppc.rpm
./SWBD36/bfos-init-6.4.3h-8.ppc.rpm
./SWBD36/bfos-utils-6.4.3h-7.ppc.rpm
./SWBD36/bfos-drivers-6.4.3h-11.ppc.rpm
./SWBD36/bfos-libs-6.4.3h-8.ppc.rpm
./SWBD36/bfos-daemons-6.4.3h-12.ppc.rpm
./SWBD36/bfos-swbd36-6.4.3h-3.ppc.rpm
./SWBD36/bfos-swbd47-6.4.3h-3.ppc.rpm
./SWBD36/bfos-swbd50-6.4.3h-3.ppc.rpm
./SWBD36/bfos-swbd55-6.4.3h-3.ppc.rpm
./SWBD36/eccrepd-bfos-6.4.3h-10.ppc.rpm
./SWBD36/dev-1.4.0-2.ppc.rpm
./SWBD36/uuid-libs-1.22-4.ppc.rpm
./SWBD36/util-linux-2.12o-18.ppc.rpm
./SWBD36/4350-image-1.2.0-8.ppc.rpm
./SWBD36/1250-image-1.0.0-1112153926.ppc.rpm
./SWBD36/1125-image-6.4.3h-3.ppc.rpm
./SWBD36/fpga-utils-6.4.3h-03.ppc.rpm
./SWBD36/gcov-1.1.0-5.ppc.rpm
./SWBD36/prefwdl
./SWBD36/ending_instructions
./SWBD36/group
./SWBD36/release.plist
./SWBD36/v6.4.3h
./SWBD36/development.plist
./SWBD36/nfdiag.plist
./SWBD36/release.xml
./SWBD36/tar_file_list
./SWBD36/sbin/blockcheck
./SWBD47/version.conf
./SWBD47/prefwdl
./SWBD47/ending_instructions
./SWBD47/group
./SWBD47/release.plist
./SWBD47/v6.4.3h
./SWBD47/development.plist
./SWBD47/nfdiag.plist
./SWBD47/release.xml
./SWBD47/tar_file_list
./SWBD50/version.conf
./SWBD50/prefwdl
./SWBD50/ending_instructions
./SWBD50/group
./SWBD50/release.plist
./SWBD50/v6.4.3h
./SWBD50/development.plist
./SWBD50/nfdiag.plist
./SWBD50/release.xml
./SWBD50/tar_file_list
./SWBD52/version.conf
./SWBD52/sas-3.4.3.h-4.ppc.rpm
./SWBD52/ending_instructions
./SWBD52/release.plist
./SWBD52/v6.4.3h
./SWBD52/development.plist
./SWBD52/release.xml
./SWBD52/tar_file_list
./SWBD55/version.conf
./SWBD55/prom-8548-1.0.15-1.ppc.rpm
./SWBD55/prom-1250-1.0.16-6.ppc.rpm
./SWBD55/kernel-2.6.14.2-1102202758.ppc.rpm
./SWBD55/kernel-debug-2.6.14.2-1102202758.ppc.rpm
./SWBD55/fss-6.4.3h-11.ppc.rpm
./SWBD55/bfos-init-6.4.3h-8.ppc.rpm
./SWBD55/bfos-utils-6.4.3h-7.ppc.rpm
./SWBD55/bfos-drivers-6.4.3h-11.ppc.rpm
./SWBD55/bfos-libs-6.4.3h-8.ppc.rpm
./SWBD55/bfos-daemons-6.4.3h-12.ppc.rpm
./SWBD55/bfos-swbd36-6.4.3h-3.ppc.rpm
./SWBD55/bfos-swbd47-6.4.3h-3.ppc.rpm
./SWBD55/bfos-swbd50-6.4.3h-3.ppc.rpm
./SWBD55/bfos-swbd55-6.4.3h-3.ppc.rpm
./SWBD55/eccrepd-bfos-6.4.3h-10.ppc.rpm
./SWBD55/dev-1.4.0-2.ppc.rpm
./SWBD55/uuid-libs-1.22-4.ppc.rpm
./SWBD55/util-linux-2.12o-18.ppc.rpm
./SWBD55/openssh-5.2p1-10.ppc.rpm
./SWBD55/openssh-server-5.2p1-10.ppc.rpm
./SWBD55/openssl-0.9.8-2.ppc.rpm
./SWBD55/openssl-libs-0.9.8-2.ppc.rpm
./SWBD55/swbd55-setup-6.4.3h-1.ppc.rpm
./SWBD55/bfos-swbd68-6.4.3h-9.ppc.rpm
./SWBD55/bfos-swbd89-6.4.3h-9.ppc.rpm
./SWBD55/sp-firmware-6.4.3h-1.ppc.rpm
./SWBD55/fpga-utils-6.4.3h-03.ppc.rpm
./SWBD55/fabos-minimal-setup-6.4.3h-3.ppc.rpm
./SWBD55/kernel-module-net-2.6.14.2-1102202758.ppc.rpm
./SWBD55/fsl8548-brcdecc-module-2.6.14.2-1102202758.ppc.rpm
./SWBD55/gcov-1.1.0-5.ppc.rpm
./SWBD55/prefwdl
./SWBD55/ending_instructions
./SWBD55/group
./SWBD55/release.plist
./SWBD55/v6.4.3h
./SWBD55/development.plist
./SWBD55/nfdiag.plist
./SWBD55/release.xml
./SWBD55/tar_file_list
./SWBD55/sbin/blockcheck
./FabosSDK.tar.gz
./SWBD68/version.conf
./SWBD68/prefwdl
./SWBD68/ending_instructions
./SWBD68/group
./SWBD68/release.plist
./SWBD68/v6.4.3h
./SWBD68/development.plist
./SWBD68/nfdiag.plist
./SWBD68/release.xml
./SWBD68/tar_file_list
./SWBD89/version.conf
./SWBD89/prefwdl
./SWBD89/ending_instructions
./SWBD89/group
./SWBD89/release.plist
./SWBD89/v6.4.3h
./SWBD89/development.plist
./SWBD89/nfdiag.plist
./SWBD89/release.xml
./SWBD89/tar_file_list
./SWBD62/version.conf
./SWBD62/prom-8548-1.0.15-1.ppc.rpm
./SWBD62/kernel-2.6.14.2-926192526.ppc.rpm
./SWBD62/kernel-debug-2.6.14.2-926192526.ppc.rpm
./SWBD62/fabos-6.4.3h-11.ppc.rpm
./SWBD62/fabos-daemons-6.4.3h-3.ppc.rpm
./SWBD62/fabos-debug-6.4.3h-6.ppc.rpm
./SWBD62/fabos-diag-6.4.3h-13.ppc.rpm
./SWBD62/fabos-newdiag-6.4.3h-13.ppc.rpm
./SWBD62/fabos-drivers-6.4.3h-11.ppc.rpm
./SWBD62/fabos-fw-6.4.3h-10.ppc.rpm
./SWBD62/fabos-hmon-6.4.3h-10.ppc.rpm
./SWBD62/fabos-libs-6.4.3h-11.ppc.rpm
./SWBD62/fabos-man-6.4.3h-13.ppc.rpm
./SWBD62/fabos-quickloop-6.4.3h-10.ppc.rpm
./SWBD62/fabos-setup-6.4.3h-15.ppc.rpm
./SWBD62/fabos-webtools-6.4.3h-11.ppc.rpm
./SWBD62/fabos-webtoolsez-6.4.3h-3.ppc.rpm
./SWBD62/fabos-wwnhs-6.4.3h-10.ppc.rpm
./SWBD62/fabos-zoning-6.4.3h-10.ppc.rpm
./SWBD62/nfdiag-6.4.3h-3.ppc.rpm
./SWBD62/bootenv-1.0.2-7.ppc.rpm
./SWBD62/chkconfig-1.0.0-7.ppc.rpm
./SWBD62/fwdl-6.4.3h-46.ppc.rpm
./SWBD62/sin-1.1.0-6.ppc.rpm
./SWBD62/mtracer-tool-2.4.19-13.ppc.rpm
./SWBD62/rcinit-1.1.4-9.ppc.rpm
./SWBD62/setup-6.4.3h-27.ppc.rpm
./SWBD62/openssh-5.2p1-10.ppc.rpm
./SWBD62/openssh-server-5.2p1-10.ppc.rpm
./SWBD62/openssl-0.9.8-2.ppc.rpm
./SWBD62/openssl-libs-0.9.8-2.ppc.rpm
./SWBD62/fss-6.4.3h-11.ppc.rpm
./SWBD62/eccrepd-6.4.3h-10.ppc.rpm
./SWBD62/dev-1.4.0-2.ppc.rpm
./SWBD62/uuid-libs-1.22-4.ppc.rpm
./SWBD62/util-linux-2.12o-18.ppc.rpm
./SWBD62/swbd21-setup-1.3.4-4.ppc.rpm
./SWBD62/fabos-swbd62-6.4.3h-10.ppc.rpm
./SWBD62/fabos-swbd64-6.4.3h-1.ppc.rpm
./SWBD62/fabos-swbd67-6.4.3h-10.ppc.rpm
./SWBD62/fabos-swbd76-6.4.3h-1.ppc.rpm
./SWBD62/fabos-fpga-swbd76-1.0.0-6.ppc.rpm
./SWBD62/fabos-routing-6.4.3h-10.ppc.rpm
./SWBD62/fabos-vf-6.4.3h-10.ppc.rpm
./SWBD62/kernel-module-usb-2.6.14.2-926192526.ppc.rpm
./SWBD62/kernel-module-net-2.6.14.2-926192526.ppc.rpm
./SWBD62/fsl8548-brcdecc-module-2.6.14.2-926192526.ppc.rpm
./SWBD62/gcov-1.1.0-5.ppc.rpm
./SWBD62/preinst
./SWBD62/prefwdl
./SWBD62/ending_instructions
./SWBD62/group
./SWBD62/release.plist
./SWBD62/v6.4.3h
./SWBD62/development.plist
./SWBD62/nfdiag.plist
./SWBD62/release.xml
./SWBD62/tar_file_list
./SWBD62/sbin/blockcheck
./SWBD64/version.conf
./SWBD64/preinst
./SWBD64/prefwdl
./SWBD64/ending_instructions
./SWBD64/group
./SWBD64/release.plist
./SWBD64/v6.4.3h
./SWBD64/development.plist
./SWBD64/nfdiag.plist
./SWBD64/release.xml
./SWBD64/tar_file_list
./SWBD67/version.conf
./SWBD67/preinst
./SWBD67/prefwdl
./SWBD67/ending_instructions
./SWBD67/group
./SWBD67/release.plist
./SWBD67/v6.4.3h
./SWBD67/development.plist
./SWBD67/nfdiag.plist
./SWBD67/release.xml
./SWBD67/tar_file_list
./SWBD76/version.conf
./SWBD76/preinst
./SWBD76/prefwdl
./SWBD76/ending_instructions
./SWBD76/group
./SWBD76/release.plist
./SWBD76/v6.4.3h
./SWBD76/development.plist
./SWBD76/nfdiag.plist
./SWBD76/release.xml
./SWBD76/tar_file_list
./SWBD77/version.conf
./SWBD77/preinst
./SWBD77/prefwdl
./SWBD77/ending_instructions
./SWBD77/group
./SWBD77/release.plist
./SWBD77/v6.4.3h
./SWBD77/development.plist
./SWBD77/nfdiag.plist
./SWBD77/release.xml
./SWBD77/tar_file_list
./SWBD63/version.conf
./SWBD63/prom-8548-1.0.15-1.ppc.rpm
./SWBD63/kernel-2.6.14.2-2820325882.ppc.rpm
./SWBD63/kernel-debug-2.6.14.2-2820325882.ppc.rpm
./SWBD63/fabos-6.4.3h-11.ppc.rpm
./SWBD63/fabos-daemons-6.4.3h-3.ppc.rpm
./SWBD63/fabos-debug-6.4.3h-6.ppc.rpm
./SWBD63/fabos-diag-6.4.3h-13.ppc.rpm
./SWBD63/fabos-newdiag-6.4.3h-13.ppc.rpm
./SWBD63/fabos-drivers-6.4.3h-11.ppc.rpm
./SWBD63/fabos-fw-6.4.3h-10.ppc.rpm
./SWBD63/fabos-hmon-6.4.3h-10.ppc.rpm
./SWBD63/fabos-libs-6.4.3h-11.ppc.rpm
./SWBD63/fabos-man-6.4.3h-13.ppc.rpm
./SWBD63/fabos-quickloop-6.4.3h-10.ppc.rpm
./SWBD63/fabos-setup-6.4.3h-15.ppc.rpm
./SWBD63/fabos-webtoolsez-6.4.3h-3.ppc.rpm
./SWBD63/fabos-wwnhs-6.4.3h-10.ppc.rpm
./SWBD63/nfdiag-6.4.3h-3.ppc.rpm
./SWBD63/bootenv-1.0.2-7.ppc.rpm
./SWBD63/chkconfig-1.0.0-7.ppc.rpm
./SWBD63/fwdl-6.4.3h-46.ppc.rpm
./SWBD63/sin-1.1.0-6.ppc.rpm
./SWBD63/mtracer-tool-2.4.19-13.ppc.rpm
./SWBD63/rcinit-1.1.4-9.ppc.rpm
./SWBD63/setup-6.4.3h-27.ppc.rpm
./SWBD63/openssh-5.2p1-10.ppc.rpm
./SWBD63/openssh-server-5.2p1-10.ppc.rpm
./SWBD63/openssl-0.9.8-2.ppc.rpm
./SWBD63/openssl-libs-0.9.8-2.ppc.rpm
./SWBD63/fss-6.4.3h-11.ppc.rpm
./SWBD63/eccrepd-6.4.3h-10.ppc.rpm
./SWBD63/dev-1.4.0-2.ppc.rpm
./SWBD63/uuid-libs-1.22-4.ppc.rpm
./SWBD63/util-linux-2.12o-18.ppc.rpm
./SWBD63/swbd21-setup-1.3.4-4.ppc.rpm
./SWBD63/fabos-swbd63-6.4.3h-1.ppc.rpm
./SWBD63/fabos-routing-6.4.3h-10.ppc.rpm
./SWBD63/kernel-module-usb-2.6.14.2-2820325882.ppc.rpm
./SWBD63/fsl8548-brcdecc-module-2.6.14.2-2820325882.ppc.rpm
./SWBD63/gcov-1.1.0-5.ppc.rpm
./SWBD63/preinst
./SWBD63/prefwdl
./SWBD63/ending_instructions
./SWBD63/group
./SWBD63/release.plist
./SWBD63/v6.4.3h
./SWBD63/development.plist
./SWBD63/nfdiag.plist
./SWBD63/release.xml
./SWBD63/tar_file_list
./SWBD63/sbin/blockcheck
./SWBD71/prom-440epx-1.0.9-1.ppc.rpm
./SWBD71/kernel-2.6.14.2-963122982.ppc.rpm
./SWBD71/kernel-debug-2.6.14.2-963122982.ppc.rpm
./SWBD71/fabos-6.4.3h-11.ppc.rpm
./SWBD71/fabos-daemons-6.4.3h-3.ppc.rpm
./SWBD71/fabos-debug-6.4.3h-6.ppc.rpm
./SWBD71/fabos-diag-6.4.3h-13.ppc.rpm
./SWBD71/fabos-newdiag-6.4.3h-13.ppc.rpm
./SWBD71/fabos-drivers-6.4.3h-11.ppc.rpm
./SWBD71/fabos-fw-6.4.3h-10.ppc.rpm
./SWBD71/fabos-hmon-6.4.3h-10.ppc.rpm
./SWBD71/fabos-libs-6.4.3h-11.ppc.rpm
./SWBD71/fabos-man-6.4.3h-13.ppc.rpm
./SWBD71/fabos-quickloop-6.4.3h-10.ppc.rpm
./SWBD71/fabos-setup-6.4.3h-15.ppc.rpm
./SWBD71/fabos-webtools-6.4.3h-11.ppc.rpm
./SWBD71/fabos-webtoolsez-6.4.3h-3.ppc.rpm
./SWBD71/fabos-wwnhs-6.4.3h-10.ppc.rpm
./SWBD71/fabos-zoning-6.4.3h-10.ppc.rpm
./SWBD71/nfdiag-6.4.3h-3.ppc.rpm
./SWBD71/bootenv-1.0.2-7.ppc.rpm
./SWBD71/chkconfig-1.0.0-7.ppc.rpm
./SWBD71/fwdl-6.4.3h-46.ppc.rpm
./SWBD71/sin-1.1.0-6.ppc.rpm
./SWBD71/mtracer-tool-2.4.19-13.ppc.rpm
./SWBD71/rcinit-1.1.4-9.ppc.rpm
./SWBD71/setup-6.4.3h-27.ppc.rpm
./SWBD71/openssh-5.2p1-10.ppc.rpm
./SWBD71/openssh-server-5.2p1-10.ppc.rpm
./SWBD71/openssl-0.9.8-2.ppc.rpm
./SWBD71/openssl-libs-0.9.8-2.ppc.rpm
./SWBD71/fss-6.4.3h-11.ppc.rpm
./SWBD71/eccrepd-6.4.3h-10.ppc.rpm
./SWBD71/dev-1.4.0-2.ppc.rpm
./SWBD71/uuid-libs-1.22-4.ppc.rpm
./SWBD71/util-linux-2.12o-18.ppc.rpm
./SWBD71/fabos-routing-6.4.3h-10.ppc.rpm
./SWBD71/fabos-vf-6.4.3h-10.ppc.rpm
./SWBD71/swbd21-drivers-2.4.19-4.ppc.rpm
./SWBD71/fabos-swbd71-6.4.3h-3.ppc.rpm
./SWBD71/fabos-swbd66-6.4.3h-3.ppc.rpm
./SWBD71/fabos-swbd92-6.4.3h-3.ppc.rpm
./SWBD71/fabos-swbd72-6.4.3h-3.ppc.rpm
./SWBD71/fabos-swbd83-6.4.3h-1.ppc.rpm
./SWBD71/fabos-swbd73-6.4.3h-3.ppc.rpm
./SWBD71/fabos-swbd75-6.4.3h-3.ppc.rpm
./SWBD71/fabos-swbd86-6.4.3h-3.ppc.rpm
./SWBD71/fabos-swbd87-6.4.3h-3.ppc.rpm
./SWBD71/swbd12-setup-1.3.4-4.ppc.rpm
./SWBD71/swbd21-setup-1.3.4-4.ppc.rpm
./SWBD71/swbd73-setup-6.4.3h-1.ppc.rpm
./SWBD71/preinst
./SWBD71/prefwdl
./SWBD71/kernel-module-usb-2.6.14.2-963122982.ppc.rpm
./SWBD71/gcov-1.1.0-5.ppc.rpm
./SWBD71/ending_instructions
./SWBD71/group
./SWBD71/release.plist
./SWBD71/v6.4.3h
./SWBD71/development.plist
./SWBD71/nfdiag.plist
./SWBD71/release.xml
./SWBD71/tar_file_list
./SWBD71/sbin/blockcheck
./SWBD66/preinst
./SWBD66/prefwdl
./SWBD66/ending_instructions
./SWBD66/group
./SWBD66/release.plist
./SWBD66/v6.4.3h
./SWBD66/development.plist
./SWBD66/nfdiag.plist
./SWBD66/release.xml
./SWBD66/tar_file_list
./SWBD72/preinst
./SWBD72/prefwdl
./SWBD72/ending_instructions
./SWBD72/group
./SWBD72/install
./SWBD72/release.plist
./SWBD72/v6.4.3h
./SWBD72/development.plist
./SWBD72/nfdiag.plist
./SWBD72/release.xml
./SWBD72/tar_file_list
./SWBD73/preinst
./SWBD73/prefwdl
./SWBD73/ending_instructions
./SWBD73/group
./SWBD73/release.plist
./SWBD73/v6.4.3h
./SWBD73/development.plist
./SWBD73/nfdiag.plist
./SWBD73/release.xml
./SWBD73/tar_file_list
./SWBD75/preinst
./SWBD75/prefwdl
./SWBD75/ending_instructions
./SWBD75/group
./SWBD75/release.plist
./SWBD75/v6.4.3h
./SWBD75/development.plist
./SWBD75/nfdiag.plist
./SWBD75/release.xml
./SWBD75/tar_file_list
./SWBD83/version.conf
./SWBD83/preinst
./SWBD83/prefwdl
./SWBD83/ending_instructions
./SWBD83/group
./SWBD83/release.plist
./SWBD83/v6.4.3h
./SWBD83/development.plist
./SWBD83/nfdiag.plist
./SWBD83/release.xml
./SWBD83/tar_file_list
./SWBD86/preinst
./SWBD86/prefwdl
./SWBD86/ending_instructions
./SWBD86/group
./SWBD86/install
./SWBD86/release.plist
./SWBD86/v6.4.3h
./SWBD86/development.plist
./SWBD86/nfdiag.plist
./SWBD86/release.xml
./SWBD86/tar_file_list
./SWBD87/preinst
./SWBD87/prefwdl
./SWBD87/ending_instructions
./SWBD87/group
./SWBD87/install
./SWBD87/release.plist
./SWBD87/v6.4.3h
./SWBD87/development.plist
./SWBD87/nfdiag.plist
./SWBD87/release.xml
./SWBD87/tar_file_list
./SWBD92/preinst
./SWBD92/prefwdl
./SWBD92/ending_instructions
./SWBD92/group
./SWBD92/release.plist
./SWBD92/v6.4.3h
./SWBD92/development.plist
./SWBD92/nfdiag.plist
./SWBD92/release.xml
./SWBD92/tar_file_list
./SWBD85/version.conf
./SWBD85/prom-440epx-1.0.9-1.ppc.rpm
./SWBD85/kernel-2.6.14.2-791160944.ppc.rpm
./SWBD85/kernel-debug-2.6.14.2-791160944.ppc.rpm
./SWBD85/fss-6.4.3h-11.ppc.rpm
./SWBD85/bfos-init-6.4.3h-8.ppc.rpm
./SWBD85/bfos-utils-6.4.3h-7.ppc.rpm
./SWBD85/bfos-drivers-6.4.3h-11.ppc.rpm
./SWBD85/bfos-libs-6.4.3h-8.ppc.rpm
./SWBD85/bfos-daemons-6.4.3h-12.ppc.rpm
./SWBD85/bfos-swbd36-6.4.3h-3.ppc.rpm
./SWBD85/bfos-swbd47-6.4.3h-3.ppc.rpm
./SWBD85/bfos-swbd50-6.4.3h-3.ppc.rpm
./SWBD85/bfos-swbd55-6.4.3h-3.ppc.rpm
./SWBD85/eccrepd-bfos-6.4.3h-10.ppc.rpm
./SWBD85/dev-1.4.0-2.ppc.rpm
./SWBD85/uuid-libs-1.22-4.ppc.rpm
./SWBD85/util-linux-2.12o-18.ppc.rpm
./SWBD85/openssh-5.2p1-10.ppc.rpm
./SWBD85/openssh-server-5.2p1-10.ppc.rpm
./SWBD85/openssl-0.9.8-2.ppc.rpm
./SWBD85/openssl-libs-0.9.8-2.ppc.rpm
./SWBD85/swbd85-setup-6.4.3h-1.ppc.rpm
./SWBD85/bfos-swbd85-6.4.3h-3.ppc.rpm
./SWBD85/fabos-minimal-setup-6.4.3h-3.ppc.rpm
./SWBD85/fpga-utils-6.4.3h-03.ppc.rpm
./SWBD85/gcov-1.1.0-5.ppc.rpm
./SWBD85/prefwdl
./SWBD85/ending_instructions
./SWBD85/group
./SWBD85/release.plist
./SWBD85/v6.4.3h
./SWBD85/development.plist
./SWBD85/nfdiag.plist
./SWBD85/release.xml
./SWBD85/tar_file_list
./SWBD85/sbin/blockcheck
./SWBD88/version.conf
./SWBD88/prom-440epx-1.0.9-1.ppc.rpm
./SWBD88/kernel-2.6.14.2-656784179.ppc.rpm
./SWBD88/kernel-debug-2.6.14.2-656784179.ppc.rpm
./SWBD88/nfdiag-6.4.3h-3.ppc.rpm
./SWBD88/fss-6.4.3h-11.ppc.rpm
./SWBD88/bfos-init-6.4.3h-8.ppc.rpm
./SWBD88/bfos-utils-6.4.3h-7.ppc.rpm
./SWBD88/bfos-drivers-6.4.3h-11.ppc.rpm
./SWBD88/bfos-libs-6.4.3h-8.ppc.rpm
./SWBD88/bfos-daemons-6.4.3h-12.ppc.rpm
./SWBD88/bfos-swbd36-6.4.3h-3.ppc.rpm
./SWBD88/bfos-swbd47-6.4.3h-3.ppc.rpm
./SWBD88/bfos-swbd50-6.4.3h-3.ppc.rpm
./SWBD88/bfos-swbd55-6.4.3h-3.ppc.rpm
./SWBD88/eccrepd-bfos-6.4.3h-10.ppc.rpm
./SWBD88/dev-1.4.0-2.ppc.rpm
./SWBD88/uuid-libs-1.22-4.ppc.rpm
./SWBD88/util-linux-2.12o-18.ppc.rpm
./SWBD88/bfos-swbd88-6.4.3h-3.ppc.rpm
./SWBD88/fabos-minimal-setup-6.4.3h-3.ppc.rpm
./SWBD88/bfos-fpga-swbd88-1.0.0-@ZEUS_IMAGE_CKSUM@.ppc.rpm
./SWBD88/gcov-1.1.0-5.ppc.rpm
./SWBD88/prefwdl
./SWBD88/ending_instructions
./SWBD88/group
./SWBD88/release.plist
./SWBD88/v6.4.3h
./SWBD88/development.plist
./SWBD88/nfdiag.plist
./SWBD88/release.xml
./SWBD88/tar_file_list
./SWBD88/sbin/blockcheck
./fw_files.log
