./SWBD21/version.conf
./SWBD21/swbd23-prom-4.6.6-1.ppc.rpm
./SWBD21/kernel-2.6.14.2-3744071103.ppc.rpm
./SWBD21/kernel-debug-2.6.14.2-3744071103.ppc.rpm
./SWBD21/kernel-xfs-2.6.14.2-3744071103.ppc.rpm
./SWBD21/kernel-xfs-debug-2.6.14.2-3744071103.ppc.rpm
./SWBD21/fabos-7.0.2e-11.ppc.rpm
./SWBD21/fabos-daemons-7.0.2e-3.ppc.rpm
./SWBD21/fabos-debug-7.0.2e-6.ppc.rpm
./SWBD21/fabos-diag-7.0.2e-13.ppc.rpm
./SWBD21/fabos-newdiag-7.0.2e-13.ppc.rpm
./SWBD21/fabos-drivers-7.0.2e-11.ppc.rpm
./SWBD21/fabos-fw-7.0.2e-10.ppc.rpm
./SWBD21/fabos-hmon-7.0.2e-10.ppc.rpm
./SWBD21/fabos-libs-7.0.2e-11.ppc.rpm
./SWBD21/fabos-man-7.0.2e-13.ppc.rpm
./SWBD21/fabos-quickloop-7.0.2e-10.ppc.rpm
./SWBD21/fabos-setup-7.0.2e-15.ppc.rpm
./SWBD21/fabos-webtools-7.0.2e-11.ppc.rpm
./SWBD21/fabos-webtoolsez-7.0.2e-3.ppc.rpm
./SWBD21/fabos-wwnhs-7.0.2e-10.ppc.rpm
./SWBD21/fabos-zoning-7.0.2e-10.ppc.rpm
./SWBD21/nfdiag-7.0.2e-3.ppc.rpm
./SWBD21/bootenv-1.0.2-7.ppc.rpm
./SWBD21/chkconfig-1.0.0-7.ppc.rpm
./SWBD21/fwdl-7.0.2e-46.ppc.rpm
./SWBD21/sin-1.1.0-6.ppc.rpm
./SWBD21/mtracer-tool-2.4.19-13.ppc.rpm
./SWBD21/rcinit-1.1.4-9.ppc.rpm
./SWBD21/setup-7.0.2e-27.ppc.rpm
./SWBD21/openssh-5.2p1-10.ppc.rpm
./SWBD21/openssh-server-5.2p1-10.ppc.rpm
./SWBD21/openssl-0.9.8-2.ppc.rpm
./SWBD21/openssl-libs-0.9.8-2.ppc.rpm
./SWBD21/fss-7.0.2e-11.ppc.rpm
./SWBD21/eccrepd-7.0.2e-10.ppc.rpm
./SWBD21/dev-1.4.0-2.ppc.rpm
./SWBD21/uuid-libs-1.22-4.ppc.rpm
./SWBD21/util-linux-2.12o-18.ppc.rpm
./SWBD21/swbd21-drivers-2.4.19-4.ppc.rpm
./SWBD21/fabos-swbd70-7.0.2e-10.ppc.rpm
./SWBD21/swbd12-setup-1.3.4-4.ppc.rpm
./SWBD21/kernel-module-ipsec-2.6.14.2-3744071103.ppc.rpm
./SWBD21/gcov-1.1.0-5.ppc.rpm
./SWBD21/sbin/blockcheck
./SWBD21/bpmac
./SWBD70/preinst
./SWBD70/prefwdl
./SWBD70/ending_instructions
./SWBD70/group
./SWBD70/install
./SWBD70/release.plist
./SWBD70/v7.0.2e
./SWBD70/development.plist
./SWBD70/nfdiag.plist
./SWBD70/release.xml
./SWBD70/tar_file_list
./common/oss/apache-1.3.31-10.ppc.rpm
./common/oss/autofs-3.1.7-4.ppc.rpm
./common/oss/bash-2.04-8.ppc.rpm
./common/oss/binutils-2.16.1-3.ppc.rpm
./common/oss/binutils-libs-2.16.1-3.ppc.rpm
./common/oss/bzip-1.0.1-4.ppc.rpm
./common/oss/cpio-2.4.2-4.ppc.rpm
./common/oss/dmalloc-4.6.0-5.ppc.rpm
./common/oss/diffutils-2.7-4.ppc.rpm
./common/oss/dir-1.0.4-5.ppc.rpm
./common/oss/e2fsprogs-1.38-5.ppc.rpm
./common/oss/fileutils-4.0-4.ppc.rpm
./common/oss/findutils-4.1-4.ppc.rpm
./common/oss/ftp-0.17-4.ppc.rpm
./common/oss/getty-2.0.7j-8.ppc.rpm
./common/oss/glibc-2.3.6-8.ppc.rpm
./common/oss/glibc-linuxthreads-2.3.6-3.ppc.rpm
./common/oss/grep-2.4.2-4.ppc.rpm
./common/oss/gzip-1.2.4a-4.ppc.rpm
./common/oss/hex-1.2-4.ppc.rpm
./common/oss/inetd-0.17-8.ppc.rpm
./common/oss/iptables-1.3-1.ppc.rpm
./common/oss/ksymoops-2.4.1-4.ppc.rpm
./common/oss/ldconfig-2.16.1-4.ppc.rpm
./common/oss/less-3.4.0-5.ppc.rpm
./common/oss/man-1.5g-7.ppc.rpm
./common/oss/ncftp-3.0.3-6.ppc.rpm
./common/oss/net-tools-1.57-6.ppc.rpm
./common/oss/netperf-2.1pl3-4.ppc.rpm
./common/oss/ntp-5.93e-4.ppc.rpm
./common/oss/oprofile-0.9.4-1.ppc.rpm
./common/oss/parted-1.4.18-4.ppc.rpm
./common/oss/pciutils-2.1.8-4.ppc.rpm
./common/oss/portmap-4.0-4.ppc.rpm
./common/oss/procps-3.3.0-3.ppc.rpm
./common/oss/psmisc-19.0.0-5.ppc.rpm
./common/oss/rdate-990821.0.0-5.ppc.rpm
./common/oss/readline-4.1-4.ppc.rpm
./common/oss/rpm-4.2-5.ppc.rpm
./common/oss/rsh-0.17-4.ppc.rpm
./common/oss/rsh-server-0.17-4.ppc.rpm
./common/oss/rusers-0.17-4.ppc.rpm
./common/oss/rusers-server-0.17-4.ppc.rpm
./common/oss/sed-3.02-6.ppc.rpm
./common/oss/sendmail-8.9-11.ppc.rpm
./common/oss/sh-utils-2.0-10.ppc.rpm
./common/oss/stat-1.0.0d-4.ppc.rpm
./common/oss/strace-4.2-4.ppc.rpm
./common/oss/sysklogd-1.4-9.ppc.rpm
./common/oss/sysvinit-2.78-10.ppc.rpm
./common/oss/tar-1.13.19-4.ppc.rpm
./common/oss/rsync-2.6.9-2.ppc.rpm
./common/oss/tcpd-7.6-4.ppc.rpm
./common/oss/tcpdump-3.6.2-4.ppc.rpm
./common/oss/telnet-0.17-7.ppc.rpm
./common/oss/telnet-server-0.17-7.ppc.rpm
./common/oss/termcap-1.3-5.ppc.rpm
./common/oss/terminfo-11.2.0-6.ppc.rpm
./common/oss/textutils-1.22-4.ppc.rpm
./common/oss/tftp-0.17-4.ppc.rpm
./common/oss/tftp-server-0.17-4.ppc.rpm
./common/oss/tz-7.11-6.ppc.rpm
./common/oss/pam-0.76-29.ppc.rpm
./common/oss/uucp-1.06-6.ppc.rpm
./common/oss/vixie-cron-3.0.1-62_4.ppc.rpm
./common/oss/wget-1.5.3-4.ppc.rpm
./common/oss/which-2.12-4.ppc.rpm
./common/oss/wu-ftpd-2.6.1-4.ppc.rpm
./common/oss/yp-tools-2.4-4.ppc.rpm
./common/oss/ypbind-3.3-4.ppc.rpm
./common/oss/zlib-1.1.4-5.ppc.rpm
./common/oss/misc-1.0.0-6.ppc.rpm
./common/oss/popt-1.3-4.ppc.rpm
./common/oss/logrotate-3.5.4-6.ppc.rpm
./common/oss/fastcgi-2.2-4.ppc.rpm
./common/oss/ltt-0.9.5a-4.ppc.rpm
./common/oss/iproute2-2.4-10.ppc.rpm
./common/oss/libxml2-2.6.30-1.ppc.rpm
./common/oss/sysstat-5.0.4-8.ppc.rpm
./common/oss/sqlite-3.2.1-4.ppc.rpm
./common/oss/dhcpcd-1.3-4.ppc.rpm
./common/oss/wdtd-1.0.0-5.ppc.rpm
./common/oss/modutils-3.1-9.ppc.rpm
./common/oss/ipv6-1.2-8.ppc.rpm
./common/oss/awk-3.1.0-6.ppc.rpm
./common/oss/nfs-utils-1.0-7.ppc.rpm
./common/oss/traceroute-1.4a12-12.ppc.rpm
./common/oss/ipsec-1.0-1.ppc.rpm
./common/oss/curl-7.19.5-1.ppc.rpm
./common/oss/tftp-hpa-0.40-1.ppc.rpm
./common/oss/bootp-2.4.3-1.ppc.rpm
./common/oss/pcsc-lite-1.5-3.ppc.rpm
./common/oss/xercesc-2.8.0-1.ppc.rpm
./common/oss/ossimage-7.0.2e-1.ppc.rpm
./common/oss/minicom-2.1-2.7.ppc.rpm
./common/BP/bpimage-swbd36-7.0.2e-1.ppc.rpm
./common/BP/bpimage-swbd47-7.0.2e-1.ppc.rpm
./common/BP/bpimage-swbd55-7.0.2e-1.ppc.rpm
./common/BP/bpimage-swbd68-7.0.2e-1.ppc.rpm
./common/BP/bpimage-swbd89-7.0.2e-1.ppc.rpm
./common/BP/bpimage-swbd63-7.0.2e-1.ppc.rpm
./common/BP/bpimage-swbd88-7.0.2e-1.ppc.rpm
./common/BP/bpimage-swbd85-7.0.2e-1.ppc.rpm
./install
./install_verify
./sbin/create_release_file
./platform_names
./app_names
./pubkey.pem
./SWBD36/version.conf
./SWBD36/swbd23-prom-4.6.6-1.ppc.rpm
./SWBD36/prom-1250-1.0.16-6.ppc.rpm
./SWBD36/prom-1125-1.0.13-4.ppc.rpm
./SWBD36/kernel-2.6.14.2-3696090766.ppc.rpm
./SWBD36/kernel-debug-2.6.14.2-3696090766.ppc.rpm
./SWBD36/fss-7.0.2e-11.ppc.rpm
./SWBD36/bfos-init-7.0.2e-8.ppc.rpm
./SWBD36/bfos-utils-7.0.2e-7.ppc.rpm
./SWBD36/bfos-drivers-7.0.2e-11.ppc.rpm
./SWBD36/bfos-libs-7.0.2e-8.ppc.rpm
./SWBD36/bfos-daemons-7.0.2e-12.ppc.rpm
./SWBD36/bfos-swbd36-7.0.2e-3.ppc.rpm
./SWBD36/bfos-swbd47-7.0.2e-3.ppc.rpm
./SWBD36/bfos-swbd50-7.0.2e-3.ppc.rpm
./SWBD36/bfos-swbd55-7.0.2e-3.ppc.rpm
./SWBD36/eccrepd-bfos-7.0.2e-10.ppc.rpm
./SWBD36/dev-1.4.0-2.ppc.rpm
./SWBD36/uuid-libs-1.22-4.ppc.rpm
./SWBD36/util-linux-2.12o-18.ppc.rpm
./SWBD36/4350-image-1.2.0-8.ppc.rpm
./SWBD36/1250-image-1.0.0-173637639.ppc.rpm
./SWBD36/1125-image-7.0.2e-3.ppc.rpm
./SWBD36/fpga-utils-7.0.2e-03.ppc.rpm
./SWBD36/gcov-1.1.0-5.ppc.rpm
./SWBD36/prefwdl
./SWBD36/ending_instructions
./SWBD36/group
./SWBD36/release.plist
./SWBD36/v7.0.2e
./SWBD36/development.plist
./SWBD36/nfdiag.plist
./SWBD36/release.xml
./SWBD36/tar_file_list
./SWBD36/sbin/blockcheck
./SWBD47/version.conf
./SWBD47/prefwdl
./SWBD47/ending_instructions
./SWBD47/group
./SWBD47/release.plist
./SWBD47/v7.0.2e
./SWBD47/development.plist
./SWBD47/nfdiag.plist
./SWBD47/release.xml
./SWBD47/tar_file_list
./SWBD55/version.conf
./SWBD55/prom-8548-1.0.15-1.ppc.rpm
./SWBD55/prom-1250-1.0.16-6.ppc.rpm
./SWBD55/kernel-2.6.14.2-4285815811.ppc.rpm
./SWBD55/kernel-debug-2.6.14.2-4285815811.ppc.rpm
./SWBD55/fss-7.0.2e-11.ppc.rpm
./SWBD55/bfos-init-7.0.2e-8.ppc.rpm
./SWBD55/bfos-utils-7.0.2e-7.ppc.rpm
./SWBD55/bfos-drivers-7.0.2e-11.ppc.rpm
./SWBD55/bfos-libs-7.0.2e-8.ppc.rpm
./SWBD55/bfos-daemons-7.0.2e-12.ppc.rpm
./SWBD55/bfos-swbd36-7.0.2e-3.ppc.rpm
./SWBD55/bfos-swbd47-7.0.2e-3.ppc.rpm
./SWBD55/bfos-swbd50-7.0.2e-3.ppc.rpm
./SWBD55/bfos-swbd55-7.0.2e-3.ppc.rpm
./SWBD55/eccrepd-bfos-7.0.2e-10.ppc.rpm
./SWBD55/dev-1.4.0-2.ppc.rpm
./SWBD55/uuid-libs-1.22-4.ppc.rpm
./SWBD55/util-linux-2.12o-18.ppc.rpm
./SWBD55/openssh-5.2p1-10.ppc.rpm
./SWBD55/openssh-server-5.2p1-10.ppc.rpm
./SWBD55/openssh-bp-5.2p1-10.ppc.rpm
./SWBD55/openssh-bp-server-5.2p1-10.ppc.rpm
./SWBD55/openssl-0.9.8-2.ppc.rpm
./SWBD55/openssl-libs-0.9.8-2.ppc.rpm
./SWBD55/swbd55-setup-7.0.2e-1.ppc.rpm
./SWBD55/bfos-swbd68-7.0.2e-9.ppc.rpm
./SWBD55/bfos-swbd89-7.0.2e-9.ppc.rpm
./SWBD55/sp-firmware-7.0.2e-1.ppc.rpm
./SWBD55/fpga-utils-7.0.2e-03.ppc.rpm
./SWBD55/fabos-minimal-setup-7.0.2e-3.ppc.rpm
./SWBD55/kernel-module-net-2.6.14.2-4285815811.ppc.rpm
./SWBD55/fsl8548-brcdecc-module-2.6.14.2-4285815811.ppc.rpm
./SWBD55/gcov-1.1.0-5.ppc.rpm
./SWBD55/sbin/blockcheck
./FabosSDK.tar.gz
./SWBD68/version.conf
./SWBD68/prefwdl
./SWBD68/ending_instructions
./SWBD68/group
./SWBD68/release.plist
./SWBD68/v7.0.2e
./SWBD68/development.plist
./SWBD68/nfdiag.plist
./SWBD68/release.xml
./SWBD68/tar_file_list
./SWBD89/version.conf
./SWBD89/prefwdl
./SWBD89/ending_instructions
./SWBD89/group
./SWBD89/release.plist
./SWBD89/v7.0.2e
./SWBD89/development.plist
./SWBD89/nfdiag.plist
./SWBD89/release.xml
./SWBD89/tar_file_list
./SWBD62/version.conf
./SWBD62/prom-8548-1.0.15-1.ppc.rpm
./SWBD62/kernel-2.6.14.2-751435925.ppc.rpm
./SWBD62/kernel-debug-2.6.14.2-751435925.ppc.rpm
./SWBD62/fabos-7.0.2e-11.ppc.rpm
./SWBD62/fabos-daemons-7.0.2e-3.ppc.rpm
./SWBD62/fabos-debug-7.0.2e-6.ppc.rpm
./SWBD62/fabos-diag-7.0.2e-13.ppc.rpm
./SWBD62/fabos-newdiag-7.0.2e-13.ppc.rpm
./SWBD62/fabos-drivers-7.0.2e-11.ppc.rpm
./SWBD62/fabos-fw-7.0.2e-10.ppc.rpm
./SWBD62/fabos-hmon-7.0.2e-10.ppc.rpm
./SWBD62/fabos-libs-7.0.2e-11.ppc.rpm
./SWBD62/fabos-man-7.0.2e-13.ppc.rpm
./SWBD62/fabos-quickloop-7.0.2e-10.ppc.rpm
./SWBD62/fabos-setup-7.0.2e-15.ppc.rpm
./SWBD62/fabos-webtools-7.0.2e-11.ppc.rpm
./SWBD62/fabos-webtoolsez-7.0.2e-3.ppc.rpm
./SWBD62/fabos-wwnhs-7.0.2e-10.ppc.rpm
./SWBD62/fabos-zoning-7.0.2e-10.ppc.rpm
./SWBD62/nfdiag-7.0.2e-3.ppc.rpm
./SWBD62/bootenv-1.0.2-7.ppc.rpm
./SWBD62/chkconfig-1.0.0-7.ppc.rpm
./SWBD62/fwdl-7.0.2e-46.ppc.rpm
./SWBD62/sin-1.1.0-6.ppc.rpm
./SWBD62/mtracer-tool-2.4.19-13.ppc.rpm
./SWBD62/rcinit-1.1.4-9.ppc.rpm
./SWBD62/setup-7.0.2e-27.ppc.rpm
./SWBD62/openssh-5.2p1-10.ppc.rpm
./SWBD62/openssh-server-5.2p1-10.ppc.rpm
./SWBD62/openssl-0.9.8-2.ppc.rpm
./SWBD62/openssl-libs-0.9.8-2.ppc.rpm
./SWBD62/fss-7.0.2e-11.ppc.rpm
./SWBD62/eccrepd-7.0.2e-10.ppc.rpm
./SWBD62/dev-1.4.0-2.ppc.rpm
./SWBD62/uuid-libs-1.22-4.ppc.rpm
./SWBD62/util-linux-2.12o-18.ppc.rpm
./SWBD62/swbd21-setup-1.3.4-4.ppc.rpm
./SWBD62/fabos-swbd62-7.0.2e-10.ppc.rpm
./SWBD62/fabos-swbd64-7.0.2e-1.ppc.rpm
./SWBD62/fabos-swbd67-7.0.2e-10.ppc.rpm
./SWBD62/fabos-swbd76-7.0.2e-1.ppc.rpm
./SWBD62/fabos-fpga-swbd76-1.0.0-6.ppc.rpm
./SWBD62/fabos-routing-7.0.2e-10.ppc.rpm
./SWBD62/fabos-vf-7.0.2e-10.ppc.rpm
./SWBD62/kernel-module-usb-2.6.14.2-751435925.ppc.rpm
./SWBD62/kernel-module-net-2.6.14.2-751435925.ppc.rpm
./SWBD62/fsl8548-brcdecc-module-2.6.14.2-751435925.ppc.rpm
./SWBD62/hss-diag-7.0.2e-10.ppc.rpm
./SWBD62/hss-diag-scripts-7.0.2e-10.ppc.rpm
./SWBD62/gcov-1.1.0-5.ppc.rpm
./SWBD62/preinst
./SWBD62/prefwdl
./SWBD62/ending_instructions
./SWBD62/group
./SWBD62/release.plist
./SWBD62/v7.0.2e
./SWBD62/development.plist
./SWBD62/nfdiag.plist
./SWBD62/release.xml
./SWBD62/tar_file_list
./SWBD62/sbin/blockcheck
./SWBD64/version.conf
./SWBD64/preinst
./SWBD64/prefwdl
./SWBD64/ending_instructions
./SWBD64/group
./SWBD64/release.plist
./SWBD64/v7.0.2e
./SWBD64/development.plist
./SWBD64/nfdiag.plist
./SWBD64/release.xml
./SWBD64/tar_file_list
./SWBD67/version.conf
./SWBD67/preinst
./SWBD67/prefwdl
./SWBD67/ending_instructions
./SWBD67/group
./SWBD67/release.plist
./SWBD67/v7.0.2e
./SWBD67/development.plist
./SWBD67/nfdiag.plist
./SWBD67/release.xml
./SWBD67/tar_file_list
./SWBD76/version.conf
./SWBD76/preinst
./SWBD76/prefwdl
./SWBD76/ending_instructions
./SWBD76/group
./SWBD76/release.plist
./SWBD76/v7.0.2e
./SWBD76/development.plist
./SWBD76/nfdiag.plist
./SWBD76/release.xml
./SWBD76/tar_file_list
./SWBD77/version.conf
./SWBD77/preinst
./SWBD77/prefwdl
./SWBD77/ending_instructions
./SWBD77/group
./SWBD77/release.plist
./SWBD77/v7.0.2e
./SWBD77/development.plist
./SWBD77/nfdiag.plist
./SWBD77/release.xml
./SWBD77/tar_file_list
./SWBD63/version.conf
./SWBD63/prom-8548-1.0.15-1.ppc.rpm
./SWBD63/kernel-2.6.14.2-2189156076.ppc.rpm
./SWBD63/kernel-debug-2.6.14.2-2189156076.ppc.rpm
./SWBD63/fabos-7.0.2e-11.ppc.rpm
./SWBD63/fabos-daemons-7.0.2e-3.ppc.rpm
./SWBD63/fabos-debug-7.0.2e-6.ppc.rpm
./SWBD63/fabos-diag-7.0.2e-13.ppc.rpm
./SWBD63/fabos-newdiag-7.0.2e-13.ppc.rpm
./SWBD63/fabos-drivers-7.0.2e-11.ppc.rpm
./SWBD63/fabos-fw-7.0.2e-10.ppc.rpm
./SWBD63/fabos-hmon-7.0.2e-10.ppc.rpm
./SWBD63/fabos-libs-7.0.2e-11.ppc.rpm
./SWBD63/fabos-man-7.0.2e-13.ppc.rpm
./SWBD63/fabos-quickloop-7.0.2e-10.ppc.rpm
./SWBD63/fabos-setup-7.0.2e-15.ppc.rpm
./SWBD63/fabos-webtoolsez-7.0.2e-3.ppc.rpm
./SWBD63/fabos-wwnhs-7.0.2e-10.ppc.rpm
./SWBD63/nfdiag-7.0.2e-3.ppc.rpm
./SWBD63/bootenv-1.0.2-7.ppc.rpm
./SWBD63/chkconfig-1.0.0-7.ppc.rpm
./SWBD63/fwdl-7.0.2e-46.ppc.rpm
./SWBD63/sin-1.1.0-6.ppc.rpm
./SWBD63/mtracer-tool-2.4.19-13.ppc.rpm
./SWBD63/rcinit-1.1.4-9.ppc.rpm
./SWBD63/setup-7.0.2e-27.ppc.rpm
./SWBD63/openssh-5.2p1-10.ppc.rpm
./SWBD63/openssh-server-5.2p1-10.ppc.rpm
./SWBD63/openssl-0.9.8-2.ppc.rpm
./SWBD63/openssl-libs-0.9.8-2.ppc.rpm
./SWBD63/fss-7.0.2e-11.ppc.rpm
./SWBD63/eccrepd-7.0.2e-10.ppc.rpm
./SWBD63/dev-1.4.0-2.ppc.rpm
./SWBD63/uuid-libs-1.22-4.ppc.rpm
./SWBD63/util-linux-2.12o-18.ppc.rpm
./SWBD63/swbd21-setup-1.3.4-4.ppc.rpm
./SWBD63/fabos-swbd63-7.0.2e-1.ppc.rpm
./SWBD63/fabos-routing-7.0.2e-10.ppc.rpm
./SWBD63/kernel-module-usb-2.6.14.2-2189156076.ppc.rpm
./SWBD63/fsl8548-brcdecc-module-2.6.14.2-2189156076.ppc.rpm
./SWBD63/hss-diag-7.0.2e-10.ppc.rpm
./SWBD63/hss-diag-scripts-7.0.2e-10.ppc.rpm
./SWBD63/gcov-1.1.0-5.ppc.rpm
./SWBD63/preinst
./SWBD63/prefwdl
./SWBD63/ending_instructions
./SWBD63/group
./SWBD63/release.plist
./SWBD63/v7.0.2e
./SWBD63/development.plist
./SWBD63/nfdiag.plist
./SWBD63/release.xml
./SWBD63/tar_file_list
./SWBD63/sbin/blockcheck
./SWBD71/prom-440epx-1.0.9-1.ppc.rpm
./SWBD71/kernel-2.6.14.2-207979881.ppc.rpm
./SWBD71/kernel-debug-2.6.14.2-207979881.ppc.rpm
./SWBD71/fabos-7.0.2e-11.ppc.rpm
./SWBD71/fabos-daemons-7.0.2e-3.ppc.rpm
./SWBD71/fabos-debug-7.0.2e-6.ppc.rpm
./SWBD71/fabos-diag-7.0.2e-13.ppc.rpm
./SWBD71/fabos-newdiag-7.0.2e-13.ppc.rpm
./SWBD71/fabos-drivers-7.0.2e-11.ppc.rpm
./SWBD71/fabos-fw-7.0.2e-10.ppc.rpm
./SWBD71/fabos-hmon-7.0.2e-10.ppc.rpm
./SWBD71/fabos-libs-7.0.2e-11.ppc.rpm
./SWBD71/fabos-man-7.0.2e-13.ppc.rpm
./SWBD71/fabos-quickloop-7.0.2e-10.ppc.rpm
./SWBD71/fabos-setup-7.0.2e-15.ppc.rpm
./SWBD71/fabos-webtools-7.0.2e-11.ppc.rpm
./SWBD71/fabos-webtoolsez-7.0.2e-3.ppc.rpm
./SWBD71/fabos-wwnhs-7.0.2e-10.ppc.rpm
./SWBD71/fabos-zoning-7.0.2e-10.ppc.rpm
./SWBD71/nfdiag-7.0.2e-3.ppc.rpm
./SWBD71/bootenv-1.0.2-7.ppc.rpm
./SWBD71/chkconfig-1.0.0-7.ppc.rpm
./SWBD71/fwdl-7.0.2e-46.ppc.rpm
./SWBD71/sin-1.1.0-6.ppc.rpm
./SWBD71/mtracer-tool-2.4.19-13.ppc.rpm
./SWBD71/rcinit-1.1.4-9.ppc.rpm
./SWBD71/setup-7.0.2e-27.ppc.rpm
./SWBD71/openssh-5.2p1-10.ppc.rpm
./SWBD71/openssh-server-5.2p1-10.ppc.rpm
./SWBD71/openssl-0.9.8-2.ppc.rpm
./SWBD71/openssl-libs-0.9.8-2.ppc.rpm
./SWBD71/fss-7.0.2e-11.ppc.rpm
./SWBD71/eccrepd-7.0.2e-10.ppc.rpm
./SWBD71/dev-1.4.0-2.ppc.rpm
./SWBD71/uuid-libs-1.22-4.ppc.rpm
./SWBD71/util-linux-2.12o-18.ppc.rpm
./SWBD71/fabos-routing-7.0.2e-10.ppc.rpm
./SWBD71/fabos-vf-7.0.2e-10.ppc.rpm
./SWBD71/swbd21-drivers-2.4.19-4.ppc.rpm
./SWBD71/fabos-swbd71-7.0.2e-3.ppc.rpm
./SWBD71/fabos-swbd66-7.0.2e-3.ppc.rpm
./SWBD71/fabos-swbd92-7.0.2e-3.ppc.rpm
./SWBD71/fabos-swbd72-7.0.2e-3.ppc.rpm
./SWBD71/fabos-swbd83-7.0.2e-1.ppc.rpm
./SWBD71/fabos-swbd73-7.0.2e-3.ppc.rpm
./SWBD71/fabos-swbd75-7.0.2e-3.ppc.rpm
./SWBD71/fabos-swbd86-7.0.2e-3.ppc.rpm
./SWBD71/fabos-swbd87-7.0.2e-3.ppc.rpm
./SWBD71/fabos-swbd109-7.0.2e-1.ppc.rpm
./SWBD71/fabos-swbd118-7.0.2e-1.ppc.rpm
./SWBD71/swbd12-setup-1.3.4-4.ppc.rpm
./SWBD71/swbd21-setup-1.3.4-4.ppc.rpm
./SWBD71/swbd73-setup-7.0.2e-1.ppc.rpm
./SWBD71/kernel-module-usb-2.6.14.2-207979881.ppc.rpm
./SWBD71/kernel-module-nf-2.6.14.2-207979881.ppc.rpm
./SWBD71/hss-diag-7.0.2e-10.ppc.rpm
./SWBD71/hss-diag-scripts-7.0.2e-10.ppc.rpm
./SWBD71/gcov-1.1.0-5.ppc.rpm
./SWBD71/preinst
./SWBD71/prefwdl
./SWBD71/ending_instructions
./SWBD71/group
./SWBD71/release.plist
./SWBD71/v7.0.2e
./SWBD71/development.plist
./SWBD71/nfdiag.plist
./SWBD71/release.xml
./SWBD71/tar_file_list
./SWBD71/sbin/blockcheck
./SWBD66/preinst
./SWBD66/prefwdl
./SWBD66/ending_instructions
./SWBD66/group
./SWBD66/release.plist
./SWBD66/v7.0.2e
./SWBD66/development.plist
./SWBD66/nfdiag.plist
./SWBD66/release.xml
./SWBD66/tar_file_list
./SWBD72/preinst
./SWBD72/prefwdl
./SWBD72/ending_instructions
./SWBD72/group
./SWBD72/install
./SWBD72/release.plist
./SWBD72/v7.0.2e
./SWBD72/development.plist
./SWBD72/nfdiag.plist
./SWBD72/release.xml
./SWBD72/tar_file_list
./SWBD73/preinst
./SWBD73/prefwdl
./SWBD73/ending_instructions
./SWBD73/group
./SWBD73/release.plist
./SWBD73/v7.0.2e
./SWBD73/development.plist
./SWBD73/nfdiag.plist
./SWBD73/release.xml
./SWBD73/tar_file_list
./SWBD75/preinst
./SWBD75/prefwdl
./SWBD75/ending_instructions
./SWBD75/group
./SWBD75/release.plist
./SWBD75/v7.0.2e
./SWBD75/development.plist
./SWBD75/nfdiag.plist
./SWBD75/release.xml
./SWBD75/tar_file_list
./SWBD83/version.conf
./SWBD83/preinst
./SWBD83/prefwdl
./SWBD83/ending_instructions
./SWBD83/group
./SWBD83/release.plist
./SWBD83/v7.0.2e
./SWBD83/development.plist
./SWBD83/nfdiag.plist
./SWBD83/release.xml
./SWBD83/tar_file_list
./SWBD86/preinst
./SWBD86/prefwdl
./SWBD86/ending_instructions
./SWBD86/group
./SWBD86/install
./SWBD86/release.plist
./SWBD86/v7.0.2e
./SWBD86/development.plist
./SWBD86/nfdiag.plist
./SWBD86/release.xml
./SWBD86/tar_file_list
./SWBD87/preinst
./SWBD87/prefwdl
./SWBD87/ending_instructions
./SWBD87/group
./SWBD87/install
./SWBD87/release.plist
./SWBD87/v7.0.2e
./SWBD87/development.plist
./SWBD87/nfdiag.plist
./SWBD87/release.xml
./SWBD87/tar_file_list
./SWBD92/preinst
./SWBD92/prefwdl
./SWBD92/ending_instructions
./SWBD92/group
./SWBD92/release.plist
./SWBD92/v7.0.2e
./SWBD92/development.plist
./SWBD92/nfdiag.plist
./SWBD92/release.xml
./SWBD92/tar_file_list
./SWBD109/preinst
./SWBD109/prefwdl
./SWBD109/ending_instructions
./SWBD109/group
./SWBD109/release.plist
./SWBD109/v7.0.2e
./SWBD109/development.plist
./SWBD109/nfdiag.plist
./SWBD109/release.xml
./SWBD109/tar_file_list
./SWBD118/preinst
./SWBD118/prefwdl
./SWBD118/ending_instructions
./SWBD118/group
./SWBD118/release.plist
./SWBD118/v7.0.2e
./SWBD118/development.plist
./SWBD118/nfdiag.plist
./SWBD118/release.xml
./SWBD118/tar_file_list
./SWBD85/version.conf
./SWBD85/prom-440epx-1.0.9-1.ppc.rpm
./SWBD85/kernel-2.6.14.2-3366950202.ppc.rpm
./SWBD85/kernel-debug-2.6.14.2-3366950202.ppc.rpm
./SWBD85/fss-7.0.2e-11.ppc.rpm
./SWBD85/bfos-init-7.0.2e-8.ppc.rpm
./SWBD85/bfos-utils-7.0.2e-7.ppc.rpm
./SWBD85/bfos-drivers-7.0.2e-11.ppc.rpm
./SWBD85/bfos-libs-7.0.2e-8.ppc.rpm
./SWBD85/bfos-daemons-7.0.2e-12.ppc.rpm
./SWBD85/bfos-swbd36-7.0.2e-3.ppc.rpm
./SWBD85/bfos-swbd47-7.0.2e-3.ppc.rpm
./SWBD85/bfos-swbd50-7.0.2e-3.ppc.rpm
./SWBD85/bfos-swbd55-7.0.2e-3.ppc.rpm
./SWBD85/eccrepd-bfos-7.0.2e-10.ppc.rpm
./SWBD85/dev-1.4.0-2.ppc.rpm
./SWBD85/uuid-libs-1.22-4.ppc.rpm
./SWBD85/util-linux-2.12o-18.ppc.rpm
./SWBD85/openssh-5.2p1-10.ppc.rpm
./SWBD85/openssh-server-5.2p1-10.ppc.rpm
./SWBD85/openssl-0.9.8-2.ppc.rpm
./SWBD85/openssl-libs-0.9.8-2.ppc.rpm
./SWBD85/swbd85-setup-7.0.2e-1.ppc.rpm
./SWBD85/bfos-swbd85-7.0.2e-3.ppc.rpm
./SWBD85/fabos-minimal-setup-7.0.2e-3.ppc.rpm
./SWBD85/fpga-utils-7.0.2e-03.ppc.rpm
./SWBD85/gcov-1.1.0-5.ppc.rpm
./SWBD85/prefwdl
./SWBD85/ending_instructions
./SWBD85/group
./SWBD85/release.plist
./SWBD85/v7.0.2e
./SWBD85/development.plist
./SWBD85/nfdiag.plist
./SWBD85/release.xml
./SWBD85/tar_file_list
./SWBD85/sbin/blockcheck
./SWBD88/version.conf
./SWBD88/prom-440epx-1.0.9-1.ppc.rpm
./SWBD88/kernel-2.6.14.2-2100621080.ppc.rpm
./SWBD88/kernel-debug-2.6.14.2-2100621080.ppc.rpm
./SWBD88/nfdiag-7.0.2e-3.ppc.rpm
./SWBD88/fss-7.0.2e-11.ppc.rpm
./SWBD88/bfos-init-7.0.2e-8.ppc.rpm
./SWBD88/bfos-utils-7.0.2e-7.ppc.rpm
./SWBD88/bfos-drivers-7.0.2e-11.ppc.rpm
./SWBD88/bfos-libs-7.0.2e-8.ppc.rpm
./SWBD88/bfos-daemons-7.0.2e-12.ppc.rpm
./SWBD88/bfos-swbd36-7.0.2e-3.ppc.rpm
./SWBD88/bfos-swbd47-7.0.2e-3.ppc.rpm
./SWBD88/bfos-swbd50-7.0.2e-3.ppc.rpm
./SWBD88/bfos-swbd55-7.0.2e-3.ppc.rpm
./SWBD88/eccrepd-bfos-7.0.2e-10.ppc.rpm
./SWBD88/dev-1.4.0-2.ppc.rpm
./SWBD88/uuid-libs-1.22-4.ppc.rpm
./SWBD88/util-linux-2.12o-18.ppc.rpm
./SWBD88/bfos-swbd88-7.0.2e-3.ppc.rpm
./SWBD88/fabos-minimal-setup-7.0.2e-3.ppc.rpm
./SWBD88/bfos-fpga-swbd88-1.0.0-@ZEUS_IMAGE_CKSUM@.ppc.rpm
./SWBD88/gcov-1.1.0-5.ppc.rpm
./SWBD88/prefwdl
./SWBD88/ending_instructions
./SWBD88/group
./SWBD88/release.plist
./SWBD88/v7.0.2e
./SWBD88/development.plist
./SWBD88/nfdiag.plist
./SWBD88/release.xml
./SWBD88/tar_file_list
./SWBD88/sbin/blockcheck
./fw_files.log
