./SWBD21/version.conf.sig
./SWBD21/swbd23-prom-4.6.6-1.ppc.rpm.sig
./SWBD21/kernel-2.6.14.2-1784197611.ppc.rpm.sig
./SWBD21/kernel-debug-2.6.14.2-1784197611.ppc.rpm.sig
./SWBD21/kernel-xfs-2.6.14.2-1784197611.ppc.rpm.sig
./SWBD21/kernel-xfs-debug-2.6.14.2-1784197611.ppc.rpm.sig
./SWBD21/fabos-7.3.2a-15.ppc.rpm.sig
./SWBD21/fabos-daemons-7.3.2a-4.ppc.rpm.sig
./SWBD21/fabos-debug-7.3.2a-6.ppc.rpm.sig
./SWBD21/fabos-diag-7.3.2a-14.ppc.rpm.sig
./SWBD21/fabos-newdiag-7.3.2a-14.ppc.rpm.sig
./SWBD21/fabos-fw-7.3.2a-10.ppc.rpm.sig
./SWBD21/fabos-hmon-7.3.2a-10.ppc.rpm.sig
./SWBD21/fabos-man-7.3.2a-13.ppc.rpm.sig
./SWBD21/fabos-quickloop-7.3.2a-10.ppc.rpm.sig
./SWBD21/fabos-setup-7.3.2a-15.ppc.rpm.sig
./SWBD21/fabos-webtools-7.3.2a-11.ppc.rpm.sig
./SWBD21/fabos-webtoolsez-7.3.2a-3.ppc.rpm.sig
./SWBD21/fabos-wwnhs-7.3.2a-10.ppc.rpm.sig
./SWBD21/fabos-zoning-7.3.2a-10.ppc.rpm.sig
./SWBD21/nfdiag-7.3.2a-3.ppc.rpm.sig
./SWBD21/fabos-libs-7.3.2a-11.ppc.rpm.sig
./SWBD21/fabos-drivers-7.3.2a-11.ppc.rpm.sig
./SWBD21/bootenv-1.0.3-7.ppc.rpm.sig
./SWBD21/chkconfig-1.0.1-7.ppc.rpm.sig
./SWBD21/fwdl-7.3.2a-47.ppc.rpm.sig
./SWBD21/sin-1.1.1-6.ppc.rpm.sig
./SWBD21/mtracer-tool-2.4.20-13.ppc.rpm.sig
./SWBD21/rcinit-1.1.5-9.ppc.rpm.sig
./SWBD21/setup-7.3.2a-28.ppc.rpm.sig
./SWBD21/openssh-6.2p1-1.ppc.rpm.sig
./SWBD21/openssh-server-6.2p1-1.ppc.rpm.sig
./SWBD21/openssl-1.0.1e-1.ppc.rpm.sig
./SWBD21/openssl-libs-1.0.1e-1.ppc.rpm.sig
./SWBD21/fss-7.3.2a-11.ppc.rpm.sig
./SWBD21/eccrepd-7.3.2a-10.ppc.rpm.sig
./SWBD21/dev-1.4.0-2.ppc.rpm.sig
./SWBD21/util-linux-2.13o-18.ppc.rpm.sig
./SWBD21/uuid-libs-1.23-4.ppc.rpm.sig
./SWBD21/swbd21-drivers-2.4.20-4.ppc.rpm.sig
./SWBD21/fabos-swbd70-7.3.2a-10.ppc.rpm.sig
./SWBD21/swbd12-setup-1.3.5-4.ppc.rpm.sig
./SWBD21/kernel-module-ipsec-2.6.14.2-1784197611.ppc.rpm.sig
./SWBD21/sbin/blockcheck.sig
./SWBD21/bpmac.sig
./SWBD70/preinst.sig
./SWBD70/prefwdl.sig
./SWBD70/ending_instructions.sig
./SWBD70/group.sig
./SWBD70/install.sig
./SWBD70/release.plist.sig
./SWBD70/v7.3.2a.sig
./SWBD70/development.plist.sig
./SWBD70/nfdiag.plist.sig
./SWBD70/release.xml.sig
./SWBD70/tar_file_list.sig
./common/oss/apache-2.4.6-10.ppc.rpm.sig
./common/oss/autofs-3.1.7-4.ppc.rpm.sig
./common/oss/bash-2.05-8.ppc.rpm.sig
./common/oss/binutils-2.16.1-3.ppc.rpm.sig
./common/oss/binutils-libs-2.16.1-3.ppc.rpm.sig
./common/oss/bzip-1.0.2-4.ppc.rpm.sig
./common/oss/cpio-2.4.3-4.ppc.rpm.sig
./common/oss/dmalloc-4.6.0-5.ppc.rpm.sig
./common/oss/diffutils-2.7-4.ppc.rpm.sig
./common/oss/fileutils-4.1-4.ppc.rpm.sig
./common/oss/findutils-4.2-4.ppc.rpm.sig
./common/oss/ftp-0.17-4.ppc.rpm.sig
./common/oss/getty-2.0.8j-8.ppc.rpm.sig
./common/oss/grep-2.4.3-4.ppc.rpm.sig
./common/oss/gzip-1.2.5a-4.ppc.rpm.sig
./common/oss/hex-1.2-4.ppc.rpm.sig
./common/oss/inetd-0.18-8.ppc.rpm.sig
./common/oss/ksymoops-2.4.1-4.ppc.rpm.sig
./common/oss/less-3.4.1-5.ppc.rpm.sig
./common/oss/man-1.6g-7.ppc.rpm.sig
./common/oss/ncftp-3.0.3-6.ppc.rpm.sig
./common/oss/net-tools-1.58-6.ppc.rpm.sig
./common/oss/netperf-2.1pl3-4.ppc.rpm.sig
./common/oss/ntp-5.94e-4.ppc.rpm.sig
./common/oss/oprofile-0.9.4-1.ppc.rpm.sig
./common/oss/portmap-5.0-4.ppc.rpm.sig
./common/oss/rdate-990821.0.1-5.ppc.rpm.sig
./common/oss/readline-4.2-4.ppc.rpm.sig
./common/oss/rpm-4.3-5.ppc.rpm.sig
./common/oss/rsh-0.18-4.ppc.rpm.sig
./common/oss/rsh-server-0.18-4.ppc.rpm.sig
./common/oss/rusers-0.18-4.ppc.rpm.sig
./common/oss/rusers-server-0.18-4.ppc.rpm.sig
./common/oss/sed-3.03-6.ppc.rpm.sig
./common/oss/sh-utils-3.0-10.ppc.rpm.sig
./common/oss/stat-1.0.0d-4.ppc.rpm.sig
./common/oss/strace-4.3-4.ppc.rpm.sig
./common/oss/sysklogd-1.5-9.ppc.rpm.sig
./common/oss/sysvinit-2.79-10.ppc.rpm.sig
./common/oss/tar-1.13.20-4.ppc.rpm.sig
./common/oss/rsync-2.6.10-2.ppc.rpm.sig
./common/oss/tcpd-7.7-4.ppc.rpm.sig
./common/oss/tcpdump-3.6.2-4.ppc.rpm.sig
./common/oss/telnet-0.18-7.ppc.rpm.sig
./common/oss/telnet-server-0.18-7.ppc.rpm.sig
./common/oss/termcap-1.4-5.ppc.rpm.sig
./common/oss/terminfo-11.2.1-6.ppc.rpm.sig
./common/oss/textutils-1.23-4.ppc.rpm.sig
./common/oss/tftp-0.18-4.ppc.rpm.sig
./common/oss/tftp-server-0.18-4.ppc.rpm.sig
./common/oss/tz-7.12-6.ppc.rpm.sig
./common/oss/pam-0.77-29.ppc.rpm.sig
./common/oss/uucp-1.07-6.ppc.rpm.sig
./common/oss/vixie-cron-3.0.2-62_4.ppc.rpm.sig
./common/oss/wget-1.5.3-4.ppc.rpm.sig
./common/oss/which-2.13-4.ppc.rpm.sig
./common/oss/wu-ftpd-2.6.1-4.ppc.rpm.sig
./common/oss/yp-tools-2.4-4.ppc.rpm.sig
./common/oss/ypbind-3.3-4.ppc.rpm.sig
./common/oss/zlib-1.1.5-5.ppc.rpm.sig
./common/oss/misc-1.0.1-6.ppc.rpm.sig
./common/oss/popt-1.4-4.ppc.rpm.sig
./common/oss/iproute2-2.5-10.ppc.rpm.sig
./common/oss/libxml2-2.6.31-1.ppc.rpm.sig
./common/oss/sqlite-3.2.2-4.ppc.rpm.sig
./common/oss/dhcpcd-1.4-4.ppc.rpm.sig
./common/oss/dhclient-1.1-1.ppc.rpm.sig
./common/oss/wdtd-1.0.1-5.ppc.rpm.sig
./common/oss/modutils-3.2-9.ppc.rpm.sig
./common/oss/awk-3.1.1-6.ppc.rpm.sig
./common/oss/ipsec-1.1-1.ppc.rpm.sig
./common/oss/curl-7.19.5-1.ppc.rpm.sig
./common/oss/tftp-hpa-0.40-1.ppc.rpm.sig
./common/oss/glibc-linuxthreads-2.3.7-3.ppc.rpm.sig
./common/oss/parted-1.4.18-4.ppc.rpm.sig
./common/oss/ltt-0.9.5a-4.ppc.rpm.sig
./common/oss/traceroute-1.4a12-12.ppc.rpm.sig
./common/oss/dir-1.0.5-5.ppc.rpm.sig
./common/oss/e2fsprogs-1.39-5.ppc.rpm.sig
./common/oss/fastcgi-2.3-4.ppc.rpm.sig
./common/oss/glibc-2.3.7-8.ppc.rpm.sig
./common/oss/iptables-1.4-1.ppc.rpm.sig
./common/oss/ipv6-1.3-8.ppc.rpm.sig
./common/oss/ldconfig-2.16.2-4.ppc.rpm.sig
./common/oss/logrotate-3.5.5-6.ppc.rpm.sig
./common/oss/nfs-utils-1.0-9.ppc.rpm.sig
./common/oss/pciutils-2.1.9-4.ppc.rpm.sig
./common/oss/procps-3.3.1-3.ppc.rpm.sig
./common/oss/psmisc-19.0.1-5.ppc.rpm.sig
./common/oss/sendmail-8.10-11.ppc.rpm.sig
./common/oss/sysstat-5.0.5-8.ppc.rpm.sig
./common/oss/pcsc-lite-1.5-3.ppc.rpm.sig
./common/oss/bootp-2.4.3-1.ppc.rpm.sig
./common/oss/ossimage-7.3.2a-1.ppc.rpm.sig
./common/oss/minicom-2.1-2.7.ppc.rpm.sig
./common/oss/xercesc-2.8.0-1.ppc.rpm.sig
./common/oss/minicom-2_6_34-2.1-2.7.ppc.rpm.sig
./common/BP/bpimage-swbd55-7.3.2a-1.ppc.rpm.sig
./common/BP/bpimage-swbd68-7.3.2a-1.ppc.rpm.sig
./common/BP/bpimage-swbd89-7.3.2a-1.ppc.rpm.sig
./common/BP/bpimage-swbd63-7.3.2a-1.ppc.rpm.sig
./common/BP/bpimage-swbd88-7.3.2a-1.ppc.rpm.sig
./common/BP/bpimage-swbd85-7.3.2a-1.ppc.rpm.sig
./install.sig
./install_verify.sig
./sbin/create_release_file.sig
./platform_names.sig
./app_names.sig
./pubkey.pem.sig
./pubkey2k.pem.sig
./SWBD55/version.conf.sig
./SWBD55/prom-8548-1.0.16-1.ppc.rpm.sig
./SWBD55/prom-1250-1.0.16-6.ppc.rpm.sig
./SWBD55/kernel-2.6.14.2-1209543023.ppc.rpm.sig
./SWBD55/kernel-debug-2.6.14.2-1209543023.ppc.rpm.sig
./SWBD55/fss-7.3.2a-11.ppc.rpm.sig
./SWBD55/bfos-init-7.3.2a-8.ppc.rpm.sig
./SWBD55/bfos-utils-7.3.2a-7.ppc.rpm.sig
./SWBD55/bfos-drivers-7.3.2a-11.ppc.rpm.sig
./SWBD55/bfos-libs-7.3.2a-8.ppc.rpm.sig
./SWBD55/bfos-daemons-7.3.2a-12.ppc.rpm.sig
./SWBD55/bfos-swbd50-7.3.2a-3.ppc.rpm.sig
./SWBD55/bfos-swbd55-7.3.2a-3.ppc.rpm.sig
./SWBD55/eccrepd-bfos-7.3.2a-10.ppc.rpm.sig
./SWBD55/dev-1.4.0-2.ppc.rpm.sig
./SWBD55/util-linux-2.13o-18.ppc.rpm.sig
./SWBD55/openssh-6.2p1-1.ppc.rpm.sig
./SWBD55/openssh-server-6.2p1-1.ppc.rpm.sig
./SWBD55/openssh-bp-5.2p1-11.ppc.rpm.sig
./SWBD55/openssh-bp-server-5.2p1-11.ppc.rpm.sig
./SWBD55/openssl-1.0.1e-1.ppc.rpm.sig
./SWBD55/openssl-libs-1.0.1e-1.ppc.rpm.sig
./SWBD55/swbd55-setup-7.3.2a-1.ppc.rpm.sig
./SWBD55/bfos-swbd68-7.3.2a-9.ppc.rpm.sig
./SWBD55/bfos-swbd89-7.3.2a-9.ppc.rpm.sig
./SWBD55/sp-firmware-7.3.2a-1.ppc.rpm.sig
./SWBD55/fpga-utils-7.3.2a-03.ppc.rpm.sig
./SWBD55/uuid-libs-1.23-4.ppc.rpm.sig
./SWBD55/fabos-minimal-setup-7.3.2a-3.ppc.rpm.sig
./SWBD55/kernel-module-net-2.6.14.2-1209543023.ppc.rpm.sig
./SWBD55/fsl8548-brcdecc-module-2.6.14.2-1209543023.ppc.rpm.sig
./SWBD55/sbin/blockcheck.sig
./FabosSDK.tar.gz.sig
./SWBD68/version.conf.sig
./SWBD68/prefwdl.sig
./SWBD68/ending_instructions.sig
./SWBD68/group.sig
./SWBD68/release.plist.sig
./SWBD68/v7.3.2a.sig
./SWBD68/development.plist.sig
./SWBD68/nfdiag.plist.sig
./SWBD68/release.xml.sig
./SWBD68/tar_file_list.sig
./SWBD89/version.conf.sig
./SWBD89/prefwdl.sig
./SWBD89/ending_instructions.sig
./SWBD89/group.sig
./SWBD89/release.plist.sig
./SWBD89/v7.3.2a.sig
./SWBD89/development.plist.sig
./SWBD89/nfdiag.plist.sig
./SWBD89/release.xml.sig
./SWBD89/tar_file_list.sig
./SWBD62/version.conf.sig
./SWBD62/prom-8548-1.0.16-1.ppc.rpm.sig
./SWBD62/kernel-2.6.14.2-2256832956.ppc.rpm.sig
./SWBD62/kernel-debug-2.6.14.2-2256832956.ppc.rpm.sig
./SWBD62/fabos-7.3.2a-15.ppc.rpm.sig
./SWBD62/fabos-daemons-7.3.2a-4.ppc.rpm.sig
./SWBD62/fabos-debug-7.3.2a-6.ppc.rpm.sig
./SWBD62/fabos-diag-7.3.2a-14.ppc.rpm.sig
./SWBD62/fabos-newdiag-7.3.2a-14.ppc.rpm.sig
./SWBD62/fabos-fw-7.3.2a-10.ppc.rpm.sig
./SWBD62/fabos-hmon-7.3.2a-10.ppc.rpm.sig
./SWBD62/fabos-man-7.3.2a-13.ppc.rpm.sig
./SWBD62/fabos-quickloop-7.3.2a-10.ppc.rpm.sig
./SWBD62/fabos-setup-7.3.2a-15.ppc.rpm.sig
./SWBD62/fabos-webtools-7.3.2a-11.ppc.rpm.sig
./SWBD62/fabos-webtoolsez-7.3.2a-3.ppc.rpm.sig
./SWBD62/fabos-wwnhs-7.3.2a-10.ppc.rpm.sig
./SWBD62/fabos-zoning-7.3.2a-10.ppc.rpm.sig
./SWBD62/nfdiag-7.3.2a-3.ppc.rpm.sig
./SWBD62/fabos-libs-7.3.2a-11.ppc.rpm.sig
./SWBD62/fabos-drivers-7.3.2a-11.ppc.rpm.sig
./SWBD62/nfdiag-8548-gpio-7.3.2a-3.ppc.rpm.sig
./SWBD62/bootenv-1.0.3-7.ppc.rpm.sig
./SWBD62/chkconfig-1.0.1-7.ppc.rpm.sig
./SWBD62/fwdl-7.3.2a-47.ppc.rpm.sig
./SWBD62/sin-1.1.1-6.ppc.rpm.sig
./SWBD62/mtracer-tool-2.4.20-13.ppc.rpm.sig
./SWBD62/rcinit-1.1.5-9.ppc.rpm.sig
./SWBD62/setup-7.3.2a-28.ppc.rpm.sig
./SWBD62/openssh-6.2p1-1.ppc.rpm.sig
./SWBD62/openssh-server-6.2p1-1.ppc.rpm.sig
./SWBD62/openssl-1.0.1e-1.ppc.rpm.sig
./SWBD62/openssl-libs-1.0.1e-1.ppc.rpm.sig
./SWBD62/fss-7.3.2a-11.ppc.rpm.sig
./SWBD62/eccrepd-7.3.2a-10.ppc.rpm.sig
./SWBD62/dev-1.4.0-2.ppc.rpm.sig
./SWBD62/util-linux-2.13o-18.ppc.rpm.sig
./SWBD62/uuid-libs-1.23-4.ppc.rpm.sig
./SWBD62/swbd21-setup-1.3.4-4.ppc.rpm.sig
./SWBD62/fabos-swbd62-7.3.2a-10.ppc.rpm.sig
./SWBD62/fabos-swbd64-7.3.2a-1.ppc.rpm.sig
./SWBD62/fabos-swbd67-7.3.2a-10.ppc.rpm.sig
./SWBD62/fabos-swbd133-7.3.2a-1.ppc.rpm.sig
./SWBD62/fabos-routing-7.3.2a-10.ppc.rpm.sig
./SWBD62/fabos-vf-7.3.2a-10.ppc.rpm.sig
./SWBD62/kernel-module-usb-2.6.14.2-2256832956.ppc.rpm.sig
./SWBD62/kernel-module-net-2.6.14.2-2256832956.ppc.rpm.sig
./SWBD62/fsl8548-brcdecc-module-2.6.14.2-2256832956.ppc.rpm.sig
./SWBD62/hss-diag-7.3.2a-10.ppc.rpm.sig
./SWBD62/hss-diag-scripts-7.3.2a-10.ppc.rpm.sig
./SWBD62/release.xml.sig
./SWBD62/tar_file_list.sig
./SWBD62/sbin/blockcheck.sig
./SWBD62/preinst.sig
./SWBD62/prefwdl.sig
./SWBD62/ending_instructions.sig
./SWBD62/group.sig
./SWBD62/release.plist.sig
./SWBD62/v7.3.2a.sig
./SWBD62/development.plist.sig
./SWBD62/nfdiag.plist.sig
./SWBD64/version.conf.sig
./SWBD64/preinst.sig
./SWBD64/prefwdl.sig
./SWBD64/ending_instructions.sig
./SWBD64/group.sig
./SWBD64/release.plist.sig
./SWBD64/v7.3.2a.sig
./SWBD64/development.plist.sig
./SWBD64/nfdiag.plist.sig
./SWBD64/release.xml.sig
./SWBD64/tar_file_list.sig
./SWBD67/version.conf.sig
./SWBD67/preinst.sig
./SWBD67/prefwdl.sig
./SWBD67/ending_instructions.sig
./SWBD67/group.sig
./SWBD67/release.plist.sig
./SWBD67/v7.3.2a.sig
./SWBD67/development.plist.sig
./SWBD67/nfdiag.plist.sig
./SWBD67/release.xml.sig
./SWBD67/tar_file_list.sig
./SWBD77/version.conf.sig
./SWBD77/preinst.sig
./SWBD77/prefwdl.sig
./SWBD77/ending_instructions.sig
./SWBD77/group.sig
./SWBD77/release.plist.sig
./SWBD77/v7.3.2a.sig
./SWBD77/development.plist.sig
./SWBD77/nfdiag.plist.sig
./SWBD77/release.xml.sig
./SWBD77/tar_file_list.sig
./SWBD133/version.conf.sig
./SWBD133/preinst.sig
./SWBD133/prefwdl.sig
./SWBD133/ending_instructions.sig
./SWBD133/group.sig
./SWBD133/release.plist.sig
./SWBD133/v7.3.2a.sig
./SWBD133/development.plist.sig
./SWBD133/nfdiag.plist.sig
./SWBD133/release.xml.sig
./SWBD133/tar_file_list.sig
./SWBD63/version.conf.sig
./SWBD63/prom-8548-1.0.16-1.ppc.rpm.sig
./SWBD63/kernel-2.6.14.2-1201114669.ppc.rpm.sig
./SWBD63/kernel-debug-2.6.14.2-1201114669.ppc.rpm.sig
./SWBD63/fabos-7.3.2a-15.ppc.rpm.sig
./SWBD63/fabos-daemons-7.3.2a-4.ppc.rpm.sig
./SWBD63/fabos-debug-7.3.2a-6.ppc.rpm.sig
./SWBD63/fabos-diag-7.3.2a-14.ppc.rpm.sig
./SWBD63/fabos-newdiag-7.3.2a-14.ppc.rpm.sig
./SWBD63/fabos-fw-7.3.2a-10.ppc.rpm.sig
./SWBD63/fabos-hmon-7.3.2a-10.ppc.rpm.sig
./SWBD63/fabos-man-7.3.2a-13.ppc.rpm.sig
./SWBD63/fabos-quickloop-7.3.2a-10.ppc.rpm.sig
./SWBD63/fabos-setup-7.3.2a-15.ppc.rpm.sig
./SWBD63/fabos-webtoolsez-7.3.2a-3.ppc.rpm.sig
./SWBD63/fabos-wwnhs-7.3.2a-10.ppc.rpm.sig
./SWBD63/nfdiag-7.3.2a-3.ppc.rpm.sig
./SWBD63/fabos-libs-7.3.2a-11.ppc.rpm.sig
./SWBD63/fabos-drivers-7.3.2a-11.ppc.rpm.sig
./SWBD63/bootenv-1.0.3-7.ppc.rpm.sig
./SWBD63/chkconfig-1.0.1-7.ppc.rpm.sig
./SWBD63/fwdl-7.3.2a-47.ppc.rpm.sig
./SWBD63/sin-1.1.1-6.ppc.rpm.sig
./SWBD63/mtracer-tool-2.4.20-13.ppc.rpm.sig
./SWBD63/rcinit-1.1.5-9.ppc.rpm.sig
./SWBD63/setup-7.3.2a-28.ppc.rpm.sig
./SWBD63/openssh-6.2p1-1.ppc.rpm.sig
./SWBD63/openssh-server-6.2p1-1.ppc.rpm.sig
./SWBD63/openssl-1.0.1e-1.ppc.rpm.sig
./SWBD63/openssl-libs-1.0.1e-1.ppc.rpm.sig
./SWBD63/fss-7.3.2a-11.ppc.rpm.sig
./SWBD63/eccrepd-7.3.2a-10.ppc.rpm.sig
./SWBD63/dev-1.4.0-2.ppc.rpm.sig
./SWBD63/util-linux-2.13o-18.ppc.rpm.sig
./SWBD63/uuid-libs-1.23-4.ppc.rpm.sig
./SWBD63/swbd21-setup-1.3.4-4.ppc.rpm.sig
./SWBD63/fabos-swbd63-7.3.2a-1.ppc.rpm.sig
./SWBD63/fabos-routing-7.3.2a-10.ppc.rpm.sig
./SWBD63/kernel-module-usb-2.6.14.2-1201114669.ppc.rpm.sig
./SWBD63/fsl8548-brcdecc-module-2.6.14.2-1201114669.ppc.rpm.sig
./SWBD63/hss-diag-7.3.2a-10.ppc.rpm.sig
./SWBD63/hss-diag-scripts-7.3.2a-10.ppc.rpm.sig
./SWBD63/release.xml.sig
./SWBD63/tar_file_list.sig
./SWBD63/sbin/blockcheck.sig
./SWBD63/preinst.sig
./SWBD63/prefwdl.sig
./SWBD63/ending_instructions.sig
./SWBD63/group.sig
./SWBD63/release.plist.sig
./SWBD63/v7.3.2a.sig
./SWBD63/development.plist.sig
./SWBD63/nfdiag.plist.sig
./SWBD71/prom-440epx-1.0.11-1.ppc.rpm.sig
./SWBD71/kernel-2.6.14.2-1927476902.ppc.rpm.sig
./SWBD71/kernel-debug-2.6.14.2-1927476902.ppc.rpm.sig
./SWBD71/fabos-7.3.2a-15.ppc.rpm.sig
./SWBD71/fabos-daemons-7.3.2a-4.ppc.rpm.sig
./SWBD71/fabos-debug-7.3.2a-6.ppc.rpm.sig
./SWBD71/fabos-diag-7.3.2a-14.ppc.rpm.sig
./SWBD71/fabos-newdiag-7.3.2a-14.ppc.rpm.sig
./SWBD71/fabos-fw-7.3.2a-10.ppc.rpm.sig
./SWBD71/fabos-hmon-7.3.2a-10.ppc.rpm.sig
./SWBD71/fabos-man-7.3.2a-13.ppc.rpm.sig
./SWBD71/fabos-quickloop-7.3.2a-10.ppc.rpm.sig
./SWBD71/fabos-setup-7.3.2a-15.ppc.rpm.sig
./SWBD71/fabos-webtools-7.3.2a-11.ppc.rpm.sig
./SWBD71/fabos-webtoolsez-7.3.2a-3.ppc.rpm.sig
./SWBD71/fabos-wwnhs-7.3.2a-10.ppc.rpm.sig
./SWBD71/fabos-zoning-7.3.2a-10.ppc.rpm.sig
./SWBD71/nfdiag-7.3.2a-3.ppc.rpm.sig
./SWBD71/fabos-libs-7.3.2a-11.ppc.rpm.sig
./SWBD71/fabos-drivers-7.3.2a-11.ppc.rpm.sig
./SWBD71/bootenv-1.0.3-7.ppc.rpm.sig
./SWBD71/chkconfig-1.0.1-7.ppc.rpm.sig
./SWBD71/fwdl-7.3.2a-47.ppc.rpm.sig
./SWBD71/sin-1.1.1-6.ppc.rpm.sig
./SWBD71/mtracer-tool-2.4.20-13.ppc.rpm.sig
./SWBD71/rcinit-1.1.5-9.ppc.rpm.sig
./SWBD71/setup-7.3.2a-28.ppc.rpm.sig
./SWBD71/openssh-6.2p1-1.ppc.rpm.sig
./SWBD71/openssh-server-6.2p1-1.ppc.rpm.sig
./SWBD71/openssl-1.0.1e-1.ppc.rpm.sig
./SWBD71/openssl-libs-1.0.1e-1.ppc.rpm.sig
./SWBD71/fss-7.3.2a-11.ppc.rpm.sig
./SWBD71/eccrepd-7.3.2a-10.ppc.rpm.sig
./SWBD71/dev-1.4.0-2.ppc.rpm.sig
./SWBD71/util-linux-2.13o-18.ppc.rpm.sig
./SWBD71/uuid-libs-1.23-4.ppc.rpm.sig
./SWBD71/fabos-routing-7.3.2a-10.ppc.rpm.sig
./SWBD71/fabos-vf-7.3.2a-10.ppc.rpm.sig
./SWBD71/swbd21-drivers-2.4.20-4.ppc.rpm.sig
./SWBD71/fabos-swbd71-7.3.2a-3.ppc.rpm.sig
./SWBD71/fabos-swbd66-7.3.2a-3.ppc.rpm.sig
./SWBD71/fabos-swbd92-7.3.2a-3.ppc.rpm.sig
./SWBD71/fabos-swbd72-7.3.2a-3.ppc.rpm.sig
./SWBD71/fabos-swbd83-7.3.2a-1.ppc.rpm.sig
./SWBD71/fabos-swbd73-7.3.2a-3.ppc.rpm.sig
./SWBD71/fabos-swbd75-7.3.2a-3.ppc.rpm.sig
./SWBD71/fabos-swbd86-7.3.2a-3.ppc.rpm.sig
./SWBD71/fabos-swbd87-7.3.2a-3.ppc.rpm.sig
./SWBD71/fabos-swbd109-7.3.2a-1.ppc.rpm.sig
./SWBD71/fabos-swbd117-7.3.2a-2.ppc.rpm.sig
./SWBD71/fabos-swbd118-7.3.2a-1.ppc.rpm.sig
./SWBD71/fabos-swbd124-7.3.2a-1.ppc.rpm.sig
./SWBD71/fabos-swbd125-7.3.2a-1.ppc.rpm.sig
./SWBD71/fabos-swbd129-7.3.2a-3.ppc.rpm.sig
./SWBD71/fabos-swbd130-7.3.2a-3.ppc.rpm.sig
./SWBD71/fabos-swbd149-7.3.2a-3.ppc.rpm.sig
./SWBD71/fabos-swbd150-7.3.2a-3.ppc.rpm.sig
./SWBD71/serdes-swbd130-7.3.2a-3.ppc.rpm.sig
./SWBD71/fabos-swbd134-7.3.2a-1.ppc.rpm.sig
./SWBD71/swbd134-setup-1.3.4-9.ppc.rpm.sig
./SWBD71/swbd12-setup-1.3.5-4.ppc.rpm.sig
./SWBD71/swbd21-setup-1.3.4-4.ppc.rpm.sig
./SWBD71/swbd73-setup-7.3.2a-2.ppc.rpm.sig
./SWBD71/swbd149-setup-7.3.2a-1.ppc.rpm.sig
./SWBD71/nfdiag-setup-7.3.2a-28.ppc.rpm.sig
./SWBD71/kernel-module-usb-2.6.14.2-1927476902.ppc.rpm.sig
./SWBD71/kernel-module-nf-2.6.14.2-1927476902.ppc.rpm.sig
./SWBD71/hss-diag-7.3.2a-10.ppc.rpm.sig
./SWBD71/hss-diag-scripts-7.3.2a-10.ppc.rpm.sig
./SWBD71/release.xml.sig
./SWBD71/tar_file_list.sig
./SWBD71/sbin/blockcheck.sig
./SWBD71/preinst.sig
./SWBD71/prefwdl.sig
./SWBD71/ending_instructions.sig
./SWBD71/group.sig
./SWBD71/release.plist.sig
./SWBD71/v7.3.2a.sig
./SWBD71/development.plist.sig
./SWBD71/nfdiag.plist.sig
./SWBD66/preinst.sig
./SWBD66/prefwdl.sig
./SWBD66/ending_instructions.sig
./SWBD66/group.sig
./SWBD66/release.plist.sig
./SWBD66/v7.3.2a.sig
./SWBD66/development.plist.sig
./SWBD66/nfdiag.plist.sig
./SWBD66/release.xml.sig
./SWBD66/tar_file_list.sig
./SWBD72/preinst.sig
./SWBD72/prefwdl.sig
./SWBD72/ending_instructions.sig
./SWBD72/group.sig
./SWBD72/install.sig
./SWBD72/release.plist.sig
./SWBD72/v7.3.2a.sig
./SWBD72/development.plist.sig
./SWBD72/nfdiag.plist.sig
./SWBD72/release.xml.sig
./SWBD72/tar_file_list.sig
./SWBD73/preinst.sig
./SWBD73/prefwdl.sig
./SWBD73/ending_instructions.sig
./SWBD73/group.sig
./SWBD73/release.plist.sig
./SWBD73/v7.3.2a.sig
./SWBD73/development.plist.sig
./SWBD73/nfdiag.plist.sig
./SWBD73/release.xml.sig
./SWBD73/tar_file_list.sig
./SWBD75/preinst.sig
./SWBD75/prefwdl.sig
./SWBD75/ending_instructions.sig
./SWBD75/group.sig
./SWBD75/release.plist.sig
./SWBD75/v7.3.2a.sig
./SWBD75/development.plist.sig
./SWBD75/nfdiag.plist.sig
./SWBD75/release.xml.sig
./SWBD75/tar_file_list.sig
./SWBD83/version.conf.sig
./SWBD83/preinst.sig
./SWBD83/prefwdl.sig
./SWBD83/ending_instructions.sig
./SWBD83/group.sig
./SWBD83/release.plist.sig
./SWBD83/v7.3.2a.sig
./SWBD83/development.plist.sig
./SWBD83/nfdiag.plist.sig
./SWBD83/release.xml.sig
./SWBD83/tar_file_list.sig
./SWBD86/preinst.sig
./SWBD86/prefwdl.sig
./SWBD86/ending_instructions.sig
./SWBD86/group.sig
./SWBD86/install.sig
./SWBD86/release.plist.sig
./SWBD86/v7.3.2a.sig
./SWBD86/development.plist.sig
./SWBD86/nfdiag.plist.sig
./SWBD86/release.xml.sig
./SWBD86/tar_file_list.sig
./SWBD87/preinst.sig
./SWBD87/prefwdl.sig
./SWBD87/ending_instructions.sig
./SWBD87/group.sig
./SWBD87/install.sig
./SWBD87/release.plist.sig
./SWBD87/v7.3.2a.sig
./SWBD87/development.plist.sig
./SWBD87/nfdiag.plist.sig
./SWBD87/release.xml.sig
./SWBD87/tar_file_list.sig
./SWBD92/preinst.sig
./SWBD92/prefwdl.sig
./SWBD92/ending_instructions.sig
./SWBD92/group.sig
./SWBD92/release.plist.sig
./SWBD92/v7.3.2a.sig
./SWBD92/development.plist.sig
./SWBD92/nfdiag.plist.sig
./SWBD92/release.xml.sig
./SWBD92/tar_file_list.sig
./SWBD109/preinst.sig
./SWBD109/prefwdl.sig
./SWBD109/ending_instructions.sig
./SWBD109/group.sig
./SWBD109/release.plist.sig
./SWBD109/v7.3.2a.sig
./SWBD109/development.plist.sig
./SWBD109/nfdiag.plist.sig
./SWBD109/release.xml.sig
./SWBD109/tar_file_list.sig
./SWBD117/preinst.sig
./SWBD117/prefwdl.sig
./SWBD117/ending_instructions.sig
./SWBD117/group.sig
./SWBD117/release.plist.sig
./SWBD117/v7.3.2a.sig
./SWBD117/development.plist.sig
./SWBD117/nfdiag.plist.sig
./SWBD117/release.xml.sig
./SWBD117/tar_file_list.sig
./SWBD118/preinst.sig
./SWBD118/prefwdl.sig
./SWBD118/ending_instructions.sig
./SWBD118/group.sig
./SWBD118/release.plist.sig
./SWBD118/v7.3.2a.sig
./SWBD118/development.plist.sig
./SWBD118/nfdiag.plist.sig
./SWBD118/release.xml.sig
./SWBD118/tar_file_list.sig
./SWBD124/preinst.sig
./SWBD124/prefwdl.sig
./SWBD124/ending_instructions.sig
./SWBD124/group.sig
./SWBD124/install.sig
./SWBD124/release.plist.sig
./SWBD124/v7.3.2a.sig
./SWBD124/development.plist.sig
./SWBD124/nfdiag.plist.sig
./SWBD124/release.xml.sig
./SWBD124/tar_file_list.sig
./SWBD125/preinst.sig
./SWBD125/prefwdl.sig
./SWBD125/ending_instructions.sig
./SWBD125/group.sig
./SWBD125/install.sig
./SWBD125/release.plist.sig
./SWBD125/v7.3.2a.sig
./SWBD125/development.plist.sig
./SWBD125/nfdiag.plist.sig
./SWBD125/release.xml.sig
./SWBD125/tar_file_list.sig
./SWBD129/preinst.sig
./SWBD129/prefwdl.sig
./SWBD129/ending_instructions.sig
./SWBD129/group.sig
./SWBD129/release.plist.sig
./SWBD129/v7.3.2a.sig
./SWBD129/development.plist.sig
./SWBD129/nfdiag.plist.sig
./SWBD129/release.xml.sig
./SWBD129/tar_file_list.sig
./SWBD130/preinst.sig
./SWBD130/prefwdl.sig
./SWBD130/ending_instructions.sig
./SWBD130/group.sig
./SWBD130/release.plist.sig
./SWBD130/v7.3.2a.sig
./SWBD130/development.plist.sig
./SWBD130/nfdiag.plist.sig
./SWBD130/release.xml.sig
./SWBD130/tar_file_list.sig
./SWBD134/preinst.sig
./SWBD134/prefwdl.sig
./SWBD134/ending_instructions.sig
./SWBD134/group.sig
./SWBD134/install.sig
./SWBD134/release.plist.sig
./SWBD134/v7.3.2a.sig
./SWBD134/development.plist.sig
./SWBD134/nfdiag.plist.sig
./SWBD134/release.xml.sig
./SWBD134/tar_file_list.sig
./SWBD149/preinst.sig
./SWBD149/prefwdl.sig
./SWBD149/ending_instructions.sig
./SWBD149/group.sig
./SWBD149/install.sig
./SWBD149/release.plist.sig
./SWBD149/v7.3.2a.sig
./SWBD149/development.plist.sig
./SWBD149/nfdiag.plist.sig
./SWBD149/release.xml.sig
./SWBD149/tar_file_list.sig
./SWBD150/preinst.sig
./SWBD150/prefwdl.sig
./SWBD150/ending_instructions.sig
./SWBD150/group.sig
./SWBD150/release.plist.sig
./SWBD150/v7.3.2a.sig
./SWBD150/development.plist.sig
./SWBD150/nfdiag.plist.sig
./SWBD150/release.xml.sig
./SWBD150/tar_file_list.sig
./SWBD85/version.conf.sig
./SWBD85/prom-440epx-1.0.11-1.ppc.rpm.sig
./SWBD85/kernel-2.6.14.2-3495683394.ppc.rpm.sig
./SWBD85/kernel-debug-2.6.14.2-3495683394.ppc.rpm.sig
./SWBD85/fss-7.3.2a-11.ppc.rpm.sig
./SWBD85/bfos-init-7.3.2a-8.ppc.rpm.sig
./SWBD85/bfos-utils-7.3.2a-7.ppc.rpm.sig
./SWBD85/bfos-drivers-7.3.2a-11.ppc.rpm.sig
./SWBD85/bfos-libs-7.3.2a-8.ppc.rpm.sig
./SWBD85/bfos-daemons-7.3.2a-12.ppc.rpm.sig
./SWBD85/bfos-swbd50-7.3.2a-3.ppc.rpm.sig
./SWBD85/bfos-swbd55-7.3.2a-3.ppc.rpm.sig
./SWBD85/eccrepd-bfos-7.3.2a-10.ppc.rpm.sig
./SWBD85/dev-1.4.0-2.ppc.rpm.sig
./SWBD85/util-linux-2.13o-18.ppc.rpm.sig
./SWBD85/openssh-6.2p1-1.ppc.rpm.sig
./SWBD85/openssh-server-6.2p1-1.ppc.rpm.sig
./SWBD85/openssl-1.0.1e-1.ppc.rpm.sig
./SWBD85/openssl-libs-1.0.1e-1.ppc.rpm.sig
./SWBD85/swbd85-setup-7.3.2a-1.ppc.rpm.sig
./SWBD85/uuid-libs-1.23-4.ppc.rpm.sig
./SWBD85/bfos-swbd85-7.3.2a-3.ppc.rpm.sig
./SWBD85/fabos-minimal-setup-7.3.2a-3.ppc.rpm.sig
./SWBD85/fpga-utils-7.3.2a-03.ppc.rpm.sig
./SWBD85/release.xml.sig
./SWBD85/tar_file_list.sig
./SWBD85/sbin/blockcheck.sig
./SWBD85/prefwdl.sig
./SWBD85/ending_instructions.sig
./SWBD85/group.sig
./SWBD85/release.plist.sig
./SWBD85/v7.3.2a.sig
./SWBD85/development.plist.sig
./SWBD85/nfdiag.plist.sig
./SWBD88/version.conf.sig
./SWBD88/prom-440epx-1.0.11-1.ppc.rpm.sig
./SWBD88/kernel-2.6.14.2-3503180781.ppc.rpm.sig
./SWBD88/kernel-debug-2.6.14.2-3503180781.ppc.rpm.sig
./SWBD88/nfdiag-7.3.2a-3.ppc.rpm.sig
./SWBD88/fss-7.3.2a-11.ppc.rpm.sig
./SWBD88/bfos-init-7.3.2a-8.ppc.rpm.sig
./SWBD88/bfos-utils-7.3.2a-7.ppc.rpm.sig
./SWBD88/bfos-drivers-7.3.2a-11.ppc.rpm.sig
./SWBD88/bfos-libs-7.3.2a-8.ppc.rpm.sig
./SWBD88/bfos-daemons-7.3.2a-12.ppc.rpm.sig
./SWBD88/bfos-swbd50-7.3.2a-3.ppc.rpm.sig
./SWBD88/bfos-swbd55-7.3.2a-3.ppc.rpm.sig
./SWBD88/eccrepd-bfos-7.3.2a-10.ppc.rpm.sig
./SWBD88/dev-1.4.0-2.ppc.rpm.sig
./SWBD88/util-linux-2.13o-18.ppc.rpm.sig
./SWBD88/bfos-swbd88-7.3.2a-3.ppc.rpm.sig
./SWBD88/uuid-libs-1.23-4.ppc.rpm.sig
./SWBD88/fabos-minimal-setup-7.3.2a-3.ppc.rpm.sig
./SWBD88/bfos-fpga-swbd88-1.0.0-@ZEUS_IMAGE_CKSUM@.ppc.rpm.sig
./SWBD88/release.xml.sig
./SWBD88/tar_file_list.sig
./SWBD88/sbin/blockcheck.sig
./SWBD88/prefwdl.sig
./SWBD88/ending_instructions.sig
./SWBD88/group.sig
./SWBD88/release.plist.sig
./SWBD88/v7.3.2a.sig
./SWBD88/development.plist.sig
./SWBD88/nfdiag.plist.sig
./SWBD148/version.conf.sig
./SWBD148/prom-40x0-1.0.0-4.ppc.rpm.sig
./SWBD148/kernel-2_6_34-2.6.34.6-1.ppc.rpm.sig
./SWBD148/kernel-module-usb-2_6_34-2.6.34.6-2943559906.ppc.rpm.sig
./SWBD148/util-linux-2_6_34-2.12o-18.ppc.rpm.sig
./SWBD148/uuid-2_6_34-1.23-5.ppc.rpm.sig
./SWBD148/dir-2_6_34-1.0.4-5.ppc.rpm.sig
./SWBD148/e2fsprogs-2_6_34-1.39-5.ppc.rpm.sig
./SWBD148/fastcgi-2_6_34-2.3-4.ppc.rpm.sig
./SWBD148/iptables-2_6_34-1.4-1.ppc.rpm.sig
./SWBD148/ipv6-2_6_34-1.2-8.ppc.rpm.sig
./SWBD148/ldconfig-2_6_34-2.16.1-4.ppc.rpm.sig
./SWBD148/logrotate-2_6_34-3.5.4-6.ppc.rpm.sig
./SWBD148/nfs-utils-2_6_34-1.0-7.ppc.rpm.sig
./SWBD148/pciutils-2_6_34-2.1.8-4.ppc.rpm.sig
./SWBD148/procps-2_6_34-3.3.0-3.ppc.rpm.sig
./SWBD148/psmisc-2_6_34-19.0.0-5.ppc.rpm.sig
./SWBD148/sendmail-2_6_34-8.9-11.ppc.rpm.sig
./SWBD148/sysstat-2_6_34-5.0.4-8.ppc.rpm.sig
./SWBD148/apache-2.4.6-10.ppc.rpm.sig
./SWBD148/autofs-3.1.7-4.ppc.rpm.sig
./SWBD148/bash-2.05-8.ppc.rpm.sig
./SWBD148/binutils-2.16.1-3.ppc.rpm.sig
./SWBD148/binutils-libs-2.16.1-3.ppc.rpm.sig
./SWBD148/bzip-1.0.2-4.ppc.rpm.sig
./SWBD148/cpio-2.4.3-4.ppc.rpm.sig
./SWBD148/dmalloc-4.6.0-5.ppc.rpm.sig
./SWBD148/diffutils-2.7-4.ppc.rpm.sig
./SWBD148/fileutils-4.1-4.ppc.rpm.sig
./SWBD148/findutils-4.2-4.ppc.rpm.sig
./SWBD148/ftp-0.17-4.ppc.rpm.sig
./SWBD148/getty-2.0.8j-8.ppc.rpm.sig
./SWBD148/grep-2.4.3-4.ppc.rpm.sig
./SWBD148/gzip-1.2.5a-4.ppc.rpm.sig
./SWBD148/hex-1.2-4.ppc.rpm.sig
./SWBD148/inetd-0.18-8.ppc.rpm.sig
./SWBD148/ksymoops-2.4.1-4.ppc.rpm.sig
./SWBD148/less-3.4.1-5.ppc.rpm.sig
./SWBD148/man-1.6g-7.ppc.rpm.sig
./SWBD148/ncftp-3.0.3-6.ppc.rpm.sig
./SWBD148/net-tools-2_6_34-1.58-6.ppc.rpm.sig
./SWBD148/netperf-2.1pl3-4.ppc.rpm.sig
./SWBD148/ntp-5.94e-4.ppc.rpm.sig
./SWBD148/oprofile-0.9.4-1.ppc.rpm.sig
./SWBD148/portmap-5.0-4.ppc.rpm.sig
./SWBD148/rdate-990821.0.1-5.ppc.rpm.sig
./SWBD148/readline-4.2-4.ppc.rpm.sig
./SWBD148/rpm-4.3-5.ppc.rpm.sig
./SWBD148/rsh-0.18-4.ppc.rpm.sig
./SWBD148/rsh-server-0.18-4.ppc.rpm.sig
./SWBD148/rusers-0.18-4.ppc.rpm.sig
./SWBD148/rusers-server-0.18-4.ppc.rpm.sig
./SWBD148/sed-3.03-6.ppc.rpm.sig
./SWBD148/sh-utils-3.0-10.ppc.rpm.sig
./SWBD148/stat-1.0.0d-4.ppc.rpm.sig
./SWBD148/strace-4.3-4.ppc.rpm.sig
./SWBD148/sysklogd-1.5-9.ppc.rpm.sig
./SWBD148/sysvinit-2.79-10.ppc.rpm.sig
./SWBD148/tar-1.13.20-4.ppc.rpm.sig
./SWBD148/rsync-2.6.10-2.ppc.rpm.sig
./SWBD148/tcpd-7.7-4.ppc.rpm.sig
./SWBD148/tcpdump-3.6.2-4.ppc.rpm.sig
./SWBD148/telnet-0.18-7.ppc.rpm.sig
./SWBD148/telnet-server-0.18-7.ppc.rpm.sig
./SWBD148/termcap-1.4-5.ppc.rpm.sig
./SWBD148/terminfo-11.2.1-6.ppc.rpm.sig
./SWBD148/textutils-1.23-4.ppc.rpm.sig
./SWBD148/tftp-0.18-4.ppc.rpm.sig
./SWBD148/tftp-server-0.18-4.ppc.rpm.sig
./SWBD148/tz-7.12-6.ppc.rpm.sig
./SWBD148/pam-0.77-29.ppc.rpm.sig
./SWBD148/uucp-2_6_34-1.06-5.ppc.rpm.sig
./SWBD148/vixie-cron-3.0.2-62_4.ppc.rpm.sig
./SWBD148/wget-1.5.3-4.ppc.rpm.sig
./SWBD148/which-2.13-4.ppc.rpm.sig
./SWBD148/wu-ftpd-2.6.1-4.ppc.rpm.sig
./SWBD148/yp-tools-2.4-4.ppc.rpm.sig
./SWBD148/ypbind-3.3-4.ppc.rpm.sig
./SWBD148/zlib-1.1.5-5.ppc.rpm.sig
./SWBD148/misc-1.0.1-6.ppc.rpm.sig
./SWBD148/popt-1.4-4.ppc.rpm.sig
./SWBD148/iproute2-2.5-10.ppc.rpm.sig
./SWBD148/libxml2-2.6.31-1.ppc.rpm.sig
./SWBD148/sqlite-3.2.2-4.ppc.rpm.sig
./SWBD148/dhcpcd-1.4-4.ppc.rpm.sig
./SWBD148/dhclient-1.1-1.ppc.rpm.sig
./SWBD148/wdtd-1.0.1-5.ppc.rpm.sig
./SWBD148/modutils-3.2-9.ppc.rpm.sig
./SWBD148/awk-3.1.1-6.ppc.rpm.sig
./SWBD148/ipsec-1.1-1.ppc.rpm.sig
./SWBD148/curl-7.19.5-1.ppc.rpm.sig
./SWBD148/tftp-hpa-0.40-1.ppc.rpm.sig
./SWBD148/bootp-2.4.3-1.ppc.rpm.sig
./SWBD148/xercesc-2.8.0-1.ppc.rpm.sig
./SWBD148/hdparm-9.27-1.ppc.rpm.sig
./SWBD148/glibc-te500mc-2.3.6-8.ppc.rpm.sig
./SWBD148/fabos-7.3.2a-15.ppc.rpm.sig
./SWBD148/fabos-daemons-7.3.2a-4.ppc.rpm.sig
./SWBD148/fabos-debug-7.3.2a-6.ppc.rpm.sig
./SWBD148/fabos-diag-7.3.2a-14.ppc.rpm.sig
./SWBD148/fabos-newdiag-7.3.2a-14.ppc.rpm.sig
./SWBD148/fabos-fw-7.3.2a-10.ppc.rpm.sig
./SWBD148/fabos-hmon-7.3.2a-10.ppc.rpm.sig
./SWBD148/fabos-man-7.3.2a-13.ppc.rpm.sig
./SWBD148/fabos-quickloop-7.3.2a-10.ppc.rpm.sig
./SWBD148/fabos-setup-7.3.2a-15.ppc.rpm.sig
./SWBD148/fabos-webtools-7.3.2a-11.ppc.rpm.sig
./SWBD148/fabos-webtoolsez-7.3.2a-3.ppc.rpm.sig
./SWBD148/fabos-wwnhs-7.3.2a-10.ppc.rpm.sig
./SWBD148/fabos-zoning-7.3.2a-10.ppc.rpm.sig
./SWBD148/nfdiag-7.3.2a-3.ppc.rpm.sig
./SWBD148/fabos-libs-swbd141-7.3.2a-11.ppc.rpm.sig
./SWBD148/fabos-drivers-7.3.2a-11.ppc.rpm.sig
./SWBD148/fabos-drivers-swbd141-7.3.2a-11.ppc.rpm.sig
./SWBD148/bootenv-1.0.3-7.ppc.rpm.sig
./SWBD148/chkconfig-1.0.1-7.ppc.rpm.sig
./SWBD148/fwdl-7.3.2a-47.ppc.rpm.sig
./SWBD148/sin-1.1.1-6.ppc.rpm.sig
./SWBD148/rcinit-1.1.5-9.ppc.rpm.sig
./SWBD148/openssh-6.2p1-1.ppc.rpm.sig
./SWBD148/openssh-server-6.2p1-1.ppc.rpm.sig
./SWBD148/openssl-1.0.1e-1.ppc.rpm.sig
./SWBD148/openssl-libs-1.0.1e-1.ppc.rpm.sig
./SWBD148/fss-7.3.2a-11.ppc.rpm.sig
./SWBD148/eccrepd-7.3.2a-10.ppc.rpm.sig
./SWBD148/dev-1.4.1-2.ppc.rpm.sig
./SWBD148/mkfastmdt-0.1-1.ppc.rpm.sig
./SWBD148/sysrmd-1.0-1.ppc.rpm.sig
./SWBD148/hvconsole-7.3.2a-2.ppc.rpm.sig
./SWBD148/swbd148-setup-1.3.4-4.ppc.rpm.sig
./SWBD148/setup-2_6_34-7.3.2a-27.ppc.rpm.sig
./SWBD148/fabos-swbd148-7.3.2a-10.ppc.rpm.sig
./SWBD148/fabos-routing-7.3.2a-10.ppc.rpm.sig
./SWBD148/fabos-vf-7.3.2a-10.ppc.rpm.sig
./SWBD148/kernel-module-net-2.6.34.6-2943559906.ppc.rpm.sig
./SWBD148/hss-diag-7.3.2a-10.ppc.rpm.sig
./SWBD148/hss-diag-scripts-7.3.2a-10.ppc.rpm.sig
./SWBD148/release.xml.sig
./SWBD148/tar_file_list.sig
./SWBD148/sbin/create_release_file.sig
./SWBD148/sbin/blockcheck.sig
./SWBD148/preinst.sig
./SWBD148/prefwdl.sig
./SWBD148/ending_instructions.sig
./SWBD148/group.sig
./SWBD148/release.plist.sig
./SWBD148/v7.3.2a.sig
./SWBD148/development.plist.sig
./SWBD148/nfdiag.plist.sig
./fw_files.log.sig
./sig_files.log.sig
