./SWBD21/version.conf
./SWBD21/swbd23-prom-4.6.6-1.ppc.rpm
./SWBD21/kernel-2.6.14.2-5052536.ppc.rpm
./SWBD21/kernel-debug-2.6.14.2-5052536.ppc.rpm
./SWBD21/kernel-xfs-2.6.14.2-5052536.ppc.rpm
./SWBD21/kernel-xfs-debug-2.6.14.2-5052536.ppc.rpm
./SWBD21/fabos-7.2.1g-13.ppc.rpm
./SWBD21/fabos-daemons-7.2.1g-3.ppc.rpm
./SWBD21/fabos-debug-7.2.1g-6.ppc.rpm
./SWBD21/fabos-diag-7.2.1g-13.ppc.rpm
./SWBD21/fabos-newdiag-7.2.1g-13.ppc.rpm
./SWBD21/fabos-drivers-7.2.1g-11.ppc.rpm
./SWBD21/fabos-fw-7.2.1g-10.ppc.rpm
./SWBD21/fabos-hmon-7.2.1g-10.ppc.rpm
./SWBD21/fabos-libs-7.2.1g-11.ppc.rpm
./SWBD21/fabos-man-7.2.1g-13.ppc.rpm
./SWBD21/fabos-quickloop-7.2.1g-10.ppc.rpm
./SWBD21/fabos-setup-7.2.1g-15.ppc.rpm
./SWBD21/fabos-webtools-7.2.1g-11.ppc.rpm
./SWBD21/fabos-webtoolsez-7.2.1g-3.ppc.rpm
./SWBD21/fabos-wwnhs-7.2.1g-10.ppc.rpm
./SWBD21/fabos-zoning-7.2.1g-10.ppc.rpm
./SWBD21/nfdiag-7.2.1g-3.ppc.rpm
./SWBD21/bootenv-1.0.3-7.ppc.rpm
./SWBD21/chkconfig-1.0.1-7.ppc.rpm
./SWBD21/fwdl-7.2.1g-47.ppc.rpm
./SWBD21/sin-1.1.1-6.ppc.rpm
./SWBD21/mtracer-tool-2.4.20-13.ppc.rpm
./SWBD21/rcinit-1.1.5-9.ppc.rpm
./SWBD21/setup-7.2.1g-28.ppc.rpm
./SWBD21/openssh-5.3p1-11.ppc.rpm
./SWBD21/openssh-server-5.3p1-11.ppc.rpm
./SWBD21/openssl-0.9.9-2.ppc.rpm
./SWBD21/openssl-libs-0.9.9-2.ppc.rpm
./SWBD21/fss-7.2.1g-11.ppc.rpm
./SWBD21/eccrepd-7.2.1g-10.ppc.rpm
./SWBD21/dev-1.4.0-2.ppc.rpm
./SWBD21/uuid-libs-1.23-4.ppc.rpm
./SWBD21/util-linux-2.13o-18.ppc.rpm
./SWBD21/swbd21-drivers-2.4.20-4.ppc.rpm
./SWBD21/fabos-swbd70-7.2.1g-10.ppc.rpm
./SWBD21/swbd12-setup-1.3.5-4.ppc.rpm
./SWBD21/kernel-module-ipsec-2.6.14.2-5052536.ppc.rpm
./SWBD21/gcov-1.1.0-5.ppc.rpm
./SWBD21/sbin/blockcheck
./SWBD21/bpmac
./SWBD70/preinst
./SWBD70/prefwdl
./SWBD70/ending_instructions
./SWBD70/group
./SWBD70/install
./SWBD70/release.plist
./SWBD70/v7.2.1g
./SWBD70/development.plist
./SWBD70/nfdiag.plist
./SWBD70/release.xml
./SWBD70/tar_file_list
./common/oss/apache-1.3.32-10.ppc.rpm
./common/oss/autofs-3.1.7-4.ppc.rpm
./common/oss/bash-2.05-8.ppc.rpm
./common/oss/binutils-2.16.1-3.ppc.rpm
./common/oss/binutils-libs-2.16.1-3.ppc.rpm
./common/oss/bzip-1.0.2-4.ppc.rpm
./common/oss/cpio-2.4.3-4.ppc.rpm
./common/oss/dmalloc-4.6.0-5.ppc.rpm
./common/oss/diffutils-2.7-4.ppc.rpm
./common/oss/dir-1.0.5-5.ppc.rpm
./common/oss/e2fsprogs-1.39-5.ppc.rpm
./common/oss/fileutils-4.1-4.ppc.rpm
./common/oss/findutils-4.2-4.ppc.rpm
./common/oss/ftp-0.17-4.ppc.rpm
./common/oss/getty-2.0.8j-8.ppc.rpm
./common/oss/glibc-2.3.7-8.ppc.rpm
./common/oss/glibc-linuxthreads-2.3.7-3.ppc.rpm
./common/oss/grep-2.4.3-4.ppc.rpm
./common/oss/gzip-1.2.5a-4.ppc.rpm
./common/oss/hex-1.2-4.ppc.rpm
./common/oss/inetd-0.18-8.ppc.rpm
./common/oss/iptables-1.4-1.ppc.rpm
./common/oss/ksymoops-2.4.1-4.ppc.rpm
./common/oss/ldconfig-2.16.2-4.ppc.rpm
./common/oss/less-3.4.1-5.ppc.rpm
./common/oss/man-1.6g-7.ppc.rpm
./common/oss/ncftp-3.0.3-6.ppc.rpm
./common/oss/net-tools-1.58-6.ppc.rpm
./common/oss/netperf-2.1pl3-4.ppc.rpm
./common/oss/ntp-5.94e-4.ppc.rpm
./common/oss/oprofile-0.9.4-1.ppc.rpm
./common/oss/parted-1.4.18-4.ppc.rpm
./common/oss/pciutils-2.1.9-4.ppc.rpm
./common/oss/portmap-5.0-4.ppc.rpm
./common/oss/procps-3.3.1-3.ppc.rpm
./common/oss/psmisc-19.0.1-5.ppc.rpm
./common/oss/rdate-990821.0.1-5.ppc.rpm
./common/oss/readline-4.2-4.ppc.rpm
./common/oss/rpm-4.3-5.ppc.rpm
./common/oss/rsh-0.18-4.ppc.rpm
./common/oss/rsh-server-0.18-4.ppc.rpm
./common/oss/rusers-0.18-4.ppc.rpm
./common/oss/rusers-server-0.18-4.ppc.rpm
./common/oss/sed-3.03-6.ppc.rpm
./common/oss/sendmail-8.10-11.ppc.rpm
./common/oss/sh-utils-3.0-10.ppc.rpm
./common/oss/stat-1.0.0d-4.ppc.rpm
./common/oss/strace-4.3-4.ppc.rpm
./common/oss/sysklogd-1.5-9.ppc.rpm
./common/oss/sysvinit-2.79-10.ppc.rpm
./common/oss/tar-1.13.20-4.ppc.rpm
./common/oss/rsync-2.6.10-2.ppc.rpm
./common/oss/tcpd-7.7-4.ppc.rpm
./common/oss/tcpdump-3.6.2-4.ppc.rpm
./common/oss/telnet-0.18-7.ppc.rpm
./common/oss/telnet-server-0.18-7.ppc.rpm
./common/oss/termcap-1.4-5.ppc.rpm
./common/oss/terminfo-11.2.1-6.ppc.rpm
./common/oss/textutils-1.23-4.ppc.rpm
./common/oss/tftp-0.18-4.ppc.rpm
./common/oss/tftp-server-0.18-4.ppc.rpm
./common/oss/tz-7.12-6.ppc.rpm
./common/oss/pam-0.77-29.ppc.rpm
./common/oss/uucp-1.07-6.ppc.rpm
./common/oss/vixie-cron-3.0.2-62_4.ppc.rpm
./common/oss/wget-1.5.3-4.ppc.rpm
./common/oss/which-2.13-4.ppc.rpm
./common/oss/wu-ftpd-2.6.1-4.ppc.rpm
./common/oss/yp-tools-2.4-4.ppc.rpm
./common/oss/ypbind-3.3-4.ppc.rpm
./common/oss/zlib-1.1.5-5.ppc.rpm
./common/oss/misc-1.0.1-6.ppc.rpm
./common/oss/popt-1.4-4.ppc.rpm
./common/oss/logrotate-3.5.5-6.ppc.rpm
./common/oss/fastcgi-2.3-4.ppc.rpm
./common/oss/ltt-0.9.5a-4.ppc.rpm
./common/oss/iproute2-2.5-10.ppc.rpm
./common/oss/libxml2-2.6.31-1.ppc.rpm
./common/oss/sysstat-5.0.5-8.ppc.rpm
./common/oss/sqlite-3.2.2-4.ppc.rpm
./common/oss/dhcpcd-1.4-4.ppc.rpm
./common/oss/dhclient-1.1-1.ppc.rpm
./common/oss/wdtd-1.0.1-5.ppc.rpm
./common/oss/modutils-3.2-9.ppc.rpm
./common/oss/ipv6-1.3-8.ppc.rpm
./common/oss/awk-3.1.1-6.ppc.rpm
./common/oss/nfs-utils-1.0-9.ppc.rpm
./common/oss/traceroute-1.4a12-12.ppc.rpm
./common/oss/ipsec-1.1-1.ppc.rpm
./common/oss/curl-7.19.5-1.ppc.rpm
./common/oss/tftp-hpa-0.40-1.ppc.rpm
./common/oss/bootp-2.4.3-1.ppc.rpm
./common/oss/pcsc-lite-1.5-3.ppc.rpm
./common/oss/xercesc-2.8.0-1.ppc.rpm
./common/oss/ossimage-7.2.1g-1.ppc.rpm
./common/oss/minicom-2.1-2.7.ppc.rpm
./common/BP/bpimage-swbd55-7.2.1g-1.ppc.rpm
./common/BP/bpimage-swbd68-7.2.1g-1.ppc.rpm
./common/BP/bpimage-swbd89-7.2.1g-1.ppc.rpm
./common/BP/bpimage-swbd36-7.2.1g-1.ppc.rpm
./common/BP/bpimage-swbd47-7.2.1g-1.ppc.rpm
./common/BP/bpimage-swbd63-7.2.1g-1.ppc.rpm
./common/BP/bpimage-swbd88-7.2.1g-1.ppc.rpm
./common/BP/bpimage-swbd85-7.2.1g-1.ppc.rpm
./install
./install_verify
./sbin/create_release_file
./platform_names
./app_names
./pubkey.pem
./pubkey2k.pem
./SWBD55/version.conf
./SWBD55/prom-8548-1.0.16-1.ppc.rpm
./SWBD55/prom-1250-1.0.16-6.ppc.rpm
./SWBD55/kernel-2.6.14.2-3315077235.ppc.rpm
./SWBD55/kernel-debug-2.6.14.2-3315077235.ppc.rpm
./SWBD55/fss-7.2.1g-11.ppc.rpm
./SWBD55/bfos-init-7.2.1g-8.ppc.rpm
./SWBD55/bfos-utils-7.2.1g-7.ppc.rpm
./SWBD55/bfos-drivers-7.2.1g-11.ppc.rpm
./SWBD55/bfos-libs-7.2.1g-8.ppc.rpm
./SWBD55/bfos-daemons-7.2.1g-12.ppc.rpm
./SWBD55/bfos-swbd36-7.2.1g-3.ppc.rpm
./SWBD55/bfos-swbd47-7.2.1g-3.ppc.rpm
./SWBD55/bfos-swbd50-7.2.1g-3.ppc.rpm
./SWBD55/bfos-swbd55-7.2.1g-3.ppc.rpm
./SWBD55/eccrepd-bfos-7.2.1g-10.ppc.rpm
./SWBD55/dev-1.4.0-2.ppc.rpm
./SWBD55/uuid-libs-1.23-4.ppc.rpm
./SWBD55/util-linux-2.13o-18.ppc.rpm
./SWBD55/openssh-5.3p1-11.ppc.rpm
./SWBD55/openssh-server-5.3p1-11.ppc.rpm
./SWBD55/openssh-bp-5.2p1-10.ppc.rpm
./SWBD55/openssh-bp-server-5.2p1-10.ppc.rpm
./SWBD55/openssl-0.9.9-2.ppc.rpm
./SWBD55/openssl-libs-0.9.9-2.ppc.rpm
./SWBD55/swbd55-setup-7.2.1g-1.ppc.rpm
./SWBD55/bfos-swbd68-7.2.1g-9.ppc.rpm
./SWBD55/bfos-swbd89-7.2.1g-9.ppc.rpm
./SWBD55/sp-firmware-7.2.1g-1.ppc.rpm
./SWBD55/fpga-utils-7.2.1g-03.ppc.rpm
./SWBD55/fabos-minimal-setup-7.2.1g-3.ppc.rpm
./SWBD55/kernel-module-net-2.6.14.2-3315077235.ppc.rpm
./SWBD55/fsl8548-brcdecc-module-2.6.14.2-3315077235.ppc.rpm
./SWBD55/gcov-1.1.0-5.ppc.rpm
./SWBD55/sbin/blockcheck
./FabosSDK.tar.gz
./SWBD68/version.conf
./SWBD68/prefwdl
./SWBD68/ending_instructions
./SWBD68/group
./SWBD68/release.plist
./SWBD68/v7.2.1g
./SWBD68/development.plist
./SWBD68/nfdiag.plist
./SWBD68/release.xml
./SWBD68/tar_file_list
./SWBD89/version.conf
./SWBD89/prefwdl
./SWBD89/ending_instructions
./SWBD89/group
./SWBD89/release.plist
./SWBD89/v7.2.1g
./SWBD89/development.plist
./SWBD89/nfdiag.plist
./SWBD89/release.xml
./SWBD89/tar_file_list
./SWBD62/version.conf
./SWBD62/prom-8548-1.0.16-1.ppc.rpm
./SWBD62/kernel-2.6.14.2-1555067271.ppc.rpm
./SWBD62/kernel-debug-2.6.14.2-1555067271.ppc.rpm
./SWBD62/fabos-7.2.1g-13.ppc.rpm
./SWBD62/fabos-daemons-7.2.1g-3.ppc.rpm
./SWBD62/fabos-debug-7.2.1g-6.ppc.rpm
./SWBD62/fabos-diag-7.2.1g-13.ppc.rpm
./SWBD62/fabos-newdiag-7.2.1g-13.ppc.rpm
./SWBD62/fabos-drivers-7.2.1g-11.ppc.rpm
./SWBD62/fabos-fw-7.2.1g-10.ppc.rpm
./SWBD62/fabos-hmon-7.2.1g-10.ppc.rpm
./SWBD62/fabos-libs-7.2.1g-11.ppc.rpm
./SWBD62/fabos-man-7.2.1g-13.ppc.rpm
./SWBD62/fabos-quickloop-7.2.1g-10.ppc.rpm
./SWBD62/fabos-setup-7.2.1g-15.ppc.rpm
./SWBD62/fabos-webtools-7.2.1g-11.ppc.rpm
./SWBD62/fabos-webtoolsez-7.2.1g-3.ppc.rpm
./SWBD62/fabos-wwnhs-7.2.1g-10.ppc.rpm
./SWBD62/fabos-zoning-7.2.1g-10.ppc.rpm
./SWBD62/nfdiag-7.2.1g-3.ppc.rpm
./SWBD62/nfdiag-8548-gpio-7.2.1g-3.ppc.rpm
./SWBD62/bootenv-1.0.3-7.ppc.rpm
./SWBD62/chkconfig-1.0.1-7.ppc.rpm
./SWBD62/fwdl-7.2.1g-47.ppc.rpm
./SWBD62/sin-1.1.1-6.ppc.rpm
./SWBD62/mtracer-tool-2.4.20-13.ppc.rpm
./SWBD62/rcinit-1.1.5-9.ppc.rpm
./SWBD62/setup-7.2.1g-28.ppc.rpm
./SWBD62/openssh-5.3p1-11.ppc.rpm
./SWBD62/openssh-server-5.3p1-11.ppc.rpm
./SWBD62/openssl-0.9.9-2.ppc.rpm
./SWBD62/openssl-libs-0.9.9-2.ppc.rpm
./SWBD62/fss-7.2.1g-11.ppc.rpm
./SWBD62/eccrepd-7.2.1g-10.ppc.rpm
./SWBD62/dev-1.4.0-2.ppc.rpm
./SWBD62/uuid-libs-1.23-4.ppc.rpm
./SWBD62/util-linux-2.13o-18.ppc.rpm
./SWBD62/swbd21-setup-1.3.4-4.ppc.rpm
./SWBD62/fabos-swbd62-7.2.1g-10.ppc.rpm
./SWBD62/fabos-swbd64-7.2.1g-1.ppc.rpm
./SWBD62/fabos-swbd67-7.2.1g-10.ppc.rpm
./SWBD62/fabos-swbd133-7.2.1g-1.ppc.rpm
./SWBD62/fabos-routing-7.2.1g-10.ppc.rpm
./SWBD62/fabos-vf-7.2.1g-10.ppc.rpm
./SWBD62/kernel-module-usb-2.6.14.2-1555067271.ppc.rpm
./SWBD62/kernel-module-net-2.6.14.2-1555067271.ppc.rpm
./SWBD62/fsl8548-brcdecc-module-2.6.14.2-1555067271.ppc.rpm
./SWBD62/hss-diag-7.2.1g-10.ppc.rpm
./SWBD62/hss-diag-scripts-7.2.1g-10.ppc.rpm
./SWBD62/gcov-1.1.0-5.ppc.rpm
./SWBD62/preinst
./SWBD62/prefwdl
./SWBD62/ending_instructions
./SWBD62/group
./SWBD62/release.plist
./SWBD62/v7.2.1g
./SWBD62/development.plist
./SWBD62/nfdiag.plist
./SWBD62/release.xml
./SWBD62/tar_file_list
./SWBD62/sbin/blockcheck
./SWBD64/version.conf
./SWBD64/preinst
./SWBD64/prefwdl
./SWBD64/ending_instructions
./SWBD64/group
./SWBD64/release.plist
./SWBD64/v7.2.1g
./SWBD64/development.plist
./SWBD64/nfdiag.plist
./SWBD64/release.xml
./SWBD64/tar_file_list
./SWBD67/version.conf
./SWBD67/preinst
./SWBD67/prefwdl
./SWBD67/ending_instructions
./SWBD67/group
./SWBD67/release.plist
./SWBD67/v7.2.1g
./SWBD67/development.plist
./SWBD67/nfdiag.plist
./SWBD67/release.xml
./SWBD67/tar_file_list
./SWBD77/version.conf
./SWBD77/preinst
./SWBD77/prefwdl
./SWBD77/ending_instructions
./SWBD77/group
./SWBD77/release.plist
./SWBD77/v7.2.1g
./SWBD77/development.plist
./SWBD77/nfdiag.plist
./SWBD77/release.xml
./SWBD77/tar_file_list
./SWBD133/version.conf
./SWBD133/preinst
./SWBD133/prefwdl
./SWBD133/ending_instructions
./SWBD133/group
./SWBD133/release.plist
./SWBD133/v7.2.1g
./SWBD133/development.plist
./SWBD133/nfdiag.plist
./SWBD133/release.xml
./SWBD133/tar_file_list
./SWBD63/version.conf
./SWBD63/prom-8548-1.0.16-1.ppc.rpm
./SWBD63/kernel-2.6.14.2-832984870.ppc.rpm
./SWBD63/kernel-debug-2.6.14.2-832984870.ppc.rpm
./SWBD63/fabos-7.2.1g-13.ppc.rpm
./SWBD63/fabos-daemons-7.2.1g-3.ppc.rpm
./SWBD63/fabos-debug-7.2.1g-6.ppc.rpm
./SWBD63/fabos-diag-7.2.1g-13.ppc.rpm
./SWBD63/fabos-newdiag-7.2.1g-13.ppc.rpm
./SWBD63/fabos-drivers-7.2.1g-11.ppc.rpm
./SWBD63/fabos-fw-7.2.1g-10.ppc.rpm
./SWBD63/fabos-hmon-7.2.1g-10.ppc.rpm
./SWBD63/fabos-libs-7.2.1g-11.ppc.rpm
./SWBD63/fabos-man-7.2.1g-13.ppc.rpm
./SWBD63/fabos-quickloop-7.2.1g-10.ppc.rpm
./SWBD63/fabos-setup-7.2.1g-15.ppc.rpm
./SWBD63/fabos-webtoolsez-7.2.1g-3.ppc.rpm
./SWBD63/fabos-wwnhs-7.2.1g-10.ppc.rpm
./SWBD63/nfdiag-7.2.1g-3.ppc.rpm
./SWBD63/bootenv-1.0.3-7.ppc.rpm
./SWBD63/chkconfig-1.0.1-7.ppc.rpm
./SWBD63/fwdl-7.2.1g-47.ppc.rpm
./SWBD63/sin-1.1.1-6.ppc.rpm
./SWBD63/mtracer-tool-2.4.20-13.ppc.rpm
./SWBD63/rcinit-1.1.5-9.ppc.rpm
./SWBD63/setup-7.2.1g-28.ppc.rpm
./SWBD63/openssh-5.3p1-11.ppc.rpm
./SWBD63/openssh-server-5.3p1-11.ppc.rpm
./SWBD63/openssl-0.9.9-2.ppc.rpm
./SWBD63/openssl-libs-0.9.9-2.ppc.rpm
./SWBD63/fss-7.2.1g-11.ppc.rpm
./SWBD63/eccrepd-7.2.1g-10.ppc.rpm
./SWBD63/dev-1.4.0-2.ppc.rpm
./SWBD63/uuid-libs-1.23-4.ppc.rpm
./SWBD63/util-linux-2.13o-18.ppc.rpm
./SWBD63/swbd21-setup-1.3.4-4.ppc.rpm
./SWBD63/fabos-swbd63-7.2.1g-1.ppc.rpm
./SWBD63/fabos-routing-7.2.1g-10.ppc.rpm
./SWBD63/kernel-module-usb-2.6.14.2-832984870.ppc.rpm
./SWBD63/fsl8548-brcdecc-module-2.6.14.2-832984870.ppc.rpm
./SWBD63/hss-diag-7.2.1g-10.ppc.rpm
./SWBD63/hss-diag-scripts-7.2.1g-10.ppc.rpm
./SWBD63/gcov-1.1.0-5.ppc.rpm
./SWBD63/preinst
./SWBD63/prefwdl
./SWBD63/ending_instructions
./SWBD63/group
./SWBD63/release.plist
./SWBD63/v7.2.1g
./SWBD63/development.plist
./SWBD63/nfdiag.plist
./SWBD63/release.xml
./SWBD63/tar_file_list
./SWBD63/sbin/blockcheck
./SWBD71/prom-440epx-1.0.11-1.ppc.rpm
./SWBD71/kernel-2.6.14.2-2682676800.ppc.rpm
./SWBD71/kernel-debug-2.6.14.2-2682676800.ppc.rpm
./SWBD71/fabos-7.2.1g-13.ppc.rpm
./SWBD71/fabos-daemons-7.2.1g-3.ppc.rpm
./SWBD71/fabos-debug-7.2.1g-6.ppc.rpm
./SWBD71/fabos-diag-7.2.1g-13.ppc.rpm
./SWBD71/fabos-newdiag-7.2.1g-13.ppc.rpm
./SWBD71/fabos-drivers-7.2.1g-11.ppc.rpm
./SWBD71/fabos-fw-7.2.1g-10.ppc.rpm
./SWBD71/fabos-hmon-7.2.1g-10.ppc.rpm
./SWBD71/fabos-libs-7.2.1g-11.ppc.rpm
./SWBD71/fabos-man-7.2.1g-13.ppc.rpm
./SWBD71/fabos-quickloop-7.2.1g-10.ppc.rpm
./SWBD71/fabos-setup-7.2.1g-15.ppc.rpm
./SWBD71/fabos-webtools-7.2.1g-11.ppc.rpm
./SWBD71/fabos-webtoolsez-7.2.1g-3.ppc.rpm
./SWBD71/fabos-wwnhs-7.2.1g-10.ppc.rpm
./SWBD71/fabos-zoning-7.2.1g-10.ppc.rpm
./SWBD71/nfdiag-7.2.1g-3.ppc.rpm
./SWBD71/bootenv-1.0.3-7.ppc.rpm
./SWBD71/chkconfig-1.0.1-7.ppc.rpm
./SWBD71/fwdl-7.2.1g-47.ppc.rpm
./SWBD71/sin-1.1.1-6.ppc.rpm
./SWBD71/mtracer-tool-2.4.20-13.ppc.rpm
./SWBD71/rcinit-1.1.5-9.ppc.rpm
./SWBD71/setup-7.2.1g-28.ppc.rpm
./SWBD71/openssh-5.3p1-11.ppc.rpm
./SWBD71/openssh-server-5.3p1-11.ppc.rpm
./SWBD71/openssl-0.9.9-2.ppc.rpm
./SWBD71/openssl-libs-0.9.9-2.ppc.rpm
./SWBD71/fss-7.2.1g-11.ppc.rpm
./SWBD71/eccrepd-7.2.1g-10.ppc.rpm
./SWBD71/dev-1.4.0-2.ppc.rpm
./SWBD71/uuid-libs-1.23-4.ppc.rpm
./SWBD71/util-linux-2.13o-18.ppc.rpm
./SWBD71/fabos-routing-7.2.1g-10.ppc.rpm
./SWBD71/fabos-vf-7.2.1g-10.ppc.rpm
./SWBD71/swbd21-drivers-2.4.20-4.ppc.rpm
./SWBD71/fabos-swbd71-7.2.1g-3.ppc.rpm
./SWBD71/fabos-swbd66-7.2.1g-3.ppc.rpm
./SWBD71/fabos-swbd92-7.2.1g-3.ppc.rpm
./SWBD71/fabos-swbd72-7.2.1g-3.ppc.rpm
./SWBD71/fabos-swbd83-7.2.1g-1.ppc.rpm
./SWBD71/fabos-swbd73-7.2.1g-3.ppc.rpm
./SWBD71/fabos-swbd75-7.2.1g-3.ppc.rpm
./SWBD71/fabos-swbd86-7.2.1g-3.ppc.rpm
./SWBD71/fabos-swbd87-7.2.1g-3.ppc.rpm
./SWBD71/fabos-swbd109-7.2.1g-1.ppc.rpm
./SWBD71/fabos-swbd117-7.2.1g-2.ppc.rpm
./SWBD71/fabos-swbd118-7.2.1g-1.ppc.rpm
./SWBD71/fabos-swbd124-7.2.1g-1.ppc.rpm
./SWBD71/fabos-swbd125-7.2.1g-1.ppc.rpm
./SWBD71/fabos-swbd129-7.2.1g-3.ppc.rpm
./SWBD71/fabos-swbd130-7.2.1g-3.ppc.rpm
./SWBD71/serdes-swbd130-7.2.1g-3.ppc.rpm
./SWBD71/fabos-swbd134-7.2.1g-1.ppc.rpm
./SWBD71/swbd134-setup-1.3.4-9.ppc.rpm
./SWBD71/swbd12-setup-1.3.5-4.ppc.rpm
./SWBD71/swbd21-setup-1.3.4-4.ppc.rpm
./SWBD71/swbd73-setup-7.2.1g-2.ppc.rpm
./SWBD71/nfdiag-setup-7.2.1g-28.ppc.rpm
./SWBD71/kernel-module-usb-2.6.14.2-2682676800.ppc.rpm
./SWBD71/kernel-module-nf-2.6.14.2-2682676800.ppc.rpm
./SWBD71/hss-diag-7.2.1g-10.ppc.rpm
./SWBD71/hss-diag-scripts-7.2.1g-10.ppc.rpm
./SWBD71/gcov-1.1.0-5.ppc.rpm
./SWBD71/preinst
./SWBD71/prefwdl
./SWBD71/ending_instructions
./SWBD71/group
./SWBD71/release.plist
./SWBD71/v7.2.1g
./SWBD71/development.plist
./SWBD71/nfdiag.plist
./SWBD71/release.xml
./SWBD71/tar_file_list
./SWBD71/sbin/blockcheck
./SWBD66/preinst
./SWBD66/prefwdl
./SWBD66/ending_instructions
./SWBD66/group
./SWBD66/release.plist
./SWBD66/v7.2.1g
./SWBD66/development.plist
./SWBD66/nfdiag.plist
./SWBD66/release.xml
./SWBD66/tar_file_list
./SWBD72/preinst
./SWBD72/prefwdl
./SWBD72/ending_instructions
./SWBD72/group
./SWBD72/install
./SWBD72/release.plist
./SWBD72/v7.2.1g
./SWBD72/development.plist
./SWBD72/nfdiag.plist
./SWBD72/release.xml
./SWBD72/tar_file_list
./SWBD73/preinst
./SWBD73/prefwdl
./SWBD73/ending_instructions
./SWBD73/group
./SWBD73/release.plist
./SWBD73/v7.2.1g
./SWBD73/development.plist
./SWBD73/nfdiag.plist
./SWBD73/release.xml
./SWBD73/tar_file_list
./SWBD75/preinst
./SWBD75/prefwdl
./SWBD75/ending_instructions
./SWBD75/group
./SWBD75/release.plist
./SWBD75/v7.2.1g
./SWBD75/development.plist
./SWBD75/nfdiag.plist
./SWBD75/release.xml
./SWBD75/tar_file_list
./SWBD83/version.conf
./SWBD83/preinst
./SWBD83/prefwdl
./SWBD83/ending_instructions
./SWBD83/group
./SWBD83/release.plist
./SWBD83/v7.2.1g
./SWBD83/development.plist
./SWBD83/nfdiag.plist
./SWBD83/release.xml
./SWBD83/tar_file_list
./SWBD86/preinst
./SWBD86/prefwdl
./SWBD86/ending_instructions
./SWBD86/group
./SWBD86/install
./SWBD86/release.plist
./SWBD86/v7.2.1g
./SWBD86/development.plist
./SWBD86/nfdiag.plist
./SWBD86/release.xml
./SWBD86/tar_file_list
./SWBD87/preinst
./SWBD87/prefwdl
./SWBD87/ending_instructions
./SWBD87/group
./SWBD87/install
./SWBD87/release.plist
./SWBD87/v7.2.1g
./SWBD87/development.plist
./SWBD87/nfdiag.plist
./SWBD87/release.xml
./SWBD87/tar_file_list
./SWBD92/preinst
./SWBD92/prefwdl
./SWBD92/ending_instructions
./SWBD92/group
./SWBD92/release.plist
./SWBD92/v7.2.1g
./SWBD92/development.plist
./SWBD92/nfdiag.plist
./SWBD92/release.xml
./SWBD92/tar_file_list
./SWBD109/preinst
./SWBD109/prefwdl
./SWBD109/ending_instructions
./SWBD109/group
./SWBD109/release.plist
./SWBD109/v7.2.1g
./SWBD109/development.plist
./SWBD109/nfdiag.plist
./SWBD109/release.xml
./SWBD109/tar_file_list
./SWBD117/preinst
./SWBD117/prefwdl
./SWBD117/ending_instructions
./SWBD117/group
./SWBD117/release.plist
./SWBD117/v7.2.1g
./SWBD117/development.plist
./SWBD117/nfdiag.plist
./SWBD117/release.xml
./SWBD117/tar_file_list
./SWBD118/preinst
./SWBD118/prefwdl
./SWBD118/ending_instructions
./SWBD118/group
./SWBD118/release.plist
./SWBD118/v7.2.1g
./SWBD118/development.plist
./SWBD118/nfdiag.plist
./SWBD118/release.xml
./SWBD118/tar_file_list
./SWBD124/preinst
./SWBD124/prefwdl
./SWBD124/ending_instructions
./SWBD124/group
./SWBD124/install
./SWBD124/release.plist
./SWBD124/v7.2.1g
./SWBD124/development.plist
./SWBD124/nfdiag.plist
./SWBD124/release.xml
./SWBD124/tar_file_list
./SWBD125/preinst
./SWBD125/prefwdl
./SWBD125/ending_instructions
./SWBD125/group
./SWBD125/install
./SWBD125/release.plist
./SWBD125/v7.2.1g
./SWBD125/development.plist
./SWBD125/nfdiag.plist
./SWBD125/release.xml
./SWBD125/tar_file_list
./SWBD129/preinst
./SWBD129/prefwdl
./SWBD129/ending_instructions
./SWBD129/group
./SWBD129/release.plist
./SWBD129/v7.2.1g
./SWBD129/development.plist
./SWBD129/nfdiag.plist
./SWBD129/release.xml
./SWBD129/tar_file_list
./SWBD130/preinst
./SWBD130/prefwdl
./SWBD130/ending_instructions
./SWBD130/group
./SWBD130/release.plist
./SWBD130/v7.2.1g
./SWBD130/development.plist
./SWBD130/nfdiag.plist
./SWBD130/release.xml
./SWBD130/tar_file_list
./SWBD134/preinst
./SWBD134/prefwdl
./SWBD134/ending_instructions
./SWBD134/group
./SWBD134/install
./SWBD134/release.plist
./SWBD134/v7.2.1g
./SWBD134/development.plist
./SWBD134/nfdiag.plist
./SWBD134/release.xml
./SWBD134/tar_file_list
./SWBD85/version.conf
./SWBD85/prom-440epx-1.0.11-1.ppc.rpm
./SWBD85/kernel-2.6.14.2-112202616.ppc.rpm
./SWBD85/kernel-debug-2.6.14.2-112202616.ppc.rpm
./SWBD85/fss-7.2.1g-11.ppc.rpm
./SWBD85/bfos-init-7.2.1g-8.ppc.rpm
./SWBD85/bfos-utils-7.2.1g-7.ppc.rpm
./SWBD85/bfos-drivers-7.2.1g-11.ppc.rpm
./SWBD85/bfos-libs-7.2.1g-8.ppc.rpm
./SWBD85/bfos-daemons-7.2.1g-12.ppc.rpm
./SWBD85/bfos-swbd36-7.2.1g-3.ppc.rpm
./SWBD85/bfos-swbd47-7.2.1g-3.ppc.rpm
./SWBD85/bfos-swbd50-7.2.1g-3.ppc.rpm
./SWBD85/bfos-swbd55-7.2.1g-3.ppc.rpm
./SWBD85/eccrepd-bfos-7.2.1g-10.ppc.rpm
./SWBD85/dev-1.4.0-2.ppc.rpm
./SWBD85/uuid-libs-1.23-4.ppc.rpm
./SWBD85/util-linux-2.13o-18.ppc.rpm
./SWBD85/openssh-5.3p1-11.ppc.rpm
./SWBD85/openssh-server-5.3p1-11.ppc.rpm
./SWBD85/openssl-0.9.9-2.ppc.rpm
./SWBD85/openssl-libs-0.9.9-2.ppc.rpm
./SWBD85/swbd85-setup-7.2.1g-1.ppc.rpm
./SWBD85/bfos-swbd85-7.2.1g-3.ppc.rpm
./SWBD85/fabos-minimal-setup-7.2.1g-3.ppc.rpm
./SWBD85/fpga-utils-7.2.1g-03.ppc.rpm
./SWBD85/gcov-1.1.0-5.ppc.rpm
./SWBD85/prefwdl
./SWBD85/ending_instructions
./SWBD85/group
./SWBD85/release.plist
./SWBD85/v7.2.1g
./SWBD85/development.plist
./SWBD85/nfdiag.plist
./SWBD85/release.xml
./SWBD85/tar_file_list
./SWBD85/sbin/blockcheck
./SWBD88/version.conf
./SWBD88/prom-440epx-1.0.11-1.ppc.rpm
./SWBD88/kernel-2.6.14.2-793114270.ppc.rpm
./SWBD88/kernel-debug-2.6.14.2-793114270.ppc.rpm
./SWBD88/nfdiag-7.2.1g-3.ppc.rpm
./SWBD88/fss-7.2.1g-11.ppc.rpm
./SWBD88/bfos-init-7.2.1g-8.ppc.rpm
./SWBD88/bfos-utils-7.2.1g-7.ppc.rpm
./SWBD88/bfos-drivers-7.2.1g-11.ppc.rpm
./SWBD88/bfos-libs-7.2.1g-8.ppc.rpm
./SWBD88/bfos-daemons-7.2.1g-12.ppc.rpm
./SWBD88/bfos-swbd36-7.2.1g-3.ppc.rpm
./SWBD88/bfos-swbd47-7.2.1g-3.ppc.rpm
./SWBD88/bfos-swbd50-7.2.1g-3.ppc.rpm
./SWBD88/bfos-swbd55-7.2.1g-3.ppc.rpm
./SWBD88/eccrepd-bfos-7.2.1g-10.ppc.rpm
./SWBD88/dev-1.4.0-2.ppc.rpm
./SWBD88/uuid-libs-1.23-4.ppc.rpm
./SWBD88/util-linux-2.13o-18.ppc.rpm
./SWBD88/bfos-swbd88-7.2.1g-3.ppc.rpm
./SWBD88/fabos-minimal-setup-7.2.1g-3.ppc.rpm
./SWBD88/bfos-fpga-swbd88-1.0.0-@ZEUS_IMAGE_CKSUM@.ppc.rpm
./SWBD88/gcov-1.1.0-5.ppc.rpm
./SWBD88/prefwdl
./SWBD88/ending_instructions
./SWBD88/group
./SWBD88/release.plist
./SWBD88/v7.2.1g
./SWBD88/development.plist
./SWBD88/nfdiag.plist
./SWBD88/release.xml
./SWBD88/tar_file_list
./SWBD88/sbin/blockcheck
./fw_files.log
./sig_files.log
